[2025-01-06T17:08:44.489+0000] {local_task_job_runner.py:123} INFO - ::group::Pre task execution logs
[2025-01-06T17:08:44.517+0000] {taskinstance.py:2613} INFO - Dependencies all met for dep_context=non-requeueable deps ti=<TaskInstance: kaggle_dag.creating_schema_stg manual__2025-01-06T17:08:39.941636+00:00 [queued]>
[2025-01-06T17:08:44.533+0000] {taskinstance.py:2613} INFO - Dependencies all met for dep_context=requeueable deps ti=<TaskInstance: kaggle_dag.creating_schema_stg manual__2025-01-06T17:08:39.941636+00:00 [queued]>
[2025-01-06T17:08:44.534+0000] {taskinstance.py:2866} INFO - Starting attempt 1 of 1
[2025-01-06T17:08:44.558+0000] {taskinstance.py:2889} INFO - Executing <Task(PostgresOperator): creating_schema_stg> on 2025-01-06 17:08:39.941636+00:00
[2025-01-06T17:08:44.565+0000] {warnings.py:112} WARNING - /home/***/.local/lib/python3.12/site-packages/***/task/task_runner/standard_task_runner.py:70: DeprecationWarning: This process (pid=222) is multi-threaded, use of fork() may lead to deadlocks in the child.
  pid = os.fork()

[2025-01-06T17:08:44.568+0000] {standard_task_runner.py:72} INFO - Started process 223 to run task
[2025-01-06T17:08:44.569+0000] {standard_task_runner.py:104} INFO - Running: ['***', 'tasks', 'run', 'kaggle_dag', 'creating_schema_stg', 'manual__2025-01-06T17:08:39.941636+00:00', '--job-id', '817', '--raw', '--subdir', 'DAGS_FOLDER/kaggle_dag.py', '--cfg-path', '/tmp/tmp3_5gvlaw']
[2025-01-06T17:08:44.572+0000] {standard_task_runner.py:105} INFO - Job 817: Subtask creating_schema_stg
[2025-01-06T17:08:44.644+0000] {task_command.py:467} INFO - Running <TaskInstance: kaggle_dag.creating_schema_stg manual__2025-01-06T17:08:39.941636+00:00 [running]> on host 97bbb29a7501
[2025-01-06T17:08:44.804+0000] {taskinstance.py:3132} INFO - Exporting env vars: AIRFLOW_CTX_DAG_OWNER='***' AIRFLOW_CTX_DAG_ID='kaggle_dag' AIRFLOW_CTX_TASK_ID='creating_schema_stg' AIRFLOW_CTX_EXECUTION_DATE='2025-01-06T17:08:39.941636+00:00' AIRFLOW_CTX_TRY_NUMBER='1' AIRFLOW_CTX_DAG_RUN_ID='manual__2025-01-06T17:08:39.941636+00:00'
[2025-01-06T17:08:44.806+0000] {taskinstance.py:731} INFO - ::endgroup::
[2025-01-06T17:08:44.835+0000] {sql.py:278} INFO - Executing: CREATE SCHEMA IF NOT EXISTS stg;

CREATE TABLE IF NOT EXISTS stg.adv (
daily_time_spent_on_site float,
age SMALLINT,
area_income float,
daily_internet_usage float,
ad_topic_line VARCHAR(55),
city VARCHAR(30),
male SMALLINT,
country VARCHAR(60),
timestamp timestamp,
clicked_on_ad SMALLINT
);
[2025-01-06T17:08:44.854+0000] {base.py:84} INFO - Retrieving connection 'pg_connect'
[2025-01-06T17:08:44.873+0000] {base.py:84} INFO - Retrieving connection 'pg_connect'
[2025-01-06T17:08:44.881+0000] {sql.py:553} INFO - Running statement: CREATE SCHEMA IF NOT EXISTS stg;

CREATE TABLE IF NOT EXISTS stg.adv (
daily_time_spent_on_site float,
age SMALLINT,
area_income float,
daily_internet_usage float,
ad_topic_line VARCHAR(55),
city VARCHAR(30),
male SMALLINT,
country VARCHAR(60),
timestamp timestamp,
clicked_on_ad SMALLINT
);, parameters: None
[2025-01-06T17:08:44.900+0000] {taskinstance.py:340} INFO - ::group::Post task execution logs
[2025-01-06T17:08:44.901+0000] {taskinstance.py:352} INFO - Marking task as SUCCESS. dag_id=kaggle_dag, task_id=creating_schema_stg, run_id=manual__2025-01-06T17:08:39.941636+00:00, execution_date=20250106T170839, start_date=20250106T170844, end_date=20250106T170844
[2025-01-06T17:08:44.945+0000] {local_task_job_runner.py:266} INFO - Task exited with return code 0
[2025-01-06T17:08:44.991+0000] {taskinstance.py:3895} INFO - 1 downstream tasks scheduled from follow-on schedule check
[2025-01-06T17:08:44.997+0000] {local_task_job_runner.py:245} INFO - ::endgroup::
