[2025-01-06T10:18:50.192+0000] {local_task_job_runner.py:123} INFO - ::group::Pre task execution logs
[2025-01-06T10:18:50.231+0000] {taskinstance.py:2613} INFO - Dependencies all met for dep_context=non-requeueable deps ti=<TaskInstance: kaggle_dag.creating_schema_stg manual__2025-01-06T10:18:44.780018+00:00 [queued]>
[2025-01-06T10:18:50.255+0000] {taskinstance.py:2613} INFO - Dependencies all met for dep_context=requeueable deps ti=<TaskInstance: kaggle_dag.creating_schema_stg manual__2025-01-06T10:18:44.780018+00:00 [queued]>
[2025-01-06T10:18:50.256+0000] {taskinstance.py:2866} INFO - Starting attempt 1 of 1
[2025-01-06T10:18:50.288+0000] {taskinstance.py:2889} INFO - Executing <Task(PostgresOperator): creating_schema_stg> on 2025-01-06 10:18:44.780018+00:00
[2025-01-06T10:18:50.298+0000] {warnings.py:112} WARNING - /home/***/.local/lib/python3.12/site-packages/***/task/task_runner/standard_task_runner.py:70: DeprecationWarning: This process (pid=199) is multi-threaded, use of fork() may lead to deadlocks in the child.
  pid = os.fork()

[2025-01-06T10:18:50.303+0000] {standard_task_runner.py:72} INFO - Started process 200 to run task
[2025-01-06T10:18:50.302+0000] {standard_task_runner.py:104} INFO - Running: ['***', 'tasks', 'run', 'kaggle_dag', 'creating_schema_stg', 'manual__2025-01-06T10:18:44.780018+00:00', '--job-id', '785', '--raw', '--subdir', 'DAGS_FOLDER/kaggle_dag.py', '--cfg-path', '/tmp/tmp8akmphdp']
[2025-01-06T10:18:50.305+0000] {standard_task_runner.py:105} INFO - Job 785: Subtask creating_schema_stg
[2025-01-06T10:18:50.410+0000] {task_command.py:467} INFO - Running <TaskInstance: kaggle_dag.creating_schema_stg manual__2025-01-06T10:18:44.780018+00:00 [running]> on host 4f9b54363226
[2025-01-06T10:18:50.599+0000] {taskinstance.py:3132} INFO - Exporting env vars: AIRFLOW_CTX_DAG_OWNER='***' AIRFLOW_CTX_DAG_ID='kaggle_dag' AIRFLOW_CTX_TASK_ID='creating_schema_stg' AIRFLOW_CTX_EXECUTION_DATE='2025-01-06T10:18:44.780018+00:00' AIRFLOW_CTX_TRY_NUMBER='1' AIRFLOW_CTX_DAG_RUN_ID='manual__2025-01-06T10:18:44.780018+00:00'
[2025-01-06T10:18:50.603+0000] {taskinstance.py:731} INFO - ::endgroup::
[2025-01-06T10:18:50.637+0000] {sql.py:278} INFO - Executing: CREATE SCHEMA IF NOT EXISTS stg;


CREATE TABLE IF NOT EXISTS STG.adv ( 
daily_time_spent_on_site float,
age SMALLINT,
area_income float,
daily_internet_usage float,
ad_topic_line VARCHAR,
city VARCHAR,
male SMALLINT,
country VARCHAR,
timestamp timestamp,
clicked_on_ad SMALLINT
);
[2025-01-06T10:18:50.657+0000] {base.py:84} INFO - Retrieving connection 'pg_connect'
[2025-01-06T10:18:50.674+0000] {base.py:84} INFO - Retrieving connection 'pg_connect'
[2025-01-06T10:18:50.682+0000] {sql.py:553} INFO - Running statement: CREATE SCHEMA IF NOT EXISTS stg;


CREATE TABLE IF NOT EXISTS STG.adv ( 
daily_time_spent_on_site float,
age SMALLINT,
area_income float,
daily_internet_usage float,
ad_topic_line VARCHAR,
city VARCHAR,
male SMALLINT,
country VARCHAR,
timestamp timestamp,
clicked_on_ad SMALLINT
);, parameters: None
[2025-01-06T10:18:50.729+0000] {taskinstance.py:340} INFO - ::group::Post task execution logs
[2025-01-06T10:18:50.730+0000] {taskinstance.py:352} INFO - Marking task as SUCCESS. dag_id=kaggle_dag, task_id=creating_schema_stg, run_id=manual__2025-01-06T10:18:44.780018+00:00, execution_date=20250106T101844, start_date=20250106T101850, end_date=20250106T101850
[2025-01-06T10:18:50.762+0000] {local_task_job_runner.py:266} INFO - Task exited with return code 0
[2025-01-06T10:18:50.810+0000] {taskinstance.py:3895} INFO - 0 downstream tasks scheduled from follow-on schedule check
[2025-01-06T10:18:50.821+0000] {local_task_job_runner.py:245} INFO - ::endgroup::
