[2025-01-06T17:36:57.318+0000] {local_task_job_runner.py:123} INFO - ::group::Pre task execution logs
[2025-01-06T17:36:57.363+0000] {taskinstance.py:2613} INFO - Dependencies all met for dep_context=non-requeueable deps ti=<TaskInstance: kaggle_dag.creating_schema_stg manual__2025-01-06T17:36:52.905070+00:00 [queued]>
[2025-01-06T17:36:57.391+0000] {taskinstance.py:2613} INFO - Dependencies all met for dep_context=requeueable deps ti=<TaskInstance: kaggle_dag.creating_schema_stg manual__2025-01-06T17:36:52.905070+00:00 [queued]>
[2025-01-06T17:36:57.393+0000] {taskinstance.py:2866} INFO - Starting attempt 1 of 1
[2025-01-06T17:36:57.435+0000] {taskinstance.py:2889} INFO - Executing <Task(PostgresOperator): creating_schema_stg> on 2025-01-06 17:36:52.905070+00:00
[2025-01-06T17:36:57.445+0000] {warnings.py:112} WARNING - /home/***/.local/lib/python3.12/site-packages/***/task/task_runner/standard_task_runner.py:70: DeprecationWarning: This process (pid=131) is multi-threaded, use of fork() may lead to deadlocks in the child.
  pid = os.fork()

[2025-01-06T17:36:57.448+0000] {standard_task_runner.py:72} INFO - Started process 132 to run task
[2025-01-06T17:36:57.448+0000] {standard_task_runner.py:104} INFO - Running: ['***', 'tasks', 'run', 'kaggle_dag', 'creating_schema_stg', 'manual__2025-01-06T17:36:52.905070+00:00', '--job-id', '847', '--raw', '--subdir', 'DAGS_FOLDER/kaggle_dag.py', '--cfg-path', '/tmp/tmpaxn7j1tk']
[2025-01-06T17:36:57.450+0000] {standard_task_runner.py:105} INFO - Job 847: Subtask creating_schema_stg
[2025-01-06T17:36:57.551+0000] {task_command.py:467} INFO - Running <TaskInstance: kaggle_dag.creating_schema_stg manual__2025-01-06T17:36:52.905070+00:00 [running]> on host f560492d2669
[2025-01-06T17:36:57.815+0000] {taskinstance.py:3132} INFO - Exporting env vars: AIRFLOW_CTX_DAG_OWNER='***' AIRFLOW_CTX_DAG_ID='kaggle_dag' AIRFLOW_CTX_TASK_ID='creating_schema_stg' AIRFLOW_CTX_EXECUTION_DATE='2025-01-06T17:36:52.905070+00:00' AIRFLOW_CTX_TRY_NUMBER='1' AIRFLOW_CTX_DAG_RUN_ID='manual__2025-01-06T17:36:52.905070+00:00'
[2025-01-06T17:36:57.818+0000] {taskinstance.py:731} INFO - ::endgroup::
[2025-01-06T17:36:57.853+0000] {sql.py:278} INFO - Executing: CREATE SCHEMA IF NOT EXISTS stg;

CREATE TABLE IF NOT EXISTS stg.adv (
daily_time_spent_on_site float,
age SMALLINT,
area_income float,
daily_internet_usage float,
ad_topic_line VARCHAR(55),
city VARCHAR(30),
male SMALLINT,
country VARCHAR(60),
timestamp timestamp,
clicked_on_ad SMALLINT
);
[2025-01-06T17:36:57.873+0000] {base.py:84} INFO - Retrieving connection 'pg_connect'
[2025-01-06T17:36:57.889+0000] {base.py:84} INFO - Retrieving connection 'pg_connect'
[2025-01-06T17:36:57.898+0000] {sql.py:553} INFO - Running statement: CREATE SCHEMA IF NOT EXISTS stg;

CREATE TABLE IF NOT EXISTS stg.adv (
daily_time_spent_on_site float,
age SMALLINT,
area_income float,
daily_internet_usage float,
ad_topic_line VARCHAR(55),
city VARCHAR(30),
male SMALLINT,
country VARCHAR(60),
timestamp timestamp,
clicked_on_ad SMALLINT
);, parameters: None
[2025-01-06T17:36:57.921+0000] {taskinstance.py:340} INFO - ::group::Post task execution logs
[2025-01-06T17:36:57.923+0000] {taskinstance.py:352} INFO - Marking task as SUCCESS. dag_id=kaggle_dag, task_id=creating_schema_stg, run_id=manual__2025-01-06T17:36:52.905070+00:00, execution_date=20250106T173652, start_date=20250106T173657, end_date=20250106T173657
[2025-01-06T17:36:57.989+0000] {local_task_job_runner.py:266} INFO - Task exited with return code 0
[2025-01-06T17:36:58.059+0000] {taskinstance.py:3895} INFO - 1 downstream tasks scheduled from follow-on schedule check
[2025-01-06T17:36:58.065+0000] {local_task_job_runner.py:245} INFO - ::endgroup::
