[2025-01-06T17:37:00.408+0000] {local_task_job_runner.py:123} INFO - ::group::Pre task execution logs
[2025-01-06T17:37:00.425+0000] {taskinstance.py:2613} INFO - Dependencies all met for dep_context=non-requeueable deps ti=<TaskInstance: kaggle_dag.get_data_from_kaggle manual__2025-01-06T17:36:52.905070+00:00 [queued]>
[2025-01-06T17:37:00.433+0000] {taskinstance.py:2613} INFO - Dependencies all met for dep_context=requeueable deps ti=<TaskInstance: kaggle_dag.get_data_from_kaggle manual__2025-01-06T17:36:52.905070+00:00 [queued]>
[2025-01-06T17:37:00.433+0000] {taskinstance.py:2866} INFO - Starting attempt 1 of 1
[2025-01-06T17:37:00.448+0000] {taskinstance.py:2889} INFO - Executing <Task(BashOperator): get_data_from_kaggle> on 2025-01-06 17:36:52.905070+00:00
[2025-01-06T17:37:00.453+0000] {warnings.py:112} WARNING - /home/***/.local/lib/python3.12/site-packages/***/task/task_runner/standard_task_runner.py:70: DeprecationWarning: This process (pid=137) is multi-threaded, use of fork() may lead to deadlocks in the child.
  pid = os.fork()

[2025-01-06T17:37:00.454+0000] {standard_task_runner.py:72} INFO - Started process 138 to run task
[2025-01-06T17:37:00.454+0000] {standard_task_runner.py:104} INFO - Running: ['***', 'tasks', 'run', 'kaggle_dag', 'get_data_from_kaggle', 'manual__2025-01-06T17:36:52.905070+00:00', '--job-id', '849', '--raw', '--subdir', 'DAGS_FOLDER/kaggle_dag.py', '--cfg-path', '/tmp/tmpu_fbhfgz']
[2025-01-06T17:37:00.455+0000] {standard_task_runner.py:105} INFO - Job 849: Subtask get_data_from_kaggle
[2025-01-06T17:37:00.524+0000] {task_command.py:467} INFO - Running <TaskInstance: kaggle_dag.get_data_from_kaggle manual__2025-01-06T17:36:52.905070+00:00 [running]> on host f560492d2669
[2025-01-06T17:37:00.609+0000] {taskinstance.py:3132} INFO - Exporting env vars: AIRFLOW_CTX_DAG_OWNER='***' AIRFLOW_CTX_DAG_ID='kaggle_dag' AIRFLOW_CTX_TASK_ID='get_data_from_kaggle' AIRFLOW_CTX_EXECUTION_DATE='2025-01-06T17:36:52.905070+00:00' AIRFLOW_CTX_TRY_NUMBER='1' AIRFLOW_CTX_DAG_RUN_ID='manual__2025-01-06T17:36:52.905070+00:00'
[2025-01-06T17:37:00.610+0000] {taskinstance.py:731} INFO - ::endgroup::
[2025-01-06T17:37:00.623+0000] {subprocess.py:78} INFO - Tmp dir root location: /tmp
[2025-01-06T17:37:00.625+0000] {subprocess.py:88} INFO - Running command: ['/usr/bin/bash', '-c', 'curl -L -o /opt/***/data/advertisement-click-on-ad.zip                  https://www.kaggle.com/api/v1/datasets/download/gabrielsantello/advertisement-click-on-ad\n               ']
[2025-01-06T17:37:00.632+0000] {subprocess.py:99} INFO - Output:
[2025-01-06T17:37:00.640+0000] {subprocess.py:106} INFO -   % Total    % Received % Xferd  Average Speed   Time    Time     Time  Current
[2025-01-06T17:37:00.641+0000] {subprocess.py:106} INFO -                                  Dload  Upload   Total   Spent    Left  Speed
[2025-01-06T17:37:01.150+0000] {subprocess.py:106} INFO -   0     0    0     0    0     0      0      0 --:--:-- --:--:-- --:--:--     0  0     0    0     0    0     0      0      0 --:--:-- --:--:-- --:--:--     0
[2025-01-06T17:37:02.791+0000] {subprocess.py:106} INFO -   0     0    0     0    0     0      0      0 --:--:-- --:--:-- --:--:--     0 40 40319   40 16313    0     0   8907      0  0:00:04  0:00:01  0:00:03 16975100 40319  100 40319    0     0  18742      0  0:00:02  0:00:02 --:--:-- 31499
[2025-01-06T17:37:02.798+0000] {subprocess.py:110} INFO - Command exited with return code 0
[2025-01-06T17:37:02.848+0000] {taskinstance.py:340} INFO - ::group::Post task execution logs
[2025-01-06T17:37:02.850+0000] {taskinstance.py:352} INFO - Marking task as SUCCESS. dag_id=kaggle_dag, task_id=get_data_from_kaggle, run_id=manual__2025-01-06T17:36:52.905070+00:00, execution_date=20250106T173652, start_date=20250106T173700, end_date=20250106T173702
[2025-01-06T17:37:02.919+0000] {local_task_job_runner.py:266} INFO - Task exited with return code 0
[2025-01-06T17:37:02.986+0000] {taskinstance.py:3895} INFO - 1 downstream tasks scheduled from follow-on schedule check
[2025-01-06T17:37:02.992+0000] {local_task_job_runner.py:245} INFO - ::endgroup::
