[2025-01-06T19:18:29.502+0000] {local_task_job_runner.py:123} INFO - ::group::Pre task execution logs
[2025-01-06T19:18:29.540+0000] {taskinstance.py:2613} INFO - Dependencies all met for dep_context=non-requeueable deps ti=<TaskInstance: kaggle_dag.get_data_from_kaggle manual__2025-01-06T19:18:16.983417+00:00 [queued]>
[2025-01-06T19:18:29.560+0000] {taskinstance.py:2613} INFO - Dependencies all met for dep_context=requeueable deps ti=<TaskInstance: kaggle_dag.get_data_from_kaggle manual__2025-01-06T19:18:16.983417+00:00 [queued]>
[2025-01-06T19:18:29.562+0000] {taskinstance.py:2866} INFO - Starting attempt 1 of 1
[2025-01-06T19:18:29.599+0000] {taskinstance.py:2889} INFO - Executing <Task(BashOperator): get_data_from_kaggle> on 2025-01-06 19:18:16.983417+00:00
[2025-01-06T19:18:29.609+0000] {warnings.py:112} WARNING - /home/***/.local/lib/python3.12/site-packages/***/task/task_runner/standard_task_runner.py:70: DeprecationWarning: This process (pid=108) is multi-threaded, use of fork() may lead to deadlocks in the child.
  pid = os.fork()

[2025-01-06T19:18:29.614+0000] {standard_task_runner.py:72} INFO - Started process 109 to run task
[2025-01-06T19:18:29.616+0000] {standard_task_runner.py:104} INFO - Running: ['***', 'tasks', 'run', 'kaggle_dag', 'get_data_from_kaggle', 'manual__2025-01-06T19:18:16.983417+00:00', '--job-id', '860', '--raw', '--subdir', 'DAGS_FOLDER/kaggle_dag.py', '--cfg-path', '/tmp/tmp07ybj06j']
[2025-01-06T19:18:29.619+0000] {standard_task_runner.py:105} INFO - Job 860: Subtask get_data_from_kaggle
[2025-01-06T19:18:29.738+0000] {task_command.py:467} INFO - Running <TaskInstance: kaggle_dag.get_data_from_kaggle manual__2025-01-06T19:18:16.983417+00:00 [running]> on host b5c0ace8ab2f
[2025-01-06T19:18:30.019+0000] {taskinstance.py:3132} INFO - Exporting env vars: AIRFLOW_CTX_DAG_OWNER='***' AIRFLOW_CTX_DAG_ID='kaggle_dag' AIRFLOW_CTX_TASK_ID='get_data_from_kaggle' AIRFLOW_CTX_EXECUTION_DATE='2025-01-06T19:18:16.983417+00:00' AIRFLOW_CTX_TRY_NUMBER='1' AIRFLOW_CTX_DAG_RUN_ID='manual__2025-01-06T19:18:16.983417+00:00'
[2025-01-06T19:18:30.021+0000] {taskinstance.py:731} INFO - ::endgroup::
[2025-01-06T19:18:30.054+0000] {subprocess.py:78} INFO - Tmp dir root location: /tmp
[2025-01-06T19:18:30.056+0000] {subprocess.py:88} INFO - Running command: ['/usr/bin/bash', '-c', 'curl -L -o /opt/***/data/advertisement-click-on-ad.zip                  https://www.kaggle.com/api/v1/datasets/download/gabrielsantello/advertisement-click-on-ad\n               ']
[2025-01-06T19:18:30.080+0000] {subprocess.py:99} INFO - Output:
[2025-01-06T19:18:30.105+0000] {subprocess.py:106} INFO -   % Total    % Received % Xferd  Average Speed   Time    Time     Time  Current
[2025-01-06T19:18:30.108+0000] {subprocess.py:106} INFO -                                  Dload  Upload   Total   Spent    Left  Speed
[2025-01-06T19:18:30.896+0000] {subprocess.py:106} INFO -   0     0    0     0    0     0      0      0 --:--:-- --:--:-- --:--:--     0  0     0    0     0    0     0      0      0 --:--:-- --:--:-- --:--:--     0  0     0    0     0    0     0      0      0 --:--:-- --:--:-- --:--:--     0
[2025-01-06T19:18:32.605+0000] {subprocess.py:106} INFO -   0     0    0     0    0     0      0      0 --:--:--  0:00:01 --:--:--     0100 40319  100 40319    0     0  16122      0  0:00:02  0:00:02 --:--:-- 65559
[2025-01-06T19:18:32.613+0000] {subprocess.py:110} INFO - Command exited with return code 0
[2025-01-06T19:18:32.669+0000] {taskinstance.py:340} INFO - ::group::Post task execution logs
[2025-01-06T19:18:32.670+0000] {taskinstance.py:352} INFO - Marking task as SUCCESS. dag_id=kaggle_dag, task_id=get_data_from_kaggle, run_id=manual__2025-01-06T19:18:16.983417+00:00, execution_date=20250106T191816, start_date=20250106T191829, end_date=20250106T191832
[2025-01-06T19:18:32.731+0000] {local_task_job_runner.py:266} INFO - Task exited with return code 0
[2025-01-06T19:18:32.791+0000] {taskinstance.py:3895} INFO - 1 downstream tasks scheduled from follow-on schedule check
[2025-01-06T19:18:32.797+0000] {local_task_job_runner.py:245} INFO - ::endgroup::
