[2025-01-06T19:18:27.015+0000] {local_task_job_runner.py:123} INFO - ::group::Pre task execution logs
[2025-01-06T19:18:27.063+0000] {taskinstance.py:2613} INFO - Dependencies all met for dep_context=non-requeueable deps ti=<TaskInstance: kaggle_dag.clearing_table_task manual__2025-01-06T19:18:16.983417+00:00 [queued]>
[2025-01-06T19:18:27.105+0000] {taskinstance.py:2613} INFO - Dependencies all met for dep_context=requeueable deps ti=<TaskInstance: kaggle_dag.clearing_table_task manual__2025-01-06T19:18:16.983417+00:00 [queued]>
[2025-01-06T19:18:27.106+0000] {taskinstance.py:2866} INFO - Starting attempt 1 of 1
[2025-01-06T19:18:27.176+0000] {taskinstance.py:2889} INFO - Executing <Task(PostgresOperator): clearing_table_task> on 2025-01-06 19:18:16.983417+00:00
[2025-01-06T19:18:27.191+0000] {warnings.py:112} WARNING - /home/***/.local/lib/python3.12/site-packages/***/task/task_runner/standard_task_runner.py:70: DeprecationWarning: This process (pid=105) is multi-threaded, use of fork() may lead to deadlocks in the child.
  pid = os.fork()

[2025-01-06T19:18:27.194+0000] {standard_task_runner.py:72} INFO - Started process 106 to run task
[2025-01-06T19:18:27.195+0000] {standard_task_runner.py:104} INFO - Running: ['***', 'tasks', 'run', 'kaggle_dag', 'clearing_table_task', 'manual__2025-01-06T19:18:16.983417+00:00', '--job-id', '859', '--raw', '--subdir', 'DAGS_FOLDER/kaggle_dag.py', '--cfg-path', '/tmp/tmp_wr2xrdz']
[2025-01-06T19:18:27.197+0000] {standard_task_runner.py:105} INFO - Job 859: Subtask clearing_table_task
[2025-01-06T19:18:27.331+0000] {task_command.py:467} INFO - Running <TaskInstance: kaggle_dag.clearing_table_task manual__2025-01-06T19:18:16.983417+00:00 [running]> on host b5c0ace8ab2f
[2025-01-06T19:18:27.623+0000] {taskinstance.py:3132} INFO - Exporting env vars: AIRFLOW_CTX_DAG_OWNER='***' AIRFLOW_CTX_DAG_ID='kaggle_dag' AIRFLOW_CTX_TASK_ID='clearing_table_task' AIRFLOW_CTX_EXECUTION_DATE='2025-01-06T19:18:16.983417+00:00' AIRFLOW_CTX_TRY_NUMBER='1' AIRFLOW_CTX_DAG_RUN_ID='manual__2025-01-06T19:18:16.983417+00:00'
[2025-01-06T19:18:27.626+0000] {taskinstance.py:731} INFO - ::endgroup::
[2025-01-06T19:18:27.661+0000] {sql.py:278} INFO - Executing: -- Запрос, который очищает данные в БД

TRUNCATE STG.adv;
[2025-01-06T19:18:27.680+0000] {base.py:84} INFO - Retrieving connection 'pg_connect'
[2025-01-06T19:18:27.700+0000] {base.py:84} INFO - Retrieving connection 'pg_connect'
[2025-01-06T19:18:27.709+0000] {sql.py:553} INFO - Running statement: -- Запрос, который очищает данные в БД

TRUNCATE STG.adv;, parameters: None
[2025-01-06T19:18:27.744+0000] {taskinstance.py:340} INFO - ::group::Post task execution logs
[2025-01-06T19:18:27.746+0000] {taskinstance.py:352} INFO - Marking task as SUCCESS. dag_id=kaggle_dag, task_id=clearing_table_task, run_id=manual__2025-01-06T19:18:16.983417+00:00, execution_date=20250106T191816, start_date=20250106T191827, end_date=20250106T191827
[2025-01-06T19:18:27.815+0000] {local_task_job_runner.py:266} INFO - Task exited with return code 0
[2025-01-06T19:18:27.886+0000] {taskinstance.py:3895} INFO - 1 downstream tasks scheduled from follow-on schedule check
[2025-01-06T19:18:27.892+0000] {local_task_job_runner.py:245} INFO - ::endgroup::
