[2025-01-06T10:34:23.445+0000] {local_task_job_runner.py:123} INFO - ::group::Pre task execution logs
[2025-01-06T10:34:23.487+0000] {taskinstance.py:2613} INFO - Dependencies all met for dep_context=non-requeueable deps ti=<TaskInstance: kaggle_dag.get_data_from_kaggle manual__2025-01-06T10:34:14.497188+00:00 [queued]>
[2025-01-06T10:34:23.507+0000] {taskinstance.py:2613} INFO - Dependencies all met for dep_context=requeueable deps ti=<TaskInstance: kaggle_dag.get_data_from_kaggle manual__2025-01-06T10:34:14.497188+00:00 [queued]>
[2025-01-06T10:34:23.511+0000] {taskinstance.py:2866} INFO - Starting attempt 1 of 1
[2025-01-06T10:34:23.544+0000] {taskinstance.py:2889} INFO - Executing <Task(BashOperator): get_data_from_kaggle> on 2025-01-06 10:34:14.497188+00:00
[2025-01-06T10:34:23.554+0000] {warnings.py:112} WARNING - /home/***/.local/lib/python3.12/site-packages/***/task/task_runner/standard_task_runner.py:70: DeprecationWarning: This process (pid=448) is multi-threaded, use of fork() may lead to deadlocks in the child.
  pid = os.fork()

[2025-01-06T10:34:23.558+0000] {standard_task_runner.py:72} INFO - Started process 449 to run task
[2025-01-06T10:34:23.558+0000] {standard_task_runner.py:104} INFO - Running: ['***', 'tasks', 'run', 'kaggle_dag', 'get_data_from_kaggle', 'manual__2025-01-06T10:34:14.497188+00:00', '--job-id', '803', '--raw', '--subdir', 'DAGS_FOLDER/kaggle_dag.py', '--cfg-path', '/tmp/tmp5h965ut1']
[2025-01-06T10:34:23.561+0000] {standard_task_runner.py:105} INFO - Job 803: Subtask get_data_from_kaggle
[2025-01-06T10:34:23.657+0000] {task_command.py:467} INFO - Running <TaskInstance: kaggle_dag.get_data_from_kaggle manual__2025-01-06T10:34:14.497188+00:00 [running]> on host 4f9b54363226
[2025-01-06T10:34:23.858+0000] {taskinstance.py:3132} INFO - Exporting env vars: AIRFLOW_CTX_DAG_OWNER='***' AIRFLOW_CTX_DAG_ID='kaggle_dag' AIRFLOW_CTX_TASK_ID='get_data_from_kaggle' AIRFLOW_CTX_EXECUTION_DATE='2025-01-06T10:34:14.497188+00:00' AIRFLOW_CTX_TRY_NUMBER='1' AIRFLOW_CTX_DAG_RUN_ID='manual__2025-01-06T10:34:14.497188+00:00'
[2025-01-06T10:34:23.860+0000] {taskinstance.py:731} INFO - ::endgroup::
[2025-01-06T10:34:23.887+0000] {subprocess.py:78} INFO - Tmp dir root location: /tmp
[2025-01-06T10:34:23.889+0000] {subprocess.py:88} INFO - Running command: ['/usr/bin/bash', '-c', '\ncurl -L -o /opt/***/data/advertisement-click-on-ad.zip  https://www.kaggle.com/api/v1/datasets/download/gabrielsantello/advertisement-click-on-ad']
[2025-01-06T10:34:23.908+0000] {subprocess.py:99} INFO - Output:
[2025-01-06T10:34:23.926+0000] {subprocess.py:106} INFO -   % Total    % Received % Xferd  Average Speed   Time    Time     Time  Current
[2025-01-06T10:34:23.927+0000] {subprocess.py:106} INFO -                                  Dload  Upload   Total   Spent    Left  Speed
[2025-01-06T10:34:24.852+0000] {subprocess.py:106} INFO -   0     0    0     0    0     0      0      0 --:--:-- --:--:-- --:--:--     0  0     0    0     0    0     0      0      0 --:--:-- --:--:-- --:--:--     0  0     0    0     0    0     0      0      0 --:--:-- --:--:-- --:--:--     0
[2025-01-06T10:34:25.855+0000] {subprocess.py:106} INFO - 100 40319  100 40319    0     0  20898      0  0:00:01  0:00:01 --:--:-- 20898100 40319  100 40319    0     0  20896      0  0:00:01  0:00:01 --:--:--     0
[2025-01-06T10:34:25.863+0000] {subprocess.py:110} INFO - Command exited with return code 0
[2025-01-06T10:34:25.920+0000] {taskinstance.py:340} INFO - ::group::Post task execution logs
[2025-01-06T10:34:25.921+0000] {taskinstance.py:352} INFO - Marking task as SUCCESS. dag_id=kaggle_dag, task_id=get_data_from_kaggle, run_id=manual__2025-01-06T10:34:14.497188+00:00, execution_date=20250106T103414, start_date=20250106T103423, end_date=20250106T103425
[2025-01-06T10:34:25.987+0000] {local_task_job_runner.py:266} INFO - Task exited with return code 0
[2025-01-06T10:34:26.057+0000] {taskinstance.py:3895} INFO - 1 downstream tasks scheduled from follow-on schedule check
[2025-01-06T10:34:26.063+0000] {local_task_job_runner.py:245} INFO - ::endgroup::
