[2025-01-06T17:09:18.419+0000] {local_task_job_runner.py:123} INFO - ::group::Pre task execution logs
[2025-01-06T17:09:18.447+0000] {taskinstance.py:2613} INFO - Dependencies all met for dep_context=non-requeueable deps ti=<TaskInstance: kaggle_dag.get_data_from_kaggle manual__2025-01-06T17:09:10.884749+00:00 [queued]>
[2025-01-06T17:09:18.463+0000] {taskinstance.py:2613} INFO - Dependencies all met for dep_context=requeueable deps ti=<TaskInstance: kaggle_dag.get_data_from_kaggle manual__2025-01-06T17:09:10.884749+00:00 [queued]>
[2025-01-06T17:09:18.465+0000] {taskinstance.py:2866} INFO - Starting attempt 1 of 1
[2025-01-06T17:09:18.491+0000] {taskinstance.py:2889} INFO - Executing <Task(BashOperator): get_data_from_kaggle> on 2025-01-06 17:09:10.884749+00:00
[2025-01-06T17:09:18.497+0000] {warnings.py:112} WARNING - /home/***/.local/lib/python3.12/site-packages/***/task/task_runner/standard_task_runner.py:70: DeprecationWarning: This process (pid=262) is multi-threaded, use of fork() may lead to deadlocks in the child.
  pid = os.fork()

[2025-01-06T17:09:18.501+0000] {standard_task_runner.py:72} INFO - Started process 263 to run task
[2025-01-06T17:09:18.501+0000] {standard_task_runner.py:104} INFO - Running: ['***', 'tasks', 'run', 'kaggle_dag', 'get_data_from_kaggle', 'manual__2025-01-06T17:09:10.884749+00:00', '--job-id', '826', '--raw', '--subdir', 'DAGS_FOLDER/kaggle_dag.py', '--cfg-path', '/tmp/tmpeftt_4a0']
[2025-01-06T17:09:18.502+0000] {standard_task_runner.py:105} INFO - Job 826: Subtask get_data_from_kaggle
[2025-01-06T17:09:18.582+0000] {task_command.py:467} INFO - Running <TaskInstance: kaggle_dag.get_data_from_kaggle manual__2025-01-06T17:09:10.884749+00:00 [running]> on host 97bbb29a7501
[2025-01-06T17:09:18.751+0000] {taskinstance.py:3132} INFO - Exporting env vars: AIRFLOW_CTX_DAG_OWNER='***' AIRFLOW_CTX_DAG_ID='kaggle_dag' AIRFLOW_CTX_TASK_ID='get_data_from_kaggle' AIRFLOW_CTX_EXECUTION_DATE='2025-01-06T17:09:10.884749+00:00' AIRFLOW_CTX_TRY_NUMBER='1' AIRFLOW_CTX_DAG_RUN_ID='manual__2025-01-06T17:09:10.884749+00:00'
[2025-01-06T17:09:18.753+0000] {taskinstance.py:731} INFO - ::endgroup::
[2025-01-06T17:09:18.789+0000] {subprocess.py:78} INFO - Tmp dir root location: /tmp
[2025-01-06T17:09:18.791+0000] {subprocess.py:88} INFO - Running command: ['/usr/bin/bash', '-c', 'curl -L -o /opt/***/data/advertisement-click-on-ad.zip                  https://www.kaggle.com/api/v1/datasets/download/gabrielsantello/advertisement-click-on-ad\n               ']
[2025-01-06T17:09:18.808+0000] {subprocess.py:99} INFO - Output:
[2025-01-06T17:09:18.823+0000] {subprocess.py:106} INFO -   % Total    % Received % Xferd  Average Speed   Time    Time     Time  Current
[2025-01-06T17:09:18.824+0000] {subprocess.py:106} INFO -                                  Dload  Upload   Total   Spent    Left  Speed
[2025-01-06T17:09:19.319+0000] {subprocess.py:106} INFO -   0     0    0     0    0     0      0      0 --:--:-- --:--:-- --:--:--     0  0     0    0     0    0     0      0      0 --:--:-- --:--:-- --:--:--     0
[2025-01-06T17:09:21.000+0000] {subprocess.py:106} INFO -   0     0    0     0    0     0      0      0 --:--:-- --:--:-- --:--:--     0  3 40319    3  1369    0     0    765      0  0:00:52  0:00:01  0:00:51  1531100 40319  100 40319    0     0  18516      0  0:00:02  0:00:02 --:--:-- 31450
[2025-01-06T17:09:21.010+0000] {subprocess.py:110} INFO - Command exited with return code 0
[2025-01-06T17:09:21.073+0000] {taskinstance.py:340} INFO - ::group::Post task execution logs
[2025-01-06T17:09:21.075+0000] {taskinstance.py:352} INFO - Marking task as SUCCESS. dag_id=kaggle_dag, task_id=get_data_from_kaggle, run_id=manual__2025-01-06T17:09:10.884749+00:00, execution_date=20250106T170910, start_date=20250106T170918, end_date=20250106T170921
[2025-01-06T17:09:21.134+0000] {local_task_job_runner.py:266} INFO - Task exited with return code 0
[2025-01-06T17:09:21.202+0000] {taskinstance.py:3895} INFO - 1 downstream tasks scheduled from follow-on schedule check
[2025-01-06T17:09:21.208+0000] {local_task_job_runner.py:245} INFO - ::endgroup::
