[2025-01-06T10:21:57.540+0000] {local_task_job_runner.py:123} INFO - ::group::Pre task execution logs
[2025-01-06T10:21:57.585+0000] {taskinstance.py:2613} INFO - Dependencies all met for dep_context=non-requeueable deps ti=<TaskInstance: kaggle_dag.end_task manual__2025-01-06T10:21:40.806052+00:00 [queued]>
[2025-01-06T10:21:57.607+0000] {taskinstance.py:2613} INFO - Dependencies all met for dep_context=requeueable deps ti=<TaskInstance: kaggle_dag.end_task manual__2025-01-06T10:21:40.806052+00:00 [queued]>
[2025-01-06T10:21:57.609+0000] {taskinstance.py:2866} INFO - Starting attempt 1 of 1
[2025-01-06T10:21:57.645+0000] {taskinstance.py:2889} INFO - Executing <Task(BashOperator): end_task> on 2025-01-06 10:21:40.806052+00:00
[2025-01-06T10:21:57.659+0000] {warnings.py:112} WARNING - /home/***/.local/lib/python3.12/site-packages/***/task/task_runner/standard_task_runner.py:70: DeprecationWarning: This process (pid=286) is multi-threaded, use of fork() may lead to deadlocks in the child.
  pid = os.fork()

[2025-01-06T10:21:57.664+0000] {standard_task_runner.py:72} INFO - Started process 287 to run task
[2025-01-06T10:21:57.662+0000] {standard_task_runner.py:104} INFO - Running: ['***', 'tasks', 'run', 'kaggle_dag', 'end_task', 'manual__2025-01-06T10:21:40.806052+00:00', '--job-id', '799', '--raw', '--subdir', 'DAGS_FOLDER/kaggle_dag.py', '--cfg-path', '/tmp/tmpcgwsgetc']
[2025-01-06T10:21:57.666+0000] {standard_task_runner.py:105} INFO - Job 799: Subtask end_task
[2025-01-06T10:21:57.771+0000] {task_command.py:467} INFO - Running <TaskInstance: kaggle_dag.end_task manual__2025-01-06T10:21:40.806052+00:00 [running]> on host 4f9b54363226
[2025-01-06T10:21:57.968+0000] {taskinstance.py:3132} INFO - Exporting env vars: AIRFLOW_CTX_DAG_OWNER='***' AIRFLOW_CTX_DAG_ID='kaggle_dag' AIRFLOW_CTX_TASK_ID='end_task' AIRFLOW_CTX_EXECUTION_DATE='2025-01-06T10:21:40.806052+00:00' AIRFLOW_CTX_TRY_NUMBER='1' AIRFLOW_CTX_DAG_RUN_ID='manual__2025-01-06T10:21:40.806052+00:00'
[2025-01-06T10:21:57.970+0000] {taskinstance.py:731} INFO - ::endgroup::
[2025-01-06T10:21:57.999+0000] {subprocess.py:78} INFO - Tmp dir root location: /tmp
[2025-01-06T10:21:58.001+0000] {subprocess.py:88} INFO - Running command: ['/usr/bin/bash', '-c', 'echo "Here we end! "']
[2025-01-06T10:21:58.020+0000] {subprocess.py:99} INFO - Output:
[2025-01-06T10:21:58.022+0000] {subprocess.py:106} INFO - Here we end!
[2025-01-06T10:21:58.023+0000] {subprocess.py:110} INFO - Command exited with return code 0
[2025-01-06T10:21:58.072+0000] {taskinstance.py:340} INFO - ::group::Post task execution logs
[2025-01-06T10:21:58.073+0000] {taskinstance.py:352} INFO - Marking task as SUCCESS. dag_id=kaggle_dag, task_id=end_task, run_id=manual__2025-01-06T10:21:40.806052+00:00, execution_date=20250106T102140, start_date=20250106T102157, end_date=20250106T102158
[2025-01-06T10:21:58.124+0000] {local_task_job_runner.py:266} INFO - Task exited with return code 0
[2025-01-06T10:21:58.157+0000] {taskinstance.py:3895} INFO - 0 downstream tasks scheduled from follow-on schedule check
[2025-01-06T10:21:58.162+0000] {local_task_job_runner.py:245} INFO - ::endgroup::
