[2025-01-06T08:50:57.630+0000] {local_task_job_runner.py:123} INFO - ::group::Pre task execution logs
[2025-01-06T08:50:57.673+0000] {taskinstance.py:2613} INFO - Dependencies all met for dep_context=non-requeueable deps ti=<TaskInstance: kaggle_dag.get_data_from_kaggle manual__2025-01-06T08:50:50.130887+00:00 [queued]>
[2025-01-06T08:50:57.695+0000] {taskinstance.py:2613} INFO - Dependencies all met for dep_context=requeueable deps ti=<TaskInstance: kaggle_dag.get_data_from_kaggle manual__2025-01-06T08:50:50.130887+00:00 [queued]>
[2025-01-06T08:50:57.696+0000] {taskinstance.py:2866} INFO - Starting attempt 1 of 1
[2025-01-06T08:50:57.728+0000] {taskinstance.py:2889} INFO - Executing <Task(BashOperator): get_data_from_kaggle> on 2025-01-06 08:50:50.130887+00:00
[2025-01-06T08:50:57.737+0000] {warnings.py:112} WARNING - /home/***/.local/lib/python3.12/site-packages/***/task/task_runner/standard_task_runner.py:70: DeprecationWarning: This process (pid=93) is multi-threaded, use of fork() may lead to deadlocks in the child.
  pid = os.fork()

[2025-01-06T08:50:57.740+0000] {standard_task_runner.py:72} INFO - Started process 94 to run task
[2025-01-06T08:50:57.743+0000] {standard_task_runner.py:104} INFO - Running: ['***', 'tasks', 'run', 'kaggle_dag', 'get_data_from_kaggle', 'manual__2025-01-06T08:50:50.130887+00:00', '--job-id', '771', '--raw', '--subdir', 'DAGS_FOLDER/kaggle_dag.py', '--cfg-path', '/tmp/tmpl6hizcrg']
[2025-01-06T08:50:57.746+0000] {standard_task_runner.py:105} INFO - Job 771: Subtask get_data_from_kaggle
[2025-01-06T08:50:57.841+0000] {task_command.py:467} INFO - Running <TaskInstance: kaggle_dag.get_data_from_kaggle manual__2025-01-06T08:50:50.130887+00:00 [running]> on host ffbd28c5220f
[2025-01-06T08:50:58.041+0000] {taskinstance.py:3132} INFO - Exporting env vars: AIRFLOW_CTX_DAG_OWNER='***' AIRFLOW_CTX_DAG_ID='kaggle_dag' AIRFLOW_CTX_TASK_ID='get_data_from_kaggle' AIRFLOW_CTX_EXECUTION_DATE='2025-01-06T08:50:50.130887+00:00' AIRFLOW_CTX_TRY_NUMBER='1' AIRFLOW_CTX_DAG_RUN_ID='manual__2025-01-06T08:50:50.130887+00:00'
[2025-01-06T08:50:58.043+0000] {taskinstance.py:731} INFO - ::endgroup::
[2025-01-06T08:50:58.078+0000] {subprocess.py:78} INFO - Tmp dir root location: /tmp
[2025-01-06T08:50:58.081+0000] {subprocess.py:88} INFO - Running command: ['/usr/bin/bash', '-c', '\ncurl -L -o /opt/***/data/advertisement-click-on-ad.zip  https://www.kaggle.com/api/v1/datasets/download/gabrielsantello/advertisement-click-on-ad']
[2025-01-06T08:50:58.110+0000] {subprocess.py:99} INFO - Output:
[2025-01-06T08:50:58.136+0000] {subprocess.py:106} INFO -   % Total    % Received % Xferd  Average Speed   Time    Time     Time  Current
[2025-01-06T08:50:58.137+0000] {subprocess.py:106} INFO -                                  Dload  Upload   Total   Spent    Left  Speed
[2025-01-06T08:50:58.671+0000] {subprocess.py:106} INFO -   0     0    0     0    0     0      0      0 --:--:-- --:--:-- --:--:--     0  0     0    0     0    0     0      0      0 --:--:-- --:--:-- --:--:--     0  0     0    0     0    0     0      0      0 --:--:-- --:--:-- --:--:--     0
[2025-01-06T08:50:59.379+0000] {subprocess.py:106} INFO -  30 40319   30 12393    0     0  10907      0  0:00:03  0:00:01  0:00:02 10907100 40319  100 40319    0     0  32431      0  0:00:01  0:00:01 --:--:--  257k
[2025-01-06T08:50:59.384+0000] {subprocess.py:110} INFO - Command exited with return code 0
[2025-01-06T08:50:59.432+0000] {taskinstance.py:340} INFO - ::group::Post task execution logs
[2025-01-06T08:50:59.434+0000] {taskinstance.py:352} INFO - Marking task as SUCCESS. dag_id=kaggle_dag, task_id=get_data_from_kaggle, run_id=manual__2025-01-06T08:50:50.130887+00:00, execution_date=20250106T085050, start_date=20250106T085057, end_date=20250106T085059
[2025-01-06T08:50:59.487+0000] {local_task_job_runner.py:266} INFO - Task exited with return code 0
[2025-01-06T08:50:59.557+0000] {taskinstance.py:3895} INFO - 1 downstream tasks scheduled from follow-on schedule check
[2025-01-06T08:50:59.562+0000] {local_task_job_runner.py:245} INFO - ::endgroup::
