[2025-01-05T22:12:15.692+0000] {local_task_job_runner.py:123} INFO - ::group::Pre task execution logs
[2025-01-05T22:12:15.724+0000] {taskinstance.py:2613} INFO - Dependencies all met for dep_context=non-requeueable deps ti=<TaskInstance: kaggle_dag.get_data_from_kaggle manual__2025-01-05T22:12:07.663152+00:00 [queued]>
[2025-01-05T22:12:15.746+0000] {taskinstance.py:2613} INFO - Dependencies all met for dep_context=requeueable deps ti=<TaskInstance: kaggle_dag.get_data_from_kaggle manual__2025-01-05T22:12:07.663152+00:00 [queued]>
[2025-01-05T22:12:15.748+0000] {taskinstance.py:2866} INFO - Starting attempt 1 of 1
[2025-01-05T22:12:15.782+0000] {taskinstance.py:2889} INFO - Executing <Task(BashOperator): get_data_from_kaggle> on 2025-01-05 22:12:07.663152+00:00
[2025-01-05T22:12:15.791+0000] {warnings.py:112} WARNING - /home/***/.local/lib/python3.12/site-packages/***/task/task_runner/standard_task_runner.py:70: DeprecationWarning: This process (pid=107) is multi-threaded, use of fork() may lead to deadlocks in the child.
  pid = os.fork()

[2025-01-05T22:12:15.795+0000] {standard_task_runner.py:72} INFO - Started process 108 to run task
[2025-01-05T22:12:15.794+0000] {standard_task_runner.py:104} INFO - Running: ['***', 'tasks', 'run', 'kaggle_dag', 'get_data_from_kaggle', 'manual__2025-01-05T22:12:07.663152+00:00', '--job-id', '757', '--raw', '--subdir', 'DAGS_FOLDER/kaggle_dag.py', '--cfg-path', '/tmp/tmpr590qysb']
[2025-01-05T22:12:15.797+0000] {standard_task_runner.py:105} INFO - Job 757: Subtask get_data_from_kaggle
[2025-01-05T22:12:15.883+0000] {task_command.py:467} INFO - Running <TaskInstance: kaggle_dag.get_data_from_kaggle manual__2025-01-05T22:12:07.663152+00:00 [running]> on host ffbd28c5220f
[2025-01-05T22:12:16.067+0000] {taskinstance.py:3132} INFO - Exporting env vars: AIRFLOW_CTX_DAG_OWNER='***' AIRFLOW_CTX_DAG_ID='kaggle_dag' AIRFLOW_CTX_TASK_ID='get_data_from_kaggle' AIRFLOW_CTX_EXECUTION_DATE='2025-01-05T22:12:07.663152+00:00' AIRFLOW_CTX_TRY_NUMBER='1' AIRFLOW_CTX_DAG_RUN_ID='manual__2025-01-05T22:12:07.663152+00:00'
[2025-01-05T22:12:16.070+0000] {taskinstance.py:731} INFO - ::endgroup::
[2025-01-05T22:12:16.109+0000] {subprocess.py:78} INFO - Tmp dir root location: /tmp
[2025-01-05T22:12:16.113+0000] {subprocess.py:88} INFO - Running command: ['/usr/bin/bash', '-c', '\ncurl -L -o /opt/***/data/advertisement-click-on-ad.zip  https://www.kaggle.com/api/v1/datasets/download/gabrielsantello/advertisement-click-on-ad']
[2025-01-05T22:12:16.135+0000] {subprocess.py:99} INFO - Output:
[2025-01-05T22:12:16.159+0000] {subprocess.py:106} INFO -   % Total    % Received % Xferd  Average Speed   Time    Time     Time  Current
[2025-01-05T22:12:16.161+0000] {subprocess.py:106} INFO -                                  Dload  Upload   Total   Spent    Left  Speed
[2025-01-05T22:12:16.758+0000] {subprocess.py:106} INFO -   0     0    0     0    0     0      0      0 --:--:-- --:--:-- --:--:--     0  0     0    0     0    0     0      0      0 --:--:-- --:--:-- --:--:--     0
[2025-01-05T22:12:18.350+0000] {subprocess.py:106} INFO -   0     0    0     0    0     0      0      0 --:--:-- --:--:-- --:--:--     0 17 40319   17  6881    0     0   4079      0  0:00:09  0:00:01  0:00:08  8133100 40319  100 40319    0     0  18395      0  0:00:02  0:00:02 --:--:-- 29865
[2025-01-05T22:12:18.358+0000] {subprocess.py:110} INFO - Command exited with return code 0
[2025-01-05T22:12:18.417+0000] {taskinstance.py:340} INFO - ::group::Post task execution logs
[2025-01-05T22:12:18.420+0000] {taskinstance.py:352} INFO - Marking task as SUCCESS. dag_id=kaggle_dag, task_id=get_data_from_kaggle, run_id=manual__2025-01-05T22:12:07.663152+00:00, execution_date=20250105T221207, start_date=20250105T221215, end_date=20250105T221218
[2025-01-05T22:12:18.506+0000] {local_task_job_runner.py:266} INFO - Task exited with return code 0
[2025-01-05T22:12:18.566+0000] {taskinstance.py:3895} INFO - 0 downstream tasks scheduled from follow-on schedule check
[2025-01-05T22:12:18.573+0000] {local_task_job_runner.py:245} INFO - ::endgroup::
