[2025-01-05T22:12:46.413+0000] {local_task_job_runner.py:123} INFO - ::group::Pre task execution logs
[2025-01-05T22:12:46.446+0000] {taskinstance.py:2613} INFO - Dependencies all met for dep_context=non-requeueable deps ti=<TaskInstance: kaggle_dag.get_data_from_kaggle manual__2025-01-05T22:12:39.202851+00:00 [queued]>
[2025-01-05T22:12:46.464+0000] {taskinstance.py:2613} INFO - Dependencies all met for dep_context=requeueable deps ti=<TaskInstance: kaggle_dag.get_data_from_kaggle manual__2025-01-05T22:12:39.202851+00:00 [queued]>
[2025-01-05T22:12:46.466+0000] {taskinstance.py:2866} INFO - Starting attempt 1 of 1
[2025-01-05T22:12:46.495+0000] {taskinstance.py:2889} INFO - Executing <Task(BashOperator): get_data_from_kaggle> on 2025-01-05 22:12:39.202851+00:00
[2025-01-05T22:12:46.507+0000] {warnings.py:112} WARNING - /home/***/.local/lib/python3.12/site-packages/***/task/task_runner/standard_task_runner.py:70: DeprecationWarning: This process (pid=137) is multi-threaded, use of fork() may lead to deadlocks in the child.
  pid = os.fork()

[2025-01-05T22:12:46.511+0000] {standard_task_runner.py:72} INFO - Started process 138 to run task
[2025-01-05T22:12:46.511+0000] {standard_task_runner.py:104} INFO - Running: ['***', 'tasks', 'run', 'kaggle_dag', 'get_data_from_kaggle', 'manual__2025-01-05T22:12:39.202851+00:00', '--job-id', '763', '--raw', '--subdir', 'DAGS_FOLDER/kaggle_dag.py', '--cfg-path', '/tmp/tmpd7soi_hc']
[2025-01-05T22:12:46.514+0000] {standard_task_runner.py:105} INFO - Job 763: Subtask get_data_from_kaggle
[2025-01-05T22:12:46.607+0000] {task_command.py:467} INFO - Running <TaskInstance: kaggle_dag.get_data_from_kaggle manual__2025-01-05T22:12:39.202851+00:00 [running]> on host ffbd28c5220f
[2025-01-05T22:12:46.846+0000] {taskinstance.py:3132} INFO - Exporting env vars: AIRFLOW_CTX_DAG_OWNER='***' AIRFLOW_CTX_DAG_ID='kaggle_dag' AIRFLOW_CTX_TASK_ID='get_data_from_kaggle' AIRFLOW_CTX_EXECUTION_DATE='2025-01-05T22:12:39.202851+00:00' AIRFLOW_CTX_TRY_NUMBER='1' AIRFLOW_CTX_DAG_RUN_ID='manual__2025-01-05T22:12:39.202851+00:00'
[2025-01-05T22:12:46.849+0000] {taskinstance.py:731} INFO - ::endgroup::
[2025-01-05T22:12:46.877+0000] {subprocess.py:78} INFO - Tmp dir root location: /tmp
[2025-01-05T22:12:46.880+0000] {subprocess.py:88} INFO - Running command: ['/usr/bin/bash', '-c', '\ncurl -L -o /opt/***/data/advertisement-click-on-ad.zip  https://www.kaggle.com/api/v1/datasets/download/gabrielsantello/advertisement-click-on-ad']
[2025-01-05T22:12:46.900+0000] {subprocess.py:99} INFO - Output:
[2025-01-05T22:12:46.917+0000] {subprocess.py:106} INFO -   % Total    % Received % Xferd  Average Speed   Time    Time     Time  Current
[2025-01-05T22:12:46.918+0000] {subprocess.py:106} INFO -                                  Dload  Upload   Total   Spent    Left  Speed
[2025-01-05T22:12:47.418+0000] {subprocess.py:106} INFO -   0     0    0     0    0     0      0      0 --:--:-- --:--:-- --:--:--     0  0     0    0     0    0     0      0      0 --:--:-- --:--:-- --:--:--     0
[2025-01-05T22:12:48.981+0000] {subprocess.py:106} INFO -   0     0    0     0    0     0      0      0 --:--:--  0:00:01 --:--:--     0 74 40319   74 30094    0     0  15575      0  0:00:02  0:00:01  0:00:01 34081100 40319  100 40319    0     0  19531      0  0:00:02  0:00:02 --:--:-- 39762
[2025-01-05T22:12:48.989+0000] {subprocess.py:110} INFO - Command exited with return code 0
[2025-01-05T22:12:49.063+0000] {taskinstance.py:340} INFO - ::group::Post task execution logs
[2025-01-05T22:12:49.064+0000] {taskinstance.py:352} INFO - Marking task as SUCCESS. dag_id=kaggle_dag, task_id=get_data_from_kaggle, run_id=manual__2025-01-05T22:12:39.202851+00:00, execution_date=20250105T221239, start_date=20250105T221246, end_date=20250105T221249
[2025-01-05T22:12:49.146+0000] {local_task_job_runner.py:266} INFO - Task exited with return code 0
[2025-01-05T22:12:49.209+0000] {taskinstance.py:3895} INFO - 1 downstream tasks scheduled from follow-on schedule check
[2025-01-05T22:12:49.215+0000] {local_task_job_runner.py:245} INFO - ::endgroup::
