[2025-01-06T08:49:52.213+0000] {processor.py:186} INFO - Started process (PID=73) to work on /opt/airflow/dags/kaggle_dag.py
[2025-01-06T08:49:52.216+0000] {processor.py:914} INFO - Processing file /opt/airflow/dags/kaggle_dag.py for tasks to queue
[2025-01-06T08:49:52.221+0000] {logging_mixin.py:190} INFO - [2025-01-06T08:49:52.220+0000] {dagbag.py:588} INFO - Filling up the DagBag from /opt/airflow/dags/kaggle_dag.py
[2025-01-06T08:49:52.297+0000] {processor.py:925} INFO - DAG(s) 'kaggle_dag' retrieved from /opt/airflow/dags/kaggle_dag.py
[2025-01-06T08:49:52.356+0000] {logging_mixin.py:190} INFO - [2025-01-06T08:49:52.356+0000] {dag.py:3239} INFO - Sync 1 DAGs
[2025-01-06T08:49:52.391+0000] {logging_mixin.py:190} INFO - [2025-01-06T08:49:52.391+0000] {dag.py:4180} INFO - Setting next_dagrun for kaggle_dag to None, run_after=None
[2025-01-06T08:49:52.446+0000] {processor.py:208} INFO - Processing /opt/airflow/dags/kaggle_dag.py took 0.248 seconds
[2025-01-06T08:50:22.524+0000] {processor.py:186} INFO - Started process (PID=80) to work on /opt/airflow/dags/kaggle_dag.py
[2025-01-06T08:50:22.526+0000] {processor.py:914} INFO - Processing file /opt/airflow/dags/kaggle_dag.py for tasks to queue
[2025-01-06T08:50:22.530+0000] {logging_mixin.py:190} INFO - [2025-01-06T08:50:22.530+0000] {dagbag.py:588} INFO - Filling up the DagBag from /opt/airflow/dags/kaggle_dag.py
[2025-01-06T08:50:22.594+0000] {processor.py:925} INFO - DAG(s) 'kaggle_dag' retrieved from /opt/airflow/dags/kaggle_dag.py
[2025-01-06T08:50:22.656+0000] {logging_mixin.py:190} INFO - [2025-01-06T08:50:22.656+0000] {dag.py:3239} INFO - Sync 1 DAGs
[2025-01-06T08:50:22.689+0000] {logging_mixin.py:190} INFO - [2025-01-06T08:50:22.689+0000] {dag.py:4180} INFO - Setting next_dagrun for kaggle_dag to None, run_after=None
[2025-01-06T08:50:22.732+0000] {processor.py:208} INFO - Processing /opt/airflow/dags/kaggle_dag.py took 0.218 seconds
[2025-01-06T08:50:53.082+0000] {processor.py:186} INFO - Started process (PID=87) to work on /opt/airflow/dags/kaggle_dag.py
[2025-01-06T08:50:53.084+0000] {processor.py:914} INFO - Processing file /opt/airflow/dags/kaggle_dag.py for tasks to queue
[2025-01-06T08:50:53.091+0000] {logging_mixin.py:190} INFO - [2025-01-06T08:50:53.090+0000] {dagbag.py:588} INFO - Filling up the DagBag from /opt/airflow/dags/kaggle_dag.py
[2025-01-06T08:50:53.203+0000] {processor.py:925} INFO - DAG(s) 'kaggle_dag' retrieved from /opt/airflow/dags/kaggle_dag.py
[2025-01-06T08:50:53.283+0000] {logging_mixin.py:190} INFO - [2025-01-06T08:50:53.283+0000] {dag.py:3239} INFO - Sync 1 DAGs
[2025-01-06T08:50:53.333+0000] {logging_mixin.py:190} INFO - [2025-01-06T08:50:53.333+0000] {dag.py:4180} INFO - Setting next_dagrun for kaggle_dag to None, run_after=None
[2025-01-06T08:50:53.393+0000] {processor.py:208} INFO - Processing /opt/airflow/dags/kaggle_dag.py took 0.332 seconds
[2025-01-06T08:51:23.791+0000] {processor.py:186} INFO - Started process (PID=94) to work on /opt/airflow/dags/kaggle_dag.py
[2025-01-06T08:51:23.793+0000] {processor.py:914} INFO - Processing file /opt/airflow/dags/kaggle_dag.py for tasks to queue
[2025-01-06T08:51:23.797+0000] {logging_mixin.py:190} INFO - [2025-01-06T08:51:23.797+0000] {dagbag.py:588} INFO - Filling up the DagBag from /opt/airflow/dags/kaggle_dag.py
[2025-01-06T08:51:23.849+0000] {processor.py:925} INFO - DAG(s) 'kaggle_dag' retrieved from /opt/airflow/dags/kaggle_dag.py
[2025-01-06T08:51:23.904+0000] {logging_mixin.py:190} INFO - [2025-01-06T08:51:23.903+0000] {dag.py:3239} INFO - Sync 1 DAGs
[2025-01-06T08:51:23.935+0000] {logging_mixin.py:190} INFO - [2025-01-06T08:51:23.935+0000] {dag.py:4180} INFO - Setting next_dagrun for kaggle_dag to None, run_after=None
[2025-01-06T08:51:24.185+0000] {processor.py:208} INFO - Processing /opt/airflow/dags/kaggle_dag.py took 0.406 seconds
[2025-01-06T08:51:54.471+0000] {processor.py:186} INFO - Started process (PID=101) to work on /opt/airflow/dags/kaggle_dag.py
[2025-01-06T08:51:54.473+0000] {processor.py:914} INFO - Processing file /opt/airflow/dags/kaggle_dag.py for tasks to queue
[2025-01-06T08:51:54.478+0000] {logging_mixin.py:190} INFO - [2025-01-06T08:51:54.477+0000] {dagbag.py:588} INFO - Filling up the DagBag from /opt/airflow/dags/kaggle_dag.py
[2025-01-06T08:51:54.544+0000] {processor.py:925} INFO - DAG(s) 'kaggle_dag' retrieved from /opt/airflow/dags/kaggle_dag.py
[2025-01-06T08:51:54.593+0000] {logging_mixin.py:190} INFO - [2025-01-06T08:51:54.593+0000] {dag.py:3239} INFO - Sync 1 DAGs
[2025-01-06T08:51:54.876+0000] {logging_mixin.py:190} INFO - [2025-01-06T08:51:54.875+0000] {dag.py:4180} INFO - Setting next_dagrun for kaggle_dag to None, run_after=None
[2025-01-06T08:51:54.914+0000] {processor.py:208} INFO - Processing /opt/airflow/dags/kaggle_dag.py took 0.456 seconds
[2025-01-06T08:52:25.276+0000] {processor.py:186} INFO - Started process (PID=108) to work on /opt/airflow/dags/kaggle_dag.py
[2025-01-06T08:52:25.279+0000] {processor.py:914} INFO - Processing file /opt/airflow/dags/kaggle_dag.py for tasks to queue
[2025-01-06T08:52:25.283+0000] {logging_mixin.py:190} INFO - [2025-01-06T08:52:25.283+0000] {dagbag.py:588} INFO - Filling up the DagBag from /opt/airflow/dags/kaggle_dag.py
[2025-01-06T08:52:25.333+0000] {processor.py:925} INFO - DAG(s) 'kaggle_dag' retrieved from /opt/airflow/dags/kaggle_dag.py
[2025-01-06T08:52:25.664+0000] {logging_mixin.py:190} INFO - [2025-01-06T08:52:25.663+0000] {dag.py:3239} INFO - Sync 1 DAGs
[2025-01-06T08:52:25.689+0000] {logging_mixin.py:190} INFO - [2025-01-06T08:52:25.689+0000] {dag.py:4180} INFO - Setting next_dagrun for kaggle_dag to None, run_after=None
[2025-01-06T08:52:25.724+0000] {processor.py:208} INFO - Processing /opt/airflow/dags/kaggle_dag.py took 0.460 seconds
[2025-01-06T08:52:56.024+0000] {processor.py:186} INFO - Started process (PID=115) to work on /opt/airflow/dags/kaggle_dag.py
[2025-01-06T08:52:56.025+0000] {processor.py:914} INFO - Processing file /opt/airflow/dags/kaggle_dag.py for tasks to queue
[2025-01-06T08:52:56.029+0000] {logging_mixin.py:190} INFO - [2025-01-06T08:52:56.028+0000] {dagbag.py:588} INFO - Filling up the DagBag from /opt/airflow/dags/kaggle_dag.py
[2025-01-06T08:52:56.081+0000] {processor.py:925} INFO - DAG(s) 'kaggle_dag' retrieved from /opt/airflow/dags/kaggle_dag.py
[2025-01-06T08:52:56.457+0000] {logging_mixin.py:190} INFO - [2025-01-06T08:52:56.456+0000] {dag.py:3239} INFO - Sync 1 DAGs
[2025-01-06T08:52:56.488+0000] {logging_mixin.py:190} INFO - [2025-01-06T08:52:56.487+0000] {dag.py:4180} INFO - Setting next_dagrun for kaggle_dag to None, run_after=None
[2025-01-06T08:52:56.517+0000] {processor.py:208} INFO - Processing /opt/airflow/dags/kaggle_dag.py took 0.504 seconds
[2025-01-06T08:53:26.846+0000] {processor.py:186} INFO - Started process (PID=122) to work on /opt/airflow/dags/kaggle_dag.py
[2025-01-06T08:53:26.849+0000] {processor.py:914} INFO - Processing file /opt/airflow/dags/kaggle_dag.py for tasks to queue
[2025-01-06T08:53:26.854+0000] {logging_mixin.py:190} INFO - [2025-01-06T08:53:26.853+0000] {dagbag.py:588} INFO - Filling up the DagBag from /opt/airflow/dags/kaggle_dag.py
[2025-01-06T08:53:27.237+0000] {processor.py:925} INFO - DAG(s) 'kaggle_dag' retrieved from /opt/airflow/dags/kaggle_dag.py
[2025-01-06T08:53:27.293+0000] {logging_mixin.py:190} INFO - [2025-01-06T08:53:27.292+0000] {dag.py:3239} INFO - Sync 1 DAGs
[2025-01-06T08:53:27.324+0000] {logging_mixin.py:190} INFO - [2025-01-06T08:53:27.323+0000] {dag.py:4180} INFO - Setting next_dagrun for kaggle_dag to None, run_after=None
[2025-01-06T08:53:27.355+0000] {processor.py:208} INFO - Processing /opt/airflow/dags/kaggle_dag.py took 0.522 seconds
[2025-01-06T08:53:57.892+0000] {processor.py:186} INFO - Started process (PID=129) to work on /opt/airflow/dags/kaggle_dag.py
[2025-01-06T08:53:57.894+0000] {processor.py:914} INFO - Processing file /opt/airflow/dags/kaggle_dag.py for tasks to queue
[2025-01-06T08:53:57.898+0000] {logging_mixin.py:190} INFO - [2025-01-06T08:53:57.897+0000] {dagbag.py:588} INFO - Filling up the DagBag from /opt/airflow/dags/kaggle_dag.py
[2025-01-06T08:53:57.958+0000] {processor.py:925} INFO - DAG(s) 'kaggle_dag' retrieved from /opt/airflow/dags/kaggle_dag.py
[2025-01-06T08:53:58.023+0000] {logging_mixin.py:190} INFO - [2025-01-06T08:53:58.022+0000] {dag.py:3239} INFO - Sync 1 DAGs
[2025-01-06T08:53:58.054+0000] {logging_mixin.py:190} INFO - [2025-01-06T08:53:58.053+0000] {dag.py:4180} INFO - Setting next_dagrun for kaggle_dag to None, run_after=None
[2025-01-06T08:53:58.103+0000] {processor.py:208} INFO - Processing /opt/airflow/dags/kaggle_dag.py took 0.220 seconds
[2025-01-06T08:54:28.195+0000] {processor.py:186} INFO - Started process (PID=136) to work on /opt/airflow/dags/kaggle_dag.py
[2025-01-06T08:54:28.197+0000] {processor.py:914} INFO - Processing file /opt/airflow/dags/kaggle_dag.py for tasks to queue
[2025-01-06T08:54:28.207+0000] {logging_mixin.py:190} INFO - [2025-01-06T08:54:28.206+0000] {dagbag.py:588} INFO - Filling up the DagBag from /opt/airflow/dags/kaggle_dag.py
[2025-01-06T08:54:28.270+0000] {processor.py:925} INFO - DAG(s) 'kaggle_dag' retrieved from /opt/airflow/dags/kaggle_dag.py
[2025-01-06T08:54:28.343+0000] {logging_mixin.py:190} INFO - [2025-01-06T08:54:28.342+0000] {dag.py:3239} INFO - Sync 1 DAGs
[2025-01-06T08:54:28.431+0000] {logging_mixin.py:190} INFO - [2025-01-06T08:54:28.430+0000] {dag.py:4180} INFO - Setting next_dagrun for kaggle_dag to None, run_after=None
[2025-01-06T08:54:28.509+0000] {processor.py:208} INFO - Processing /opt/airflow/dags/kaggle_dag.py took 0.334 seconds
[2025-01-06T08:54:58.838+0000] {processor.py:186} INFO - Started process (PID=143) to work on /opt/airflow/dags/kaggle_dag.py
[2025-01-06T08:54:58.842+0000] {processor.py:914} INFO - Processing file /opt/airflow/dags/kaggle_dag.py for tasks to queue
[2025-01-06T08:54:58.854+0000] {logging_mixin.py:190} INFO - [2025-01-06T08:54:58.853+0000] {dagbag.py:588} INFO - Filling up the DagBag from /opt/airflow/dags/kaggle_dag.py
[2025-01-06T08:54:58.962+0000] {processor.py:925} INFO - DAG(s) 'kaggle_dag' retrieved from /opt/airflow/dags/kaggle_dag.py
[2025-01-06T08:54:59.042+0000] {logging_mixin.py:190} INFO - [2025-01-06T08:54:59.041+0000] {dag.py:3239} INFO - Sync 1 DAGs
[2025-01-06T08:54:59.091+0000] {logging_mixin.py:190} INFO - [2025-01-06T08:54:59.090+0000] {dag.py:4180} INFO - Setting next_dagrun for kaggle_dag to None, run_after=None
[2025-01-06T08:54:59.153+0000] {processor.py:208} INFO - Processing /opt/airflow/dags/kaggle_dag.py took 0.333 seconds
[2025-01-06T08:55:29.494+0000] {processor.py:186} INFO - Started process (PID=150) to work on /opt/airflow/dags/kaggle_dag.py
[2025-01-06T08:55:29.496+0000] {processor.py:914} INFO - Processing file /opt/airflow/dags/kaggle_dag.py for tasks to queue
[2025-01-06T08:55:29.502+0000] {logging_mixin.py:190} INFO - [2025-01-06T08:55:29.501+0000] {dagbag.py:588} INFO - Filling up the DagBag from /opt/airflow/dags/kaggle_dag.py
[2025-01-06T08:55:29.574+0000] {processor.py:925} INFO - DAG(s) 'kaggle_dag' retrieved from /opt/airflow/dags/kaggle_dag.py
[2025-01-06T08:55:29.631+0000] {logging_mixin.py:190} INFO - [2025-01-06T08:55:29.630+0000] {dag.py:3239} INFO - Sync 1 DAGs
[2025-01-06T08:55:29.660+0000] {logging_mixin.py:190} INFO - [2025-01-06T08:55:29.659+0000] {dag.py:4180} INFO - Setting next_dagrun for kaggle_dag to None, run_after=None
[2025-01-06T08:55:29.699+0000] {processor.py:208} INFO - Processing /opt/airflow/dags/kaggle_dag.py took 0.221 seconds
[2025-01-06T08:55:59.780+0000] {processor.py:186} INFO - Started process (PID=158) to work on /opt/airflow/dags/kaggle_dag.py
[2025-01-06T08:55:59.782+0000] {processor.py:914} INFO - Processing file /opt/airflow/dags/kaggle_dag.py for tasks to queue
[2025-01-06T08:55:59.787+0000] {logging_mixin.py:190} INFO - [2025-01-06T08:55:59.787+0000] {dagbag.py:588} INFO - Filling up the DagBag from /opt/airflow/dags/kaggle_dag.py
[2025-01-06T08:55:59.849+0000] {processor.py:925} INFO - DAG(s) 'kaggle_dag' retrieved from /opt/airflow/dags/kaggle_dag.py
[2025-01-06T08:55:59.896+0000] {logging_mixin.py:190} INFO - [2025-01-06T08:55:59.896+0000] {dag.py:3239} INFO - Sync 1 DAGs
[2025-01-06T08:55:59.919+0000] {logging_mixin.py:190} INFO - [2025-01-06T08:55:59.919+0000] {dag.py:4180} INFO - Setting next_dagrun for kaggle_dag to None, run_after=None
[2025-01-06T08:55:59.953+0000] {processor.py:208} INFO - Processing /opt/airflow/dags/kaggle_dag.py took 0.183 seconds
[2025-01-06T08:56:30.081+0000] {processor.py:186} INFO - Started process (PID=165) to work on /opt/airflow/dags/kaggle_dag.py
[2025-01-06T08:56:30.083+0000] {processor.py:914} INFO - Processing file /opt/airflow/dags/kaggle_dag.py for tasks to queue
[2025-01-06T08:56:30.089+0000] {logging_mixin.py:190} INFO - [2025-01-06T08:56:30.088+0000] {dagbag.py:588} INFO - Filling up the DagBag from /opt/airflow/dags/kaggle_dag.py
[2025-01-06T08:56:30.152+0000] {processor.py:925} INFO - DAG(s) 'kaggle_dag' retrieved from /opt/airflow/dags/kaggle_dag.py
[2025-01-06T08:56:30.217+0000] {logging_mixin.py:190} INFO - [2025-01-06T08:56:30.217+0000] {dag.py:3239} INFO - Sync 1 DAGs
[2025-01-06T08:56:30.248+0000] {logging_mixin.py:190} INFO - [2025-01-06T08:56:30.248+0000] {dag.py:4180} INFO - Setting next_dagrun for kaggle_dag to None, run_after=None
[2025-01-06T08:56:30.288+0000] {processor.py:208} INFO - Processing /opt/airflow/dags/kaggle_dag.py took 0.220 seconds
[2025-01-06T08:57:00.545+0000] {processor.py:186} INFO - Started process (PID=172) to work on /opt/airflow/dags/kaggle_dag.py
[2025-01-06T08:57:00.547+0000] {processor.py:914} INFO - Processing file /opt/airflow/dags/kaggle_dag.py for tasks to queue
[2025-01-06T08:57:00.551+0000] {logging_mixin.py:190} INFO - [2025-01-06T08:57:00.551+0000] {dagbag.py:588} INFO - Filling up the DagBag from /opt/airflow/dags/kaggle_dag.py
[2025-01-06T08:57:00.625+0000] {processor.py:925} INFO - DAG(s) 'kaggle_dag' retrieved from /opt/airflow/dags/kaggle_dag.py
[2025-01-06T08:57:00.687+0000] {logging_mixin.py:190} INFO - [2025-01-06T08:57:00.687+0000] {dag.py:3239} INFO - Sync 1 DAGs
[2025-01-06T08:57:00.720+0000] {logging_mixin.py:190} INFO - [2025-01-06T08:57:00.720+0000] {dag.py:4180} INFO - Setting next_dagrun for kaggle_dag to None, run_after=None
[2025-01-06T08:57:00.767+0000] {processor.py:208} INFO - Processing /opt/airflow/dags/kaggle_dag.py took 0.238 seconds
[2025-01-06T08:57:30.870+0000] {processor.py:186} INFO - Started process (PID=179) to work on /opt/airflow/dags/kaggle_dag.py
[2025-01-06T08:57:30.871+0000] {processor.py:914} INFO - Processing file /opt/airflow/dags/kaggle_dag.py for tasks to queue
[2025-01-06T08:57:30.876+0000] {logging_mixin.py:190} INFO - [2025-01-06T08:57:30.875+0000] {dagbag.py:588} INFO - Filling up the DagBag from /opt/airflow/dags/kaggle_dag.py
[2025-01-06T08:57:30.927+0000] {processor.py:925} INFO - DAG(s) 'kaggle_dag' retrieved from /opt/airflow/dags/kaggle_dag.py
[2025-01-06T08:57:30.973+0000] {logging_mixin.py:190} INFO - [2025-01-06T08:57:30.973+0000] {dag.py:3239} INFO - Sync 1 DAGs
[2025-01-06T08:57:31.000+0000] {logging_mixin.py:190} INFO - [2025-01-06T08:57:30.999+0000] {dag.py:4180} INFO - Setting next_dagrun for kaggle_dag to None, run_after=None
[2025-01-06T08:57:31.038+0000] {processor.py:208} INFO - Processing /opt/airflow/dags/kaggle_dag.py took 0.177 seconds
[2025-01-06T08:58:01.366+0000] {processor.py:186} INFO - Started process (PID=186) to work on /opt/airflow/dags/kaggle_dag.py
[2025-01-06T08:58:01.368+0000] {processor.py:914} INFO - Processing file /opt/airflow/dags/kaggle_dag.py for tasks to queue
[2025-01-06T08:58:01.376+0000] {logging_mixin.py:190} INFO - [2025-01-06T08:58:01.375+0000] {dagbag.py:588} INFO - Filling up the DagBag from /opt/airflow/dags/kaggle_dag.py
[2025-01-06T08:58:01.451+0000] {processor.py:925} INFO - DAG(s) 'kaggle_dag' retrieved from /opt/airflow/dags/kaggle_dag.py
[2025-01-06T08:58:01.521+0000] {logging_mixin.py:190} INFO - [2025-01-06T08:58:01.521+0000] {dag.py:3239} INFO - Sync 1 DAGs
[2025-01-06T08:58:01.563+0000] {logging_mixin.py:190} INFO - [2025-01-06T08:58:01.563+0000] {dag.py:4180} INFO - Setting next_dagrun for kaggle_dag to None, run_after=None
[2025-01-06T08:58:01.606+0000] {processor.py:208} INFO - Processing /opt/airflow/dags/kaggle_dag.py took 0.261 seconds
[2025-01-06T08:58:31.924+0000] {processor.py:186} INFO - Started process (PID=193) to work on /opt/airflow/dags/kaggle_dag.py
[2025-01-06T08:58:31.926+0000] {processor.py:914} INFO - Processing file /opt/airflow/dags/kaggle_dag.py for tasks to queue
[2025-01-06T08:58:31.929+0000] {logging_mixin.py:190} INFO - [2025-01-06T08:58:31.929+0000] {dagbag.py:588} INFO - Filling up the DagBag from /opt/airflow/dags/kaggle_dag.py
[2025-01-06T08:58:31.972+0000] {processor.py:925} INFO - DAG(s) 'kaggle_dag' retrieved from /opt/airflow/dags/kaggle_dag.py
[2025-01-06T08:58:32.015+0000] {logging_mixin.py:190} INFO - [2025-01-06T08:58:32.014+0000] {dag.py:3239} INFO - Sync 1 DAGs
[2025-01-06T08:58:32.048+0000] {logging_mixin.py:190} INFO - [2025-01-06T08:58:32.047+0000] {dag.py:4180} INFO - Setting next_dagrun for kaggle_dag to None, run_after=None
[2025-01-06T08:58:32.082+0000] {processor.py:208} INFO - Processing /opt/airflow/dags/kaggle_dag.py took 0.167 seconds
[2025-01-06T08:59:02.209+0000] {processor.py:186} INFO - Started process (PID=200) to work on /opt/airflow/dags/kaggle_dag.py
[2025-01-06T08:59:02.211+0000] {processor.py:914} INFO - Processing file /opt/airflow/dags/kaggle_dag.py for tasks to queue
[2025-01-06T08:59:02.215+0000] {logging_mixin.py:190} INFO - [2025-01-06T08:59:02.215+0000] {dagbag.py:588} INFO - Filling up the DagBag from /opt/airflow/dags/kaggle_dag.py
[2025-01-06T08:59:02.275+0000] {processor.py:925} INFO - DAG(s) 'kaggle_dag' retrieved from /opt/airflow/dags/kaggle_dag.py
[2025-01-06T08:59:02.321+0000] {logging_mixin.py:190} INFO - [2025-01-06T08:59:02.320+0000] {dag.py:3239} INFO - Sync 1 DAGs
[2025-01-06T08:59:02.347+0000] {logging_mixin.py:190} INFO - [2025-01-06T08:59:02.346+0000] {dag.py:4180} INFO - Setting next_dagrun for kaggle_dag to None, run_after=None
[2025-01-06T08:59:02.383+0000] {processor.py:208} INFO - Processing /opt/airflow/dags/kaggle_dag.py took 0.187 seconds
[2025-01-06T08:59:32.637+0000] {processor.py:186} INFO - Started process (PID=207) to work on /opt/airflow/dags/kaggle_dag.py
[2025-01-06T08:59:32.639+0000] {processor.py:914} INFO - Processing file /opt/airflow/dags/kaggle_dag.py for tasks to queue
[2025-01-06T08:59:32.643+0000] {logging_mixin.py:190} INFO - [2025-01-06T08:59:32.643+0000] {dagbag.py:588} INFO - Filling up the DagBag from /opt/airflow/dags/kaggle_dag.py
[2025-01-06T08:59:32.701+0000] {processor.py:925} INFO - DAG(s) 'kaggle_dag' retrieved from /opt/airflow/dags/kaggle_dag.py
[2025-01-06T08:59:32.751+0000] {logging_mixin.py:190} INFO - [2025-01-06T08:59:32.751+0000] {dag.py:3239} INFO - Sync 1 DAGs
[2025-01-06T08:59:32.786+0000] {logging_mixin.py:190} INFO - [2025-01-06T08:59:32.785+0000] {dag.py:4180} INFO - Setting next_dagrun for kaggle_dag to None, run_after=None
[2025-01-06T08:59:32.825+0000] {processor.py:208} INFO - Processing /opt/airflow/dags/kaggle_dag.py took 0.201 seconds
[2025-01-06T09:00:02.993+0000] {processor.py:186} INFO - Started process (PID=214) to work on /opt/airflow/dags/kaggle_dag.py
[2025-01-06T09:00:02.995+0000] {processor.py:914} INFO - Processing file /opt/airflow/dags/kaggle_dag.py for tasks to queue
[2025-01-06T09:00:02.999+0000] {logging_mixin.py:190} INFO - [2025-01-06T09:00:02.998+0000] {dagbag.py:588} INFO - Filling up the DagBag from /opt/airflow/dags/kaggle_dag.py
[2025-01-06T09:00:03.059+0000] {processor.py:925} INFO - DAG(s) 'kaggle_dag' retrieved from /opt/airflow/dags/kaggle_dag.py
[2025-01-06T09:00:03.112+0000] {logging_mixin.py:190} INFO - [2025-01-06T09:00:03.111+0000] {dag.py:3239} INFO - Sync 1 DAGs
[2025-01-06T09:00:03.142+0000] {logging_mixin.py:190} INFO - [2025-01-06T09:00:03.142+0000] {dag.py:4180} INFO - Setting next_dagrun for kaggle_dag to None, run_after=None
[2025-01-06T09:00:03.177+0000] {processor.py:208} INFO - Processing /opt/airflow/dags/kaggle_dag.py took 0.197 seconds
[2025-01-06T09:00:33.344+0000] {processor.py:186} INFO - Started process (PID=222) to work on /opt/airflow/dags/kaggle_dag.py
[2025-01-06T09:00:33.346+0000] {processor.py:914} INFO - Processing file /opt/airflow/dags/kaggle_dag.py for tasks to queue
[2025-01-06T09:00:33.349+0000] {logging_mixin.py:190} INFO - [2025-01-06T09:00:33.349+0000] {dagbag.py:588} INFO - Filling up the DagBag from /opt/airflow/dags/kaggle_dag.py
[2025-01-06T09:00:33.399+0000] {processor.py:925} INFO - DAG(s) 'kaggle_dag' retrieved from /opt/airflow/dags/kaggle_dag.py
[2025-01-06T09:00:33.447+0000] {logging_mixin.py:190} INFO - [2025-01-06T09:00:33.446+0000] {dag.py:3239} INFO - Sync 1 DAGs
[2025-01-06T09:00:33.475+0000] {logging_mixin.py:190} INFO - [2025-01-06T09:00:33.475+0000] {dag.py:4180} INFO - Setting next_dagrun for kaggle_dag to None, run_after=None
[2025-01-06T09:00:33.512+0000] {processor.py:208} INFO - Processing /opt/airflow/dags/kaggle_dag.py took 0.177 seconds
[2025-01-06T09:01:03.675+0000] {processor.py:186} INFO - Started process (PID=229) to work on /opt/airflow/dags/kaggle_dag.py
[2025-01-06T09:01:03.677+0000] {processor.py:914} INFO - Processing file /opt/airflow/dags/kaggle_dag.py for tasks to queue
[2025-01-06T09:01:03.681+0000] {logging_mixin.py:190} INFO - [2025-01-06T09:01:03.681+0000] {dagbag.py:588} INFO - Filling up the DagBag from /opt/airflow/dags/kaggle_dag.py
[2025-01-06T09:01:03.741+0000] {processor.py:925} INFO - DAG(s) 'kaggle_dag' retrieved from /opt/airflow/dags/kaggle_dag.py
[2025-01-06T09:01:03.792+0000] {logging_mixin.py:190} INFO - [2025-01-06T09:01:03.791+0000] {dag.py:3239} INFO - Sync 1 DAGs
[2025-01-06T09:01:03.827+0000] {logging_mixin.py:190} INFO - [2025-01-06T09:01:03.826+0000] {dag.py:4180} INFO - Setting next_dagrun for kaggle_dag to None, run_after=None
[2025-01-06T09:01:03.867+0000] {processor.py:208} INFO - Processing /opt/airflow/dags/kaggle_dag.py took 0.205 seconds
[2025-01-06T09:01:33.996+0000] {processor.py:186} INFO - Started process (PID=236) to work on /opt/airflow/dags/kaggle_dag.py
[2025-01-06T09:01:33.998+0000] {processor.py:914} INFO - Processing file /opt/airflow/dags/kaggle_dag.py for tasks to queue
[2025-01-06T09:01:34.001+0000] {logging_mixin.py:190} INFO - [2025-01-06T09:01:34.000+0000] {dagbag.py:588} INFO - Filling up the DagBag from /opt/airflow/dags/kaggle_dag.py
[2025-01-06T09:01:34.042+0000] {processor.py:925} INFO - DAG(s) 'kaggle_dag' retrieved from /opt/airflow/dags/kaggle_dag.py
[2025-01-06T09:01:34.087+0000] {logging_mixin.py:190} INFO - [2025-01-06T09:01:34.087+0000] {dag.py:3239} INFO - Sync 1 DAGs
[2025-01-06T09:01:34.108+0000] {logging_mixin.py:190} INFO - [2025-01-06T09:01:34.107+0000] {dag.py:4180} INFO - Setting next_dagrun for kaggle_dag to None, run_after=None
[2025-01-06T09:01:34.135+0000] {processor.py:208} INFO - Processing /opt/airflow/dags/kaggle_dag.py took 0.151 seconds
[2025-01-06T09:02:04.381+0000] {processor.py:186} INFO - Started process (PID=243) to work on /opt/airflow/dags/kaggle_dag.py
[2025-01-06T09:02:04.383+0000] {processor.py:914} INFO - Processing file /opt/airflow/dags/kaggle_dag.py for tasks to queue
[2025-01-06T09:02:04.389+0000] {logging_mixin.py:190} INFO - [2025-01-06T09:02:04.389+0000] {dagbag.py:588} INFO - Filling up the DagBag from /opt/airflow/dags/kaggle_dag.py
[2025-01-06T09:02:04.452+0000] {processor.py:925} INFO - DAG(s) 'kaggle_dag' retrieved from /opt/airflow/dags/kaggle_dag.py
[2025-01-06T09:02:04.505+0000] {logging_mixin.py:190} INFO - [2025-01-06T09:02:04.504+0000] {dag.py:3239} INFO - Sync 1 DAGs
[2025-01-06T09:02:04.534+0000] {logging_mixin.py:190} INFO - [2025-01-06T09:02:04.534+0000] {dag.py:4180} INFO - Setting next_dagrun for kaggle_dag to None, run_after=None
[2025-01-06T09:02:04.571+0000] {processor.py:208} INFO - Processing /opt/airflow/dags/kaggle_dag.py took 0.201 seconds
[2025-01-06T09:02:34.677+0000] {processor.py:186} INFO - Started process (PID=250) to work on /opt/airflow/dags/kaggle_dag.py
[2025-01-06T09:02:34.679+0000] {processor.py:914} INFO - Processing file /opt/airflow/dags/kaggle_dag.py for tasks to queue
[2025-01-06T09:02:34.685+0000] {logging_mixin.py:190} INFO - [2025-01-06T09:02:34.684+0000] {dagbag.py:588} INFO - Filling up the DagBag from /opt/airflow/dags/kaggle_dag.py
[2025-01-06T09:02:34.736+0000] {processor.py:925} INFO - DAG(s) 'kaggle_dag' retrieved from /opt/airflow/dags/kaggle_dag.py
[2025-01-06T09:02:34.783+0000] {logging_mixin.py:190} INFO - [2025-01-06T09:02:34.783+0000] {dag.py:3239} INFO - Sync 1 DAGs
[2025-01-06T09:02:34.809+0000] {logging_mixin.py:190} INFO - [2025-01-06T09:02:34.808+0000] {dag.py:4180} INFO - Setting next_dagrun for kaggle_dag to None, run_after=None
[2025-01-06T09:02:34.847+0000] {processor.py:208} INFO - Processing /opt/airflow/dags/kaggle_dag.py took 0.182 seconds
[2025-01-06T09:03:05.202+0000] {processor.py:186} INFO - Started process (PID=257) to work on /opt/airflow/dags/kaggle_dag.py
[2025-01-06T09:03:05.204+0000] {processor.py:914} INFO - Processing file /opt/airflow/dags/kaggle_dag.py for tasks to queue
[2025-01-06T09:03:05.210+0000] {logging_mixin.py:190} INFO - [2025-01-06T09:03:05.209+0000] {dagbag.py:588} INFO - Filling up the DagBag from /opt/airflow/dags/kaggle_dag.py
[2025-01-06T09:03:05.289+0000] {processor.py:925} INFO - DAG(s) 'kaggle_dag' retrieved from /opt/airflow/dags/kaggle_dag.py
[2025-01-06T09:03:05.368+0000] {logging_mixin.py:190} INFO - [2025-01-06T09:03:05.367+0000] {dag.py:3239} INFO - Sync 1 DAGs
[2025-01-06T09:03:05.422+0000] {logging_mixin.py:190} INFO - [2025-01-06T09:03:05.421+0000] {dag.py:4180} INFO - Setting next_dagrun for kaggle_dag to None, run_after=None
[2025-01-06T09:03:05.468+0000] {processor.py:208} INFO - Processing /opt/airflow/dags/kaggle_dag.py took 0.285 seconds
[2025-01-06T09:03:35.754+0000] {processor.py:186} INFO - Started process (PID=264) to work on /opt/airflow/dags/kaggle_dag.py
[2025-01-06T09:03:35.755+0000] {processor.py:914} INFO - Processing file /opt/airflow/dags/kaggle_dag.py for tasks to queue
[2025-01-06T09:03:35.760+0000] {logging_mixin.py:190} INFO - [2025-01-06T09:03:35.760+0000] {dagbag.py:588} INFO - Filling up the DagBag from /opt/airflow/dags/kaggle_dag.py
[2025-01-06T09:03:35.809+0000] {processor.py:925} INFO - DAG(s) 'kaggle_dag' retrieved from /opt/airflow/dags/kaggle_dag.py
[2025-01-06T09:03:35.858+0000] {logging_mixin.py:190} INFO - [2025-01-06T09:03:35.858+0000] {dag.py:3239} INFO - Sync 1 DAGs
[2025-01-06T09:03:35.889+0000] {logging_mixin.py:190} INFO - [2025-01-06T09:03:35.889+0000] {dag.py:4180} INFO - Setting next_dagrun for kaggle_dag to None, run_after=None
[2025-01-06T09:03:35.919+0000] {processor.py:208} INFO - Processing /opt/airflow/dags/kaggle_dag.py took 0.174 seconds
[2025-01-06T10:10:41.538+0000] {processor.py:186} INFO - Started process (PID=74) to work on /opt/airflow/dags/kaggle_dag.py
[2025-01-06T10:10:41.542+0000] {processor.py:914} INFO - Processing file /opt/airflow/dags/kaggle_dag.py for tasks to queue
[2025-01-06T10:10:41.548+0000] {logging_mixin.py:190} INFO - [2025-01-06T10:10:41.547+0000] {dagbag.py:588} INFO - Filling up the DagBag from /opt/airflow/dags/kaggle_dag.py
[2025-01-06T10:10:41.728+0000] {processor.py:925} INFO - DAG(s) 'kaggle_dag' retrieved from /opt/airflow/dags/kaggle_dag.py
[2025-01-06T10:10:41.811+0000] {logging_mixin.py:190} INFO - [2025-01-06T10:10:41.810+0000] {dag.py:3239} INFO - Sync 1 DAGs
[2025-01-06T10:10:41.850+0000] {logging_mixin.py:190} INFO - [2025-01-06T10:10:41.849+0000] {dag.py:4180} INFO - Setting next_dagrun for kaggle_dag to None, run_after=None
[2025-01-06T10:10:41.896+0000] {processor.py:208} INFO - Processing /opt/airflow/dags/kaggle_dag.py took 0.371 seconds
[2025-01-06T10:11:12.199+0000] {processor.py:186} INFO - Started process (PID=81) to work on /opt/airflow/dags/kaggle_dag.py
[2025-01-06T10:11:12.201+0000] {processor.py:914} INFO - Processing file /opt/airflow/dags/kaggle_dag.py for tasks to queue
[2025-01-06T10:11:12.205+0000] {logging_mixin.py:190} INFO - [2025-01-06T10:11:12.205+0000] {dagbag.py:588} INFO - Filling up the DagBag from /opt/airflow/dags/kaggle_dag.py
[2025-01-06T10:11:12.258+0000] {processor.py:925} INFO - DAG(s) 'kaggle_dag' retrieved from /opt/airflow/dags/kaggle_dag.py
[2025-01-06T10:11:12.306+0000] {logging_mixin.py:190} INFO - [2025-01-06T10:11:12.306+0000] {dag.py:3239} INFO - Sync 1 DAGs
[2025-01-06T10:11:12.342+0000] {logging_mixin.py:190} INFO - [2025-01-06T10:11:12.341+0000] {dag.py:4180} INFO - Setting next_dagrun for kaggle_dag to None, run_after=None
[2025-01-06T10:11:12.376+0000] {processor.py:208} INFO - Processing /opt/airflow/dags/kaggle_dag.py took 0.189 seconds
[2025-01-06T10:11:42.506+0000] {processor.py:186} INFO - Started process (PID=88) to work on /opt/airflow/dags/kaggle_dag.py
[2025-01-06T10:11:42.508+0000] {processor.py:914} INFO - Processing file /opt/airflow/dags/kaggle_dag.py for tasks to queue
[2025-01-06T10:11:42.519+0000] {logging_mixin.py:190} INFO - [2025-01-06T10:11:42.518+0000] {dagbag.py:588} INFO - Filling up the DagBag from /opt/airflow/dags/kaggle_dag.py
[2025-01-06T10:11:42.639+0000] {processor.py:925} INFO - DAG(s) 'kaggle_dag' retrieved from /opt/airflow/dags/kaggle_dag.py
[2025-01-06T10:11:42.732+0000] {logging_mixin.py:190} INFO - [2025-01-06T10:11:42.731+0000] {dag.py:3239} INFO - Sync 1 DAGs
[2025-01-06T10:11:42.784+0000] {logging_mixin.py:190} INFO - [2025-01-06T10:11:42.784+0000] {dag.py:4180} INFO - Setting next_dagrun for kaggle_dag to None, run_after=None
[2025-01-06T10:11:42.847+0000] {processor.py:208} INFO - Processing /opt/airflow/dags/kaggle_dag.py took 0.365 seconds
[2025-01-06T10:12:13.025+0000] {processor.py:186} INFO - Started process (PID=95) to work on /opt/airflow/dags/kaggle_dag.py
[2025-01-06T10:12:13.027+0000] {processor.py:914} INFO - Processing file /opt/airflow/dags/kaggle_dag.py for tasks to queue
[2025-01-06T10:12:13.034+0000] {logging_mixin.py:190} INFO - [2025-01-06T10:12:13.033+0000] {dagbag.py:588} INFO - Filling up the DagBag from /opt/airflow/dags/kaggle_dag.py
[2025-01-06T10:12:13.114+0000] {processor.py:925} INFO - DAG(s) 'kaggle_dag' retrieved from /opt/airflow/dags/kaggle_dag.py
[2025-01-06T10:12:13.187+0000] {logging_mixin.py:190} INFO - [2025-01-06T10:12:13.186+0000] {dag.py:3239} INFO - Sync 1 DAGs
[2025-01-06T10:12:13.226+0000] {logging_mixin.py:190} INFO - [2025-01-06T10:12:13.225+0000] {dag.py:4180} INFO - Setting next_dagrun for kaggle_dag to None, run_after=None
[2025-01-06T10:12:13.271+0000] {processor.py:208} INFO - Processing /opt/airflow/dags/kaggle_dag.py took 0.262 seconds
[2025-01-06T10:12:43.499+0000] {processor.py:186} INFO - Started process (PID=102) to work on /opt/airflow/dags/kaggle_dag.py
[2025-01-06T10:12:43.502+0000] {processor.py:914} INFO - Processing file /opt/airflow/dags/kaggle_dag.py for tasks to queue
[2025-01-06T10:12:43.510+0000] {logging_mixin.py:190} INFO - [2025-01-06T10:12:43.509+0000] {dagbag.py:588} INFO - Filling up the DagBag from /opt/airflow/dags/kaggle_dag.py
[2025-01-06T10:12:43.583+0000] {processor.py:925} INFO - DAG(s) 'kaggle_dag' retrieved from /opt/airflow/dags/kaggle_dag.py
[2025-01-06T10:12:43.648+0000] {logging_mixin.py:190} INFO - [2025-01-06T10:12:43.647+0000] {dag.py:3239} INFO - Sync 1 DAGs
[2025-01-06T10:12:43.694+0000] {logging_mixin.py:190} INFO - [2025-01-06T10:12:43.694+0000] {dag.py:4180} INFO - Setting next_dagrun for kaggle_dag to None, run_after=None
[2025-01-06T10:12:43.734+0000] {processor.py:208} INFO - Processing /opt/airflow/dags/kaggle_dag.py took 0.250 seconds
[2025-01-06T10:13:13.889+0000] {processor.py:186} INFO - Started process (PID=109) to work on /opt/airflow/dags/kaggle_dag.py
[2025-01-06T10:13:13.891+0000] {processor.py:914} INFO - Processing file /opt/airflow/dags/kaggle_dag.py for tasks to queue
[2025-01-06T10:13:13.896+0000] {logging_mixin.py:190} INFO - [2025-01-06T10:13:13.895+0000] {dagbag.py:588} INFO - Filling up the DagBag from /opt/airflow/dags/kaggle_dag.py
[2025-01-06T10:13:13.966+0000] {processor.py:925} INFO - DAG(s) 'kaggle_dag' retrieved from /opt/airflow/dags/kaggle_dag.py
[2025-01-06T10:13:14.036+0000] {logging_mixin.py:190} INFO - [2025-01-06T10:13:14.035+0000] {dag.py:3239} INFO - Sync 1 DAGs
[2025-01-06T10:13:14.093+0000] {logging_mixin.py:190} INFO - [2025-01-06T10:13:14.093+0000] {dag.py:4180} INFO - Setting next_dagrun for kaggle_dag to None, run_after=None
[2025-01-06T10:13:14.155+0000] {processor.py:208} INFO - Processing /opt/airflow/dags/kaggle_dag.py took 0.278 seconds
[2025-01-06T10:13:44.347+0000] {processor.py:186} INFO - Started process (PID=116) to work on /opt/airflow/dags/kaggle_dag.py
[2025-01-06T10:13:44.348+0000] {processor.py:914} INFO - Processing file /opt/airflow/dags/kaggle_dag.py for tasks to queue
[2025-01-06T10:13:44.353+0000] {logging_mixin.py:190} INFO - [2025-01-06T10:13:44.353+0000] {dagbag.py:588} INFO - Filling up the DagBag from /opt/airflow/dags/kaggle_dag.py
[2025-01-06T10:13:44.413+0000] {processor.py:925} INFO - DAG(s) 'kaggle_dag' retrieved from /opt/airflow/dags/kaggle_dag.py
[2025-01-06T10:13:44.467+0000] {logging_mixin.py:190} INFO - [2025-01-06T10:13:44.466+0000] {dag.py:3239} INFO - Sync 1 DAGs
[2025-01-06T10:13:44.495+0000] {logging_mixin.py:190} INFO - [2025-01-06T10:13:44.495+0000] {dag.py:4180} INFO - Setting next_dagrun for kaggle_dag to None, run_after=None
[2025-01-06T10:13:44.534+0000] {processor.py:208} INFO - Processing /opt/airflow/dags/kaggle_dag.py took 0.198 seconds
[2025-01-06T10:14:14.766+0000] {processor.py:186} INFO - Started process (PID=123) to work on /opt/airflow/dags/kaggle_dag.py
[2025-01-06T10:14:14.768+0000] {processor.py:914} INFO - Processing file /opt/airflow/dags/kaggle_dag.py for tasks to queue
[2025-01-06T10:14:14.775+0000] {logging_mixin.py:190} INFO - [2025-01-06T10:14:14.774+0000] {dagbag.py:588} INFO - Filling up the DagBag from /opt/airflow/dags/kaggle_dag.py
[2025-01-06T10:14:14.859+0000] {processor.py:925} INFO - DAG(s) 'kaggle_dag' retrieved from /opt/airflow/dags/kaggle_dag.py
[2025-01-06T10:14:14.929+0000] {logging_mixin.py:190} INFO - [2025-01-06T10:14:14.928+0000] {dag.py:3239} INFO - Sync 1 DAGs
[2025-01-06T10:14:14.976+0000] {logging_mixin.py:190} INFO - [2025-01-06T10:14:14.975+0000] {dag.py:4180} INFO - Setting next_dagrun for kaggle_dag to None, run_after=None
[2025-01-06T10:14:15.442+0000] {processor.py:208} INFO - Processing /opt/airflow/dags/kaggle_dag.py took 0.689 seconds
[2025-01-06T10:14:45.790+0000] {processor.py:186} INFO - Started process (PID=130) to work on /opt/airflow/dags/kaggle_dag.py
[2025-01-06T10:14:45.793+0000] {processor.py:914} INFO - Processing file /opt/airflow/dags/kaggle_dag.py for tasks to queue
[2025-01-06T10:14:45.799+0000] {logging_mixin.py:190} INFO - [2025-01-06T10:14:45.798+0000] {dagbag.py:588} INFO - Filling up the DagBag from /opt/airflow/dags/kaggle_dag.py
[2025-01-06T10:14:45.874+0000] {processor.py:925} INFO - DAG(s) 'kaggle_dag' retrieved from /opt/airflow/dags/kaggle_dag.py
[2025-01-06T10:14:45.947+0000] {logging_mixin.py:190} INFO - [2025-01-06T10:14:45.946+0000] {dag.py:3239} INFO - Sync 1 DAGs
[2025-01-06T10:14:46.403+0000] {logging_mixin.py:190} INFO - [2025-01-06T10:14:46.402+0000] {dag.py:4180} INFO - Setting next_dagrun for kaggle_dag to None, run_after=None
[2025-01-06T10:14:46.456+0000] {processor.py:208} INFO - Processing /opt/airflow/dags/kaggle_dag.py took 0.677 seconds
[2025-01-06T10:15:16.767+0000] {processor.py:186} INFO - Started process (PID=137) to work on /opt/airflow/dags/kaggle_dag.py
[2025-01-06T10:15:16.769+0000] {processor.py:914} INFO - Processing file /opt/airflow/dags/kaggle_dag.py for tasks to queue
[2025-01-06T10:15:16.774+0000] {logging_mixin.py:190} INFO - [2025-01-06T10:15:16.773+0000] {dagbag.py:588} INFO - Filling up the DagBag from /opt/airflow/dags/kaggle_dag.py
[2025-01-06T10:15:16.831+0000] {processor.py:925} INFO - DAG(s) 'kaggle_dag' retrieved from /opt/airflow/dags/kaggle_dag.py
[2025-01-06T10:15:17.109+0000] {logging_mixin.py:190} INFO - [2025-01-06T10:15:17.108+0000] {dag.py:3239} INFO - Sync 1 DAGs
[2025-01-06T10:15:17.133+0000] {logging_mixin.py:190} INFO - [2025-01-06T10:15:17.132+0000] {dag.py:4180} INFO - Setting next_dagrun for kaggle_dag to None, run_after=None
[2025-01-06T10:15:17.167+0000] {processor.py:208} INFO - Processing /opt/airflow/dags/kaggle_dag.py took 0.412 seconds
[2025-01-06T10:15:47.468+0000] {processor.py:186} INFO - Started process (PID=144) to work on /opt/airflow/dags/kaggle_dag.py
[2025-01-06T10:15:47.470+0000] {processor.py:914} INFO - Processing file /opt/airflow/dags/kaggle_dag.py for tasks to queue
[2025-01-06T10:15:47.475+0000] {logging_mixin.py:190} INFO - [2025-01-06T10:15:47.473+0000] {dagbag.py:588} INFO - Filling up the DagBag from /opt/airflow/dags/kaggle_dag.py
[2025-01-06T10:15:47.784+0000] {processor.py:925} INFO - DAG(s) 'kaggle_dag' retrieved from /opt/airflow/dags/kaggle_dag.py
[2025-01-06T10:15:47.825+0000] {logging_mixin.py:190} INFO - [2025-01-06T10:15:47.824+0000] {dag.py:3239} INFO - Sync 1 DAGs
[2025-01-06T10:15:47.848+0000] {logging_mixin.py:190} INFO - [2025-01-06T10:15:47.847+0000] {dag.py:4180} INFO - Setting next_dagrun for kaggle_dag to None, run_after=None
[2025-01-06T10:15:47.883+0000] {processor.py:208} INFO - Processing /opt/airflow/dags/kaggle_dag.py took 0.425 seconds
[2025-01-06T10:16:18.193+0000] {processor.py:186} INFO - Started process (PID=151) to work on /opt/airflow/dags/kaggle_dag.py
[2025-01-06T10:16:18.194+0000] {processor.py:914} INFO - Processing file /opt/airflow/dags/kaggle_dag.py for tasks to queue
[2025-01-06T10:16:18.198+0000] {logging_mixin.py:190} INFO - [2025-01-06T10:16:18.198+0000] {dagbag.py:588} INFO - Filling up the DagBag from /opt/airflow/dags/kaggle_dag.py
[2025-01-06T10:16:18.267+0000] {processor.py:925} INFO - DAG(s) 'kaggle_dag' retrieved from /opt/airflow/dags/kaggle_dag.py
[2025-01-06T10:16:18.969+0000] {logging_mixin.py:190} INFO - [2025-01-06T10:16:18.968+0000] {dag.py:3239} INFO - Sync 1 DAGs
[2025-01-06T10:16:18.990+0000] {logging_mixin.py:190} INFO - [2025-01-06T10:16:18.989+0000] {dag.py:4180} INFO - Setting next_dagrun for kaggle_dag to None, run_after=None
[2025-01-06T10:16:19.025+0000] {processor.py:208} INFO - Processing /opt/airflow/dags/kaggle_dag.py took 0.844 seconds
[2025-01-06T10:16:49.306+0000] {processor.py:186} INFO - Started process (PID=158) to work on /opt/airflow/dags/kaggle_dag.py
[2025-01-06T10:16:49.308+0000] {processor.py:914} INFO - Processing file /opt/airflow/dags/kaggle_dag.py for tasks to queue
[2025-01-06T10:16:49.313+0000] {logging_mixin.py:190} INFO - [2025-01-06T10:16:49.312+0000] {dagbag.py:588} INFO - Filling up the DagBag from /opt/airflow/dags/kaggle_dag.py
[2025-01-06T10:16:49.359+0000] {processor.py:925} INFO - DAG(s) 'kaggle_dag' retrieved from /opt/airflow/dags/kaggle_dag.py
[2025-01-06T10:16:49.418+0000] {logging_mixin.py:190} INFO - [2025-01-06T10:16:49.417+0000] {dag.py:3239} INFO - Sync 1 DAGs
[2025-01-06T10:16:49.451+0000] {logging_mixin.py:190} INFO - [2025-01-06T10:16:49.450+0000] {dag.py:4180} INFO - Setting next_dagrun for kaggle_dag to None, run_after=None
[2025-01-06T10:16:49.708+0000] {processor.py:208} INFO - Processing /opt/airflow/dags/kaggle_dag.py took 0.416 seconds
[2025-01-06T10:17:20.027+0000] {processor.py:186} INFO - Started process (PID=165) to work on /opt/airflow/dags/kaggle_dag.py
[2025-01-06T10:17:20.029+0000] {processor.py:914} INFO - Processing file /opt/airflow/dags/kaggle_dag.py for tasks to queue
[2025-01-06T10:17:20.033+0000] {logging_mixin.py:190} INFO - [2025-01-06T10:17:20.033+0000] {dagbag.py:588} INFO - Filling up the DagBag from /opt/airflow/dags/kaggle_dag.py
[2025-01-06T10:17:20.091+0000] {processor.py:925} INFO - DAG(s) 'kaggle_dag' retrieved from /opt/airflow/dags/kaggle_dag.py
[2025-01-06T10:17:20.146+0000] {logging_mixin.py:190} INFO - [2025-01-06T10:17:20.145+0000] {dag.py:3239} INFO - Sync 1 DAGs
[2025-01-06T10:17:20.395+0000] {logging_mixin.py:190} INFO - [2025-01-06T10:17:20.395+0000] {dag.py:4180} INFO - Setting next_dagrun for kaggle_dag to None, run_after=None
[2025-01-06T10:17:20.429+0000] {processor.py:208} INFO - Processing /opt/airflow/dags/kaggle_dag.py took 0.413 seconds
[2025-01-06T10:17:50.715+0000] {processor.py:186} INFO - Started process (PID=172) to work on /opt/airflow/dags/kaggle_dag.py
[2025-01-06T10:17:50.717+0000] {processor.py:914} INFO - Processing file /opt/airflow/dags/kaggle_dag.py for tasks to queue
[2025-01-06T10:17:50.720+0000] {logging_mixin.py:190} INFO - [2025-01-06T10:17:50.719+0000] {dagbag.py:588} INFO - Filling up the DagBag from /opt/airflow/dags/kaggle_dag.py
[2025-01-06T10:17:50.774+0000] {processor.py:925} INFO - DAG(s) 'kaggle_dag' retrieved from /opt/airflow/dags/kaggle_dag.py
[2025-01-06T10:17:51.086+0000] {logging_mixin.py:190} INFO - [2025-01-06T10:17:51.086+0000] {dag.py:3239} INFO - Sync 1 DAGs
[2025-01-06T10:17:51.108+0000] {logging_mixin.py:190} INFO - [2025-01-06T10:17:51.107+0000] {dag.py:4180} INFO - Setting next_dagrun for kaggle_dag to None, run_after=None
[2025-01-06T10:17:51.146+0000] {processor.py:208} INFO - Processing /opt/airflow/dags/kaggle_dag.py took 0.441 seconds
[2025-01-06T10:18:15.927+0000] {processor.py:186} INFO - Started process (PID=180) to work on /opt/airflow/dags/kaggle_dag.py
[2025-01-06T10:18:15.929+0000] {processor.py:914} INFO - Processing file /opt/airflow/dags/kaggle_dag.py for tasks to queue
[2025-01-06T10:18:15.933+0000] {logging_mixin.py:190} INFO - [2025-01-06T10:18:15.932+0000] {dagbag.py:588} INFO - Filling up the DagBag from /opt/airflow/dags/kaggle_dag.py
[2025-01-06T10:18:16.307+0000] {processor.py:925} INFO - DAG(s) 'kaggle_dag' retrieved from /opt/airflow/dags/kaggle_dag.py
[2025-01-06T10:18:16.530+0000] {logging_mixin.py:190} INFO - [2025-01-06T10:18:16.529+0000] {dag.py:3239} INFO - Sync 1 DAGs
[2025-01-06T10:18:16.559+0000] {logging_mixin.py:190} INFO - [2025-01-06T10:18:16.558+0000] {dag.py:4180} INFO - Setting next_dagrun for kaggle_dag to None, run_after=None
[2025-01-06T10:18:16.609+0000] {processor.py:208} INFO - Processing /opt/airflow/dags/kaggle_dag.py took 0.693 seconds
[2025-01-06T10:18:17.427+0000] {processor.py:186} INFO - Started process (PID=181) to work on /opt/airflow/dags/kaggle_dag.py
[2025-01-06T10:18:17.429+0000] {processor.py:914} INFO - Processing file /opt/airflow/dags/kaggle_dag.py for tasks to queue
[2025-01-06T10:18:17.434+0000] {logging_mixin.py:190} INFO - [2025-01-06T10:18:17.433+0000] {dagbag.py:588} INFO - Filling up the DagBag from /opt/airflow/dags/kaggle_dag.py
[2025-01-06T10:18:17.724+0000] {processor.py:925} INFO - DAG(s) 'kaggle_dag' retrieved from /opt/airflow/dags/kaggle_dag.py
[2025-01-06T10:18:17.742+0000] {logging_mixin.py:190} INFO - [2025-01-06T10:18:17.741+0000] {dag.py:3239} INFO - Sync 1 DAGs
[2025-01-06T10:18:17.766+0000] {logging_mixin.py:190} INFO - [2025-01-06T10:18:17.766+0000] {dag.py:4180} INFO - Setting next_dagrun for kaggle_dag to None, run_after=None
[2025-01-06T10:18:17.802+0000] {processor.py:208} INFO - Processing /opt/airflow/dags/kaggle_dag.py took 0.389 seconds
[2025-01-06T10:18:33.818+0000] {processor.py:186} INFO - Started process (PID=188) to work on /opt/airflow/dags/kaggle_dag.py
[2025-01-06T10:18:33.820+0000] {processor.py:914} INFO - Processing file /opt/airflow/dags/kaggle_dag.py for tasks to queue
[2025-01-06T10:18:33.824+0000] {logging_mixin.py:190} INFO - [2025-01-06T10:18:33.823+0000] {dagbag.py:588} INFO - Filling up the DagBag from /opt/airflow/dags/kaggle_dag.py
[2025-01-06T10:18:34.174+0000] {processor.py:925} INFO - DAG(s) 'kaggle_dag' retrieved from /opt/airflow/dags/kaggle_dag.py
[2025-01-06T10:18:34.187+0000] {logging_mixin.py:190} INFO - [2025-01-06T10:18:34.187+0000] {dag.py:3239} INFO - Sync 1 DAGs
[2025-01-06T10:18:34.209+0000] {logging_mixin.py:190} INFO - [2025-01-06T10:18:34.209+0000] {dag.py:4180} INFO - Setting next_dagrun for kaggle_dag to None, run_after=None
[2025-01-06T10:18:34.246+0000] {processor.py:208} INFO - Processing /opt/airflow/dags/kaggle_dag.py took 0.437 seconds
[2025-01-06T10:18:35.014+0000] {processor.py:186} INFO - Started process (PID=189) to work on /opt/airflow/dags/kaggle_dag.py
[2025-01-06T10:18:35.015+0000] {processor.py:914} INFO - Processing file /opt/airflow/dags/kaggle_dag.py for tasks to queue
[2025-01-06T10:18:35.019+0000] {logging_mixin.py:190} INFO - [2025-01-06T10:18:35.019+0000] {dagbag.py:588} INFO - Filling up the DagBag from /opt/airflow/dags/kaggle_dag.py
[2025-01-06T10:18:35.339+0000] {processor.py:925} INFO - DAG(s) 'kaggle_dag' retrieved from /opt/airflow/dags/kaggle_dag.py
[2025-01-06T10:18:35.358+0000] {logging_mixin.py:190} INFO - [2025-01-06T10:18:35.357+0000] {dag.py:3239} INFO - Sync 1 DAGs
[2025-01-06T10:18:35.388+0000] {logging_mixin.py:190} INFO - [2025-01-06T10:18:35.387+0000] {dag.py:4180} INFO - Setting next_dagrun for kaggle_dag to None, run_after=None
[2025-01-06T10:18:35.428+0000] {processor.py:208} INFO - Processing /opt/airflow/dags/kaggle_dag.py took 0.423 seconds
[2025-01-06T10:18:36.330+0000] {processor.py:186} INFO - Started process (PID=190) to work on /opt/airflow/dags/kaggle_dag.py
[2025-01-06T10:18:36.332+0000] {processor.py:914} INFO - Processing file /opt/airflow/dags/kaggle_dag.py for tasks to queue
[2025-01-06T10:18:36.336+0000] {logging_mixin.py:190} INFO - [2025-01-06T10:18:36.336+0000] {dagbag.py:588} INFO - Filling up the DagBag from /opt/airflow/dags/kaggle_dag.py
[2025-01-06T10:18:36.651+0000] {processor.py:925} INFO - DAG(s) 'kaggle_dag' retrieved from /opt/airflow/dags/kaggle_dag.py
[2025-01-06T10:18:36.664+0000] {logging_mixin.py:190} INFO - [2025-01-06T10:18:36.664+0000] {dag.py:3239} INFO - Sync 1 DAGs
[2025-01-06T10:18:36.687+0000] {logging_mixin.py:190} INFO - [2025-01-06T10:18:36.687+0000] {dag.py:4180} INFO - Setting next_dagrun for kaggle_dag to None, run_after=None
[2025-01-06T10:18:36.728+0000] {processor.py:208} INFO - Processing /opt/airflow/dags/kaggle_dag.py took 0.410 seconds
[2025-01-06T10:18:37.533+0000] {processor.py:186} INFO - Started process (PID=191) to work on /opt/airflow/dags/kaggle_dag.py
[2025-01-06T10:18:37.536+0000] {processor.py:914} INFO - Processing file /opt/airflow/dags/kaggle_dag.py for tasks to queue
[2025-01-06T10:18:37.544+0000] {logging_mixin.py:190} INFO - [2025-01-06T10:18:37.544+0000] {dagbag.py:588} INFO - Filling up the DagBag from /opt/airflow/dags/kaggle_dag.py
[2025-01-06T10:18:37.911+0000] {processor.py:925} INFO - DAG(s) 'kaggle_dag' retrieved from /opt/airflow/dags/kaggle_dag.py
[2025-01-06T10:18:37.925+0000] {logging_mixin.py:190} INFO - [2025-01-06T10:18:37.924+0000] {dag.py:3239} INFO - Sync 1 DAGs
[2025-01-06T10:18:37.946+0000] {logging_mixin.py:190} INFO - [2025-01-06T10:18:37.946+0000] {dag.py:4180} INFO - Setting next_dagrun for kaggle_dag to None, run_after=None
[2025-01-06T10:18:37.989+0000] {processor.py:208} INFO - Processing /opt/airflow/dags/kaggle_dag.py took 0.471 seconds
[2025-01-06T10:19:08.103+0000] {processor.py:186} INFO - Started process (PID=202) to work on /opt/airflow/dags/kaggle_dag.py
[2025-01-06T10:19:08.105+0000] {processor.py:914} INFO - Processing file /opt/airflow/dags/kaggle_dag.py for tasks to queue
[2025-01-06T10:19:08.114+0000] {logging_mixin.py:190} INFO - [2025-01-06T10:19:08.113+0000] {dagbag.py:588} INFO - Filling up the DagBag from /opt/airflow/dags/kaggle_dag.py
[2025-01-06T10:19:08.203+0000] {processor.py:925} INFO - DAG(s) 'kaggle_dag' retrieved from /opt/airflow/dags/kaggle_dag.py
[2025-01-06T10:19:08.544+0000] {logging_mixin.py:190} INFO - [2025-01-06T10:19:08.543+0000] {dag.py:3239} INFO - Sync 1 DAGs
[2025-01-06T10:19:08.585+0000] {logging_mixin.py:190} INFO - [2025-01-06T10:19:08.584+0000] {dag.py:4180} INFO - Setting next_dagrun for kaggle_dag to None, run_after=None
[2025-01-06T10:19:08.634+0000] {processor.py:208} INFO - Processing /opt/airflow/dags/kaggle_dag.py took 0.547 seconds
[2025-01-06T10:19:38.945+0000] {processor.py:186} INFO - Started process (PID=209) to work on /opt/airflow/dags/kaggle_dag.py
[2025-01-06T10:19:38.947+0000] {processor.py:914} INFO - Processing file /opt/airflow/dags/kaggle_dag.py for tasks to queue
[2025-01-06T10:19:38.954+0000] {logging_mixin.py:190} INFO - [2025-01-06T10:19:38.954+0000] {dagbag.py:588} INFO - Filling up the DagBag from /opt/airflow/dags/kaggle_dag.py
[2025-01-06T10:19:39.040+0000] {processor.py:925} INFO - DAG(s) 'kaggle_dag' retrieved from /opt/airflow/dags/kaggle_dag.py
[2025-01-06T10:19:39.114+0000] {logging_mixin.py:190} INFO - [2025-01-06T10:19:39.113+0000] {dag.py:3239} INFO - Sync 1 DAGs
[2025-01-06T10:19:39.155+0000] {logging_mixin.py:190} INFO - [2025-01-06T10:19:39.154+0000] {dag.py:4180} INFO - Setting next_dagrun for kaggle_dag to None, run_after=None
[2025-01-06T10:19:39.201+0000] {processor.py:208} INFO - Processing /opt/airflow/dags/kaggle_dag.py took 0.274 seconds
[2025-01-06T10:20:09.281+0000] {processor.py:186} INFO - Started process (PID=216) to work on /opt/airflow/dags/kaggle_dag.py
[2025-01-06T10:20:09.284+0000] {processor.py:914} INFO - Processing file /opt/airflow/dags/kaggle_dag.py for tasks to queue
[2025-01-06T10:20:09.292+0000] {logging_mixin.py:190} INFO - [2025-01-06T10:20:09.290+0000] {dagbag.py:588} INFO - Filling up the DagBag from /opt/airflow/dags/kaggle_dag.py
[2025-01-06T10:20:09.366+0000] {processor.py:925} INFO - DAG(s) 'kaggle_dag' retrieved from /opt/airflow/dags/kaggle_dag.py
[2025-01-06T10:20:09.444+0000] {logging_mixin.py:190} INFO - [2025-01-06T10:20:09.444+0000] {dag.py:3239} INFO - Sync 1 DAGs
[2025-01-06T10:20:09.485+0000] {logging_mixin.py:190} INFO - [2025-01-06T10:20:09.485+0000] {dag.py:4180} INFO - Setting next_dagrun for kaggle_dag to None, run_after=None
[2025-01-06T10:20:09.540+0000] {processor.py:208} INFO - Processing /opt/airflow/dags/kaggle_dag.py took 0.276 seconds
[2025-01-06T10:20:39.868+0000] {processor.py:186} INFO - Started process (PID=223) to work on /opt/airflow/dags/kaggle_dag.py
[2025-01-06T10:20:39.870+0000] {processor.py:914} INFO - Processing file /opt/airflow/dags/kaggle_dag.py for tasks to queue
[2025-01-06T10:20:39.881+0000] {logging_mixin.py:190} INFO - [2025-01-06T10:20:39.880+0000] {dagbag.py:588} INFO - Filling up the DagBag from /opt/airflow/dags/kaggle_dag.py
[2025-01-06T10:20:39.970+0000] {processor.py:925} INFO - DAG(s) 'kaggle_dag' retrieved from /opt/airflow/dags/kaggle_dag.py
[2025-01-06T10:20:40.053+0000] {logging_mixin.py:190} INFO - [2025-01-06T10:20:40.052+0000] {dag.py:3239} INFO - Sync 1 DAGs
[2025-01-06T10:20:40.100+0000] {logging_mixin.py:190} INFO - [2025-01-06T10:20:40.100+0000] {dag.py:4180} INFO - Setting next_dagrun for kaggle_dag to None, run_after=None
[2025-01-06T10:20:40.151+0000] {processor.py:208} INFO - Processing /opt/airflow/dags/kaggle_dag.py took 0.299 seconds
[2025-01-06T10:21:10.695+0000] {processor.py:186} INFO - Started process (PID=230) to work on /opt/airflow/dags/kaggle_dag.py
[2025-01-06T10:21:10.698+0000] {processor.py:914} INFO - Processing file /opt/airflow/dags/kaggle_dag.py for tasks to queue
[2025-01-06T10:21:10.706+0000] {logging_mixin.py:190} INFO - [2025-01-06T10:21:10.703+0000] {dagbag.py:588} INFO - Filling up the DagBag from /opt/airflow/dags/kaggle_dag.py
[2025-01-06T10:21:10.797+0000] {processor.py:925} INFO - DAG(s) 'kaggle_dag' retrieved from /opt/airflow/dags/kaggle_dag.py
[2025-01-06T10:21:11.230+0000] {logging_mixin.py:190} INFO - [2025-01-06T10:21:11.229+0000] {dag.py:3239} INFO - Sync 1 DAGs
[2025-01-06T10:21:11.269+0000] {logging_mixin.py:190} INFO - [2025-01-06T10:21:11.269+0000] {dag.py:4180} INFO - Setting next_dagrun for kaggle_dag to None, run_after=None
[2025-01-06T10:21:11.340+0000] {processor.py:208} INFO - Processing /opt/airflow/dags/kaggle_dag.py took 0.667 seconds
[2025-01-06T10:21:41.502+0000] {processor.py:186} INFO - Started process (PID=237) to work on /opt/airflow/dags/kaggle_dag.py
[2025-01-06T10:21:41.504+0000] {processor.py:914} INFO - Processing file /opt/airflow/dags/kaggle_dag.py for tasks to queue
[2025-01-06T10:21:41.512+0000] {logging_mixin.py:190} INFO - [2025-01-06T10:21:41.511+0000] {dagbag.py:588} INFO - Filling up the DagBag from /opt/airflow/dags/kaggle_dag.py
[2025-01-06T10:21:41.629+0000] {processor.py:925} INFO - DAG(s) 'kaggle_dag' retrieved from /opt/airflow/dags/kaggle_dag.py
[2025-01-06T10:21:41.718+0000] {logging_mixin.py:190} INFO - [2025-01-06T10:21:41.717+0000] {dag.py:3239} INFO - Sync 1 DAGs
[2025-01-06T10:21:41.761+0000] {logging_mixin.py:190} INFO - [2025-01-06T10:21:41.760+0000] {dag.py:4180} INFO - Setting next_dagrun for kaggle_dag to None, run_after=None
[2025-01-06T10:21:41.820+0000] {processor.py:208} INFO - Processing /opt/airflow/dags/kaggle_dag.py took 0.343 seconds
[2025-01-06T10:22:12.014+0000] {processor.py:186} INFO - Started process (PID=244) to work on /opt/airflow/dags/kaggle_dag.py
[2025-01-06T10:22:12.016+0000] {processor.py:914} INFO - Processing file /opt/airflow/dags/kaggle_dag.py for tasks to queue
[2025-01-06T10:22:12.020+0000] {logging_mixin.py:190} INFO - [2025-01-06T10:22:12.019+0000] {dagbag.py:588} INFO - Filling up the DagBag from /opt/airflow/dags/kaggle_dag.py
[2025-01-06T10:22:12.078+0000] {processor.py:925} INFO - DAG(s) 'kaggle_dag' retrieved from /opt/airflow/dags/kaggle_dag.py
[2025-01-06T10:22:12.123+0000] {logging_mixin.py:190} INFO - [2025-01-06T10:22:12.122+0000] {dag.py:3239} INFO - Sync 1 DAGs
[2025-01-06T10:22:12.159+0000] {logging_mixin.py:190} INFO - [2025-01-06T10:22:12.158+0000] {dag.py:4180} INFO - Setting next_dagrun for kaggle_dag to None, run_after=None
[2025-01-06T10:22:12.204+0000] {processor.py:208} INFO - Processing /opt/airflow/dags/kaggle_dag.py took 0.204 seconds
[2025-01-06T10:22:42.435+0000] {processor.py:186} INFO - Started process (PID=251) to work on /opt/airflow/dags/kaggle_dag.py
[2025-01-06T10:22:42.437+0000] {processor.py:914} INFO - Processing file /opt/airflow/dags/kaggle_dag.py for tasks to queue
[2025-01-06T10:22:42.442+0000] {logging_mixin.py:190} INFO - [2025-01-06T10:22:42.441+0000] {dagbag.py:588} INFO - Filling up the DagBag from /opt/airflow/dags/kaggle_dag.py
[2025-01-06T10:22:42.508+0000] {processor.py:925} INFO - DAG(s) 'kaggle_dag' retrieved from /opt/airflow/dags/kaggle_dag.py
[2025-01-06T10:22:42.562+0000] {logging_mixin.py:190} INFO - [2025-01-06T10:22:42.561+0000] {dag.py:3239} INFO - Sync 1 DAGs
[2025-01-06T10:22:42.591+0000] {logging_mixin.py:190} INFO - [2025-01-06T10:22:42.590+0000] {dag.py:4180} INFO - Setting next_dagrun for kaggle_dag to None, run_after=None
[2025-01-06T10:22:42.627+0000] {processor.py:208} INFO - Processing /opt/airflow/dags/kaggle_dag.py took 0.205 seconds
[2025-01-06T10:23:12.738+0000] {processor.py:186} INFO - Started process (PID=258) to work on /opt/airflow/dags/kaggle_dag.py
[2025-01-06T10:23:12.740+0000] {processor.py:914} INFO - Processing file /opt/airflow/dags/kaggle_dag.py for tasks to queue
[2025-01-06T10:23:12.744+0000] {logging_mixin.py:190} INFO - [2025-01-06T10:23:12.744+0000] {dagbag.py:588} INFO - Filling up the DagBag from /opt/airflow/dags/kaggle_dag.py
[2025-01-06T10:23:12.808+0000] {processor.py:925} INFO - DAG(s) 'kaggle_dag' retrieved from /opt/airflow/dags/kaggle_dag.py
[2025-01-06T10:23:12.853+0000] {logging_mixin.py:190} INFO - [2025-01-06T10:23:12.853+0000] {dag.py:3239} INFO - Sync 1 DAGs
[2025-01-06T10:23:12.877+0000] {logging_mixin.py:190} INFO - [2025-01-06T10:23:12.877+0000] {dag.py:4180} INFO - Setting next_dagrun for kaggle_dag to None, run_after=None
[2025-01-06T10:23:12.913+0000] {processor.py:208} INFO - Processing /opt/airflow/dags/kaggle_dag.py took 0.194 seconds
[2025-01-06T10:23:43.156+0000] {processor.py:186} INFO - Started process (PID=265) to work on /opt/airflow/dags/kaggle_dag.py
[2025-01-06T10:23:43.158+0000] {processor.py:914} INFO - Processing file /opt/airflow/dags/kaggle_dag.py for tasks to queue
[2025-01-06T10:23:43.162+0000] {logging_mixin.py:190} INFO - [2025-01-06T10:23:43.161+0000] {dagbag.py:588} INFO - Filling up the DagBag from /opt/airflow/dags/kaggle_dag.py
[2025-01-06T10:23:43.230+0000] {processor.py:925} INFO - DAG(s) 'kaggle_dag' retrieved from /opt/airflow/dags/kaggle_dag.py
[2025-01-06T10:23:43.282+0000] {logging_mixin.py:190} INFO - [2025-01-06T10:23:43.281+0000] {dag.py:3239} INFO - Sync 1 DAGs
[2025-01-06T10:23:43.314+0000] {logging_mixin.py:190} INFO - [2025-01-06T10:23:43.314+0000] {dag.py:4180} INFO - Setting next_dagrun for kaggle_dag to None, run_after=None
[2025-01-06T10:23:43.349+0000] {processor.py:208} INFO - Processing /opt/airflow/dags/kaggle_dag.py took 0.207 seconds
[2025-01-06T10:24:13.453+0000] {processor.py:186} INFO - Started process (PID=272) to work on /opt/airflow/dags/kaggle_dag.py
[2025-01-06T10:24:13.456+0000] {processor.py:914} INFO - Processing file /opt/airflow/dags/kaggle_dag.py for tasks to queue
[2025-01-06T10:24:13.460+0000] {logging_mixin.py:190} INFO - [2025-01-06T10:24:13.459+0000] {dagbag.py:588} INFO - Filling up the DagBag from /opt/airflow/dags/kaggle_dag.py
[2025-01-06T10:24:13.548+0000] {processor.py:925} INFO - DAG(s) 'kaggle_dag' retrieved from /opt/airflow/dags/kaggle_dag.py
[2025-01-06T10:24:13.604+0000] {logging_mixin.py:190} INFO - [2025-01-06T10:24:13.604+0000] {dag.py:3239} INFO - Sync 1 DAGs
[2025-01-06T10:24:13.641+0000] {logging_mixin.py:190} INFO - [2025-01-06T10:24:13.640+0000] {dag.py:4180} INFO - Setting next_dagrun for kaggle_dag to None, run_after=None
[2025-01-06T10:24:13.696+0000] {processor.py:208} INFO - Processing /opt/airflow/dags/kaggle_dag.py took 0.257 seconds
[2025-01-06T10:24:43.943+0000] {processor.py:186} INFO - Started process (PID=279) to work on /opt/airflow/dags/kaggle_dag.py
[2025-01-06T10:24:43.945+0000] {processor.py:914} INFO - Processing file /opt/airflow/dags/kaggle_dag.py for tasks to queue
[2025-01-06T10:24:43.949+0000] {logging_mixin.py:190} INFO - [2025-01-06T10:24:43.948+0000] {dagbag.py:588} INFO - Filling up the DagBag from /opt/airflow/dags/kaggle_dag.py
[2025-01-06T10:24:44.010+0000] {processor.py:925} INFO - DAG(s) 'kaggle_dag' retrieved from /opt/airflow/dags/kaggle_dag.py
[2025-01-06T10:24:44.059+0000] {logging_mixin.py:190} INFO - [2025-01-06T10:24:44.058+0000] {dag.py:3239} INFO - Sync 1 DAGs
[2025-01-06T10:24:44.086+0000] {logging_mixin.py:190} INFO - [2025-01-06T10:24:44.086+0000] {dag.py:4180} INFO - Setting next_dagrun for kaggle_dag to None, run_after=None
[2025-01-06T10:24:44.130+0000] {processor.py:208} INFO - Processing /opt/airflow/dags/kaggle_dag.py took 0.198 seconds
[2025-01-06T10:25:14.314+0000] {processor.py:186} INFO - Started process (PID=286) to work on /opt/airflow/dags/kaggle_dag.py
[2025-01-06T10:25:14.316+0000] {processor.py:914} INFO - Processing file /opt/airflow/dags/kaggle_dag.py for tasks to queue
[2025-01-06T10:25:14.323+0000] {logging_mixin.py:190} INFO - [2025-01-06T10:25:14.322+0000] {dagbag.py:588} INFO - Filling up the DagBag from /opt/airflow/dags/kaggle_dag.py
[2025-01-06T10:25:14.390+0000] {processor.py:925} INFO - DAG(s) 'kaggle_dag' retrieved from /opt/airflow/dags/kaggle_dag.py
[2025-01-06T10:25:14.445+0000] {logging_mixin.py:190} INFO - [2025-01-06T10:25:14.444+0000] {dag.py:3239} INFO - Sync 1 DAGs
[2025-01-06T10:25:14.481+0000] {logging_mixin.py:190} INFO - [2025-01-06T10:25:14.480+0000] {dag.py:4180} INFO - Setting next_dagrun for kaggle_dag to None, run_after=None
[2025-01-06T10:25:14.518+0000] {processor.py:208} INFO - Processing /opt/airflow/dags/kaggle_dag.py took 0.215 seconds
[2025-01-06T10:25:44.766+0000] {processor.py:186} INFO - Started process (PID=293) to work on /opt/airflow/dags/kaggle_dag.py
[2025-01-06T10:25:44.768+0000] {processor.py:914} INFO - Processing file /opt/airflow/dags/kaggle_dag.py for tasks to queue
[2025-01-06T10:25:44.774+0000] {logging_mixin.py:190} INFO - [2025-01-06T10:25:44.773+0000] {dagbag.py:588} INFO - Filling up the DagBag from /opt/airflow/dags/kaggle_dag.py
[2025-01-06T10:25:44.833+0000] {processor.py:925} INFO - DAG(s) 'kaggle_dag' retrieved from /opt/airflow/dags/kaggle_dag.py
[2025-01-06T10:25:44.895+0000] {logging_mixin.py:190} INFO - [2025-01-06T10:25:44.894+0000] {dag.py:3239} INFO - Sync 1 DAGs
[2025-01-06T10:25:44.922+0000] {logging_mixin.py:190} INFO - [2025-01-06T10:25:44.922+0000] {dag.py:4180} INFO - Setting next_dagrun for kaggle_dag to None, run_after=None
[2025-01-06T10:25:44.959+0000] {processor.py:208} INFO - Processing /opt/airflow/dags/kaggle_dag.py took 0.205 seconds
[2025-01-06T10:26:15.072+0000] {processor.py:186} INFO - Started process (PID=300) to work on /opt/airflow/dags/kaggle_dag.py
[2025-01-06T10:26:15.073+0000] {processor.py:914} INFO - Processing file /opt/airflow/dags/kaggle_dag.py for tasks to queue
[2025-01-06T10:26:15.080+0000] {logging_mixin.py:190} INFO - [2025-01-06T10:26:15.078+0000] {dagbag.py:588} INFO - Filling up the DagBag from /opt/airflow/dags/kaggle_dag.py
[2025-01-06T10:26:15.149+0000] {processor.py:925} INFO - DAG(s) 'kaggle_dag' retrieved from /opt/airflow/dags/kaggle_dag.py
[2025-01-06T10:26:15.209+0000] {logging_mixin.py:190} INFO - [2025-01-06T10:26:15.209+0000] {dag.py:3239} INFO - Sync 1 DAGs
[2025-01-06T10:26:15.236+0000] {logging_mixin.py:190} INFO - [2025-01-06T10:26:15.236+0000] {dag.py:4180} INFO - Setting next_dagrun for kaggle_dag to None, run_after=None
[2025-01-06T10:26:15.273+0000] {processor.py:208} INFO - Processing /opt/airflow/dags/kaggle_dag.py took 0.212 seconds
[2025-01-06T10:26:45.531+0000] {processor.py:186} INFO - Started process (PID=307) to work on /opt/airflow/dags/kaggle_dag.py
[2025-01-06T10:26:45.534+0000] {processor.py:914} INFO - Processing file /opt/airflow/dags/kaggle_dag.py for tasks to queue
[2025-01-06T10:26:45.539+0000] {logging_mixin.py:190} INFO - [2025-01-06T10:26:45.539+0000] {dagbag.py:588} INFO - Filling up the DagBag from /opt/airflow/dags/kaggle_dag.py
[2025-01-06T10:26:45.608+0000] {processor.py:925} INFO - DAG(s) 'kaggle_dag' retrieved from /opt/airflow/dags/kaggle_dag.py
[2025-01-06T10:26:45.660+0000] {logging_mixin.py:190} INFO - [2025-01-06T10:26:45.660+0000] {dag.py:3239} INFO - Sync 1 DAGs
[2025-01-06T10:26:45.691+0000] {logging_mixin.py:190} INFO - [2025-01-06T10:26:45.691+0000] {dag.py:4180} INFO - Setting next_dagrun for kaggle_dag to None, run_after=None
[2025-01-06T10:26:45.725+0000] {processor.py:208} INFO - Processing /opt/airflow/dags/kaggle_dag.py took 0.206 seconds
[2025-01-06T10:27:15.870+0000] {processor.py:186} INFO - Started process (PID=314) to work on /opt/airflow/dags/kaggle_dag.py
[2025-01-06T10:27:15.872+0000] {processor.py:914} INFO - Processing file /opt/airflow/dags/kaggle_dag.py for tasks to queue
[2025-01-06T10:27:15.878+0000] {logging_mixin.py:190} INFO - [2025-01-06T10:27:15.876+0000] {dagbag.py:588} INFO - Filling up the DagBag from /opt/airflow/dags/kaggle_dag.py
[2025-01-06T10:27:15.958+0000] {processor.py:925} INFO - DAG(s) 'kaggle_dag' retrieved from /opt/airflow/dags/kaggle_dag.py
[2025-01-06T10:27:16.026+0000] {logging_mixin.py:190} INFO - [2025-01-06T10:27:16.025+0000] {dag.py:3239} INFO - Sync 1 DAGs
[2025-01-06T10:27:16.055+0000] {logging_mixin.py:190} INFO - [2025-01-06T10:27:16.055+0000] {dag.py:4180} INFO - Setting next_dagrun for kaggle_dag to None, run_after=None
[2025-01-06T10:27:16.105+0000] {processor.py:208} INFO - Processing /opt/airflow/dags/kaggle_dag.py took 0.248 seconds
[2025-01-06T10:27:46.348+0000] {processor.py:186} INFO - Started process (PID=321) to work on /opt/airflow/dags/kaggle_dag.py
[2025-01-06T10:27:46.350+0000] {processor.py:914} INFO - Processing file /opt/airflow/dags/kaggle_dag.py for tasks to queue
[2025-01-06T10:27:46.353+0000] {logging_mixin.py:190} INFO - [2025-01-06T10:27:46.353+0000] {dagbag.py:588} INFO - Filling up the DagBag from /opt/airflow/dags/kaggle_dag.py
[2025-01-06T10:27:46.412+0000] {processor.py:925} INFO - DAG(s) 'kaggle_dag' retrieved from /opt/airflow/dags/kaggle_dag.py
[2025-01-06T10:27:46.460+0000] {logging_mixin.py:190} INFO - [2025-01-06T10:27:46.459+0000] {dag.py:3239} INFO - Sync 1 DAGs
[2025-01-06T10:27:46.481+0000] {logging_mixin.py:190} INFO - [2025-01-06T10:27:46.481+0000] {dag.py:4180} INFO - Setting next_dagrun for kaggle_dag to None, run_after=None
[2025-01-06T10:27:46.516+0000] {processor.py:208} INFO - Processing /opt/airflow/dags/kaggle_dag.py took 0.179 seconds
[2025-01-06T10:28:16.693+0000] {processor.py:186} INFO - Started process (PID=329) to work on /opt/airflow/dags/kaggle_dag.py
[2025-01-06T10:28:16.695+0000] {processor.py:914} INFO - Processing file /opt/airflow/dags/kaggle_dag.py for tasks to queue
[2025-01-06T10:28:16.701+0000] {logging_mixin.py:190} INFO - [2025-01-06T10:28:16.700+0000] {dagbag.py:588} INFO - Filling up the DagBag from /opt/airflow/dags/kaggle_dag.py
[2025-01-06T10:28:16.756+0000] {processor.py:925} INFO - DAG(s) 'kaggle_dag' retrieved from /opt/airflow/dags/kaggle_dag.py
[2025-01-06T10:28:16.803+0000] {logging_mixin.py:190} INFO - [2025-01-06T10:28:16.803+0000] {dag.py:3239} INFO - Sync 1 DAGs
[2025-01-06T10:28:16.830+0000] {logging_mixin.py:190} INFO - [2025-01-06T10:28:16.830+0000] {dag.py:4180} INFO - Setting next_dagrun for kaggle_dag to None, run_after=None
[2025-01-06T10:28:16.870+0000] {processor.py:208} INFO - Processing /opt/airflow/dags/kaggle_dag.py took 0.187 seconds
[2025-01-06T10:28:47.043+0000] {processor.py:186} INFO - Started process (PID=336) to work on /opt/airflow/dags/kaggle_dag.py
[2025-01-06T10:28:47.046+0000] {processor.py:914} INFO - Processing file /opt/airflow/dags/kaggle_dag.py for tasks to queue
[2025-01-06T10:28:47.051+0000] {logging_mixin.py:190} INFO - [2025-01-06T10:28:47.050+0000] {dagbag.py:588} INFO - Filling up the DagBag from /opt/airflow/dags/kaggle_dag.py
[2025-01-06T10:28:47.120+0000] {processor.py:925} INFO - DAG(s) 'kaggle_dag' retrieved from /opt/airflow/dags/kaggle_dag.py
[2025-01-06T10:28:47.179+0000] {logging_mixin.py:190} INFO - [2025-01-06T10:28:47.179+0000] {dag.py:3239} INFO - Sync 1 DAGs
[2025-01-06T10:28:47.212+0000] {logging_mixin.py:190} INFO - [2025-01-06T10:28:47.212+0000] {dag.py:4180} INFO - Setting next_dagrun for kaggle_dag to None, run_after=None
[2025-01-06T10:28:47.255+0000] {processor.py:208} INFO - Processing /opt/airflow/dags/kaggle_dag.py took 0.226 seconds
[2025-01-06T10:29:17.409+0000] {processor.py:186} INFO - Started process (PID=343) to work on /opt/airflow/dags/kaggle_dag.py
[2025-01-06T10:29:17.411+0000] {processor.py:914} INFO - Processing file /opt/airflow/dags/kaggle_dag.py for tasks to queue
[2025-01-06T10:29:17.416+0000] {logging_mixin.py:190} INFO - [2025-01-06T10:29:17.416+0000] {dagbag.py:588} INFO - Filling up the DagBag from /opt/airflow/dags/kaggle_dag.py
[2025-01-06T10:29:17.494+0000] {processor.py:925} INFO - DAG(s) 'kaggle_dag' retrieved from /opt/airflow/dags/kaggle_dag.py
[2025-01-06T10:29:17.554+0000] {logging_mixin.py:190} INFO - [2025-01-06T10:29:17.554+0000] {dag.py:3239} INFO - Sync 1 DAGs
[2025-01-06T10:29:17.590+0000] {logging_mixin.py:190} INFO - [2025-01-06T10:29:17.589+0000] {dag.py:4180} INFO - Setting next_dagrun for kaggle_dag to None, run_after=None
[2025-01-06T10:29:17.628+0000] {processor.py:208} INFO - Processing /opt/airflow/dags/kaggle_dag.py took 0.231 seconds
[2025-01-06T10:29:47.806+0000] {processor.py:186} INFO - Started process (PID=350) to work on /opt/airflow/dags/kaggle_dag.py
[2025-01-06T10:29:47.808+0000] {processor.py:914} INFO - Processing file /opt/airflow/dags/kaggle_dag.py for tasks to queue
[2025-01-06T10:29:47.812+0000] {logging_mixin.py:190} INFO - [2025-01-06T10:29:47.811+0000] {dagbag.py:588} INFO - Filling up the DagBag from /opt/airflow/dags/kaggle_dag.py
[2025-01-06T10:29:47.879+0000] {processor.py:925} INFO - DAG(s) 'kaggle_dag' retrieved from /opt/airflow/dags/kaggle_dag.py
[2025-01-06T10:29:47.930+0000] {logging_mixin.py:190} INFO - [2025-01-06T10:29:47.929+0000] {dag.py:3239} INFO - Sync 1 DAGs
[2025-01-06T10:29:47.966+0000] {logging_mixin.py:190} INFO - [2025-01-06T10:29:47.965+0000] {dag.py:4180} INFO - Setting next_dagrun for kaggle_dag to None, run_after=None
[2025-01-06T10:29:48.005+0000] {processor.py:208} INFO - Processing /opt/airflow/dags/kaggle_dag.py took 0.213 seconds
[2025-01-06T10:30:18.188+0000] {processor.py:186} INFO - Started process (PID=357) to work on /opt/airflow/dags/kaggle_dag.py
[2025-01-06T10:30:18.189+0000] {processor.py:914} INFO - Processing file /opt/airflow/dags/kaggle_dag.py for tasks to queue
[2025-01-06T10:30:18.194+0000] {logging_mixin.py:190} INFO - [2025-01-06T10:30:18.193+0000] {dagbag.py:588} INFO - Filling up the DagBag from /opt/airflow/dags/kaggle_dag.py
[2025-01-06T10:30:18.262+0000] {processor.py:925} INFO - DAG(s) 'kaggle_dag' retrieved from /opt/airflow/dags/kaggle_dag.py
[2025-01-06T10:30:18.318+0000] {logging_mixin.py:190} INFO - [2025-01-06T10:30:18.317+0000] {dag.py:3239} INFO - Sync 1 DAGs
[2025-01-06T10:30:18.344+0000] {logging_mixin.py:190} INFO - [2025-01-06T10:30:18.344+0000] {dag.py:4180} INFO - Setting next_dagrun for kaggle_dag to None, run_after=None
[2025-01-06T10:30:18.384+0000] {processor.py:208} INFO - Processing /opt/airflow/dags/kaggle_dag.py took 0.209 seconds
[2025-01-06T10:30:48.627+0000] {processor.py:186} INFO - Started process (PID=364) to work on /opt/airflow/dags/kaggle_dag.py
[2025-01-06T10:30:48.629+0000] {processor.py:914} INFO - Processing file /opt/airflow/dags/kaggle_dag.py for tasks to queue
[2025-01-06T10:30:48.635+0000] {logging_mixin.py:190} INFO - [2025-01-06T10:30:48.634+0000] {dagbag.py:588} INFO - Filling up the DagBag from /opt/airflow/dags/kaggle_dag.py
[2025-01-06T10:30:48.703+0000] {processor.py:925} INFO - DAG(s) 'kaggle_dag' retrieved from /opt/airflow/dags/kaggle_dag.py
[2025-01-06T10:30:48.762+0000] {logging_mixin.py:190} INFO - [2025-01-06T10:30:48.762+0000] {dag.py:3239} INFO - Sync 1 DAGs
[2025-01-06T10:30:48.792+0000] {logging_mixin.py:190} INFO - [2025-01-06T10:30:48.791+0000] {dag.py:4180} INFO - Setting next_dagrun for kaggle_dag to None, run_after=None
[2025-01-06T10:30:48.832+0000] {processor.py:208} INFO - Processing /opt/airflow/dags/kaggle_dag.py took 0.219 seconds
[2025-01-06T10:31:18.952+0000] {processor.py:186} INFO - Started process (PID=371) to work on /opt/airflow/dags/kaggle_dag.py
[2025-01-06T10:31:18.954+0000] {processor.py:914} INFO - Processing file /opt/airflow/dags/kaggle_dag.py for tasks to queue
[2025-01-06T10:31:18.959+0000] {logging_mixin.py:190} INFO - [2025-01-06T10:31:18.958+0000] {dagbag.py:588} INFO - Filling up the DagBag from /opt/airflow/dags/kaggle_dag.py
[2025-01-06T10:31:19.022+0000] {processor.py:925} INFO - DAG(s) 'kaggle_dag' retrieved from /opt/airflow/dags/kaggle_dag.py
[2025-01-06T10:31:19.073+0000] {logging_mixin.py:190} INFO - [2025-01-06T10:31:19.073+0000] {dag.py:3239} INFO - Sync 1 DAGs
[2025-01-06T10:31:19.111+0000] {logging_mixin.py:190} INFO - [2025-01-06T10:31:19.111+0000] {dag.py:4180} INFO - Setting next_dagrun for kaggle_dag to None, run_after=None
[2025-01-06T10:31:19.155+0000] {processor.py:208} INFO - Processing /opt/airflow/dags/kaggle_dag.py took 0.217 seconds
[2025-01-06T10:31:49.414+0000] {processor.py:186} INFO - Started process (PID=378) to work on /opt/airflow/dags/kaggle_dag.py
[2025-01-06T10:31:49.416+0000] {processor.py:914} INFO - Processing file /opt/airflow/dags/kaggle_dag.py for tasks to queue
[2025-01-06T10:31:49.421+0000] {logging_mixin.py:190} INFO - [2025-01-06T10:31:49.420+0000] {dagbag.py:588} INFO - Filling up the DagBag from /opt/airflow/dags/kaggle_dag.py
[2025-01-06T10:31:49.506+0000] {processor.py:925} INFO - DAG(s) 'kaggle_dag' retrieved from /opt/airflow/dags/kaggle_dag.py
[2025-01-06T10:31:49.578+0000] {logging_mixin.py:190} INFO - [2025-01-06T10:31:49.577+0000] {dag.py:3239} INFO - Sync 1 DAGs
[2025-01-06T10:31:49.621+0000] {logging_mixin.py:190} INFO - [2025-01-06T10:31:49.621+0000] {dag.py:4180} INFO - Setting next_dagrun for kaggle_dag to None, run_after=None
[2025-01-06T10:31:49.671+0000] {processor.py:208} INFO - Processing /opt/airflow/dags/kaggle_dag.py took 0.272 seconds
[2025-01-06T10:32:19.983+0000] {processor.py:186} INFO - Started process (PID=385) to work on /opt/airflow/dags/kaggle_dag.py
[2025-01-06T10:32:19.984+0000] {processor.py:914} INFO - Processing file /opt/airflow/dags/kaggle_dag.py for tasks to queue
[2025-01-06T10:32:19.989+0000] {logging_mixin.py:190} INFO - [2025-01-06T10:32:19.988+0000] {dagbag.py:588} INFO - Filling up the DagBag from /opt/airflow/dags/kaggle_dag.py
[2025-01-06T10:32:20.070+0000] {processor.py:925} INFO - DAG(s) 'kaggle_dag' retrieved from /opt/airflow/dags/kaggle_dag.py
[2025-01-06T10:32:20.128+0000] {logging_mixin.py:190} INFO - [2025-01-06T10:32:20.127+0000] {dag.py:3239} INFO - Sync 1 DAGs
[2025-01-06T10:32:20.158+0000] {logging_mixin.py:190} INFO - [2025-01-06T10:32:20.158+0000] {dag.py:4180} INFO - Setting next_dagrun for kaggle_dag to None, run_after=None
[2025-01-06T10:32:20.199+0000] {processor.py:208} INFO - Processing /opt/airflow/dags/kaggle_dag.py took 0.228 seconds
[2025-01-06T10:32:50.503+0000] {processor.py:186} INFO - Started process (PID=392) to work on /opt/airflow/dags/kaggle_dag.py
[2025-01-06T10:32:50.506+0000] {processor.py:914} INFO - Processing file /opt/airflow/dags/kaggle_dag.py for tasks to queue
[2025-01-06T10:32:50.512+0000] {logging_mixin.py:190} INFO - [2025-01-06T10:32:50.511+0000] {dagbag.py:588} INFO - Filling up the DagBag from /opt/airflow/dags/kaggle_dag.py
[2025-01-06T10:32:50.571+0000] {processor.py:925} INFO - DAG(s) 'kaggle_dag' retrieved from /opt/airflow/dags/kaggle_dag.py
[2025-01-06T10:32:50.624+0000] {logging_mixin.py:190} INFO - [2025-01-06T10:32:50.624+0000] {dag.py:3239} INFO - Sync 1 DAGs
[2025-01-06T10:32:50.653+0000] {logging_mixin.py:190} INFO - [2025-01-06T10:32:50.652+0000] {dag.py:4180} INFO - Setting next_dagrun for kaggle_dag to None, run_after=None
[2025-01-06T10:32:50.689+0000] {processor.py:208} INFO - Processing /opt/airflow/dags/kaggle_dag.py took 0.199 seconds
[2025-01-06T10:33:20.772+0000] {processor.py:186} INFO - Started process (PID=399) to work on /opt/airflow/dags/kaggle_dag.py
[2025-01-06T10:33:20.775+0000] {processor.py:914} INFO - Processing file /opt/airflow/dags/kaggle_dag.py for tasks to queue
[2025-01-06T10:33:20.780+0000] {logging_mixin.py:190} INFO - [2025-01-06T10:33:20.779+0000] {dagbag.py:588} INFO - Filling up the DagBag from /opt/airflow/dags/kaggle_dag.py
[2025-01-06T10:33:20.838+0000] {processor.py:925} INFO - DAG(s) 'kaggle_dag' retrieved from /opt/airflow/dags/kaggle_dag.py
[2025-01-06T10:33:20.884+0000] {logging_mixin.py:190} INFO - [2025-01-06T10:33:20.883+0000] {dag.py:3239} INFO - Sync 1 DAGs
[2025-01-06T10:33:20.914+0000] {logging_mixin.py:190} INFO - [2025-01-06T10:33:20.914+0000] {dag.py:4180} INFO - Setting next_dagrun for kaggle_dag to None, run_after=None
[2025-01-06T10:33:20.948+0000] {processor.py:208} INFO - Processing /opt/airflow/dags/kaggle_dag.py took 0.186 seconds
[2025-01-06T10:33:51.263+0000] {processor.py:186} INFO - Started process (PID=406) to work on /opt/airflow/dags/kaggle_dag.py
[2025-01-06T10:33:51.265+0000] {processor.py:914} INFO - Processing file /opt/airflow/dags/kaggle_dag.py for tasks to queue
[2025-01-06T10:33:51.271+0000] {logging_mixin.py:190} INFO - [2025-01-06T10:33:51.270+0000] {dagbag.py:588} INFO - Filling up the DagBag from /opt/airflow/dags/kaggle_dag.py
[2025-01-06T10:33:51.347+0000] {processor.py:925} INFO - DAG(s) 'kaggle_dag' retrieved from /opt/airflow/dags/kaggle_dag.py
[2025-01-06T10:33:51.400+0000] {logging_mixin.py:190} INFO - [2025-01-06T10:33:51.400+0000] {dag.py:3239} INFO - Sync 1 DAGs
[2025-01-06T10:33:51.431+0000] {logging_mixin.py:190} INFO - [2025-01-06T10:33:51.431+0000] {dag.py:4180} INFO - Setting next_dagrun for kaggle_dag to None, run_after=None
[2025-01-06T10:33:51.469+0000] {processor.py:208} INFO - Processing /opt/airflow/dags/kaggle_dag.py took 0.220 seconds
[2025-01-06T10:34:21.619+0000] {processor.py:186} INFO - Started process (PID=413) to work on /opt/airflow/dags/kaggle_dag.py
[2025-01-06T10:34:21.622+0000] {processor.py:914} INFO - Processing file /opt/airflow/dags/kaggle_dag.py for tasks to queue
[2025-01-06T10:34:21.630+0000] {logging_mixin.py:190} INFO - [2025-01-06T10:34:21.629+0000] {dagbag.py:588} INFO - Filling up the DagBag from /opt/airflow/dags/kaggle_dag.py
[2025-01-06T10:34:21.742+0000] {processor.py:925} INFO - DAG(s) 'kaggle_dag' retrieved from /opt/airflow/dags/kaggle_dag.py
[2025-01-06T10:34:21.822+0000] {logging_mixin.py:190} INFO - [2025-01-06T10:34:21.821+0000] {dag.py:3239} INFO - Sync 1 DAGs
[2025-01-06T10:34:21.872+0000] {logging_mixin.py:190} INFO - [2025-01-06T10:34:21.871+0000] {dag.py:4180} INFO - Setting next_dagrun for kaggle_dag to None, run_after=None
[2025-01-06T10:34:21.925+0000] {processor.py:208} INFO - Processing /opt/airflow/dags/kaggle_dag.py took 0.325 seconds
[2025-01-06T10:34:52.100+0000] {processor.py:186} INFO - Started process (PID=420) to work on /opt/airflow/dags/kaggle_dag.py
[2025-01-06T10:34:52.101+0000] {processor.py:914} INFO - Processing file /opt/airflow/dags/kaggle_dag.py for tasks to queue
[2025-01-06T10:34:52.106+0000] {logging_mixin.py:190} INFO - [2025-01-06T10:34:52.105+0000] {dagbag.py:588} INFO - Filling up the DagBag from /opt/airflow/dags/kaggle_dag.py
[2025-01-06T10:34:52.166+0000] {processor.py:925} INFO - DAG(s) 'kaggle_dag' retrieved from /opt/airflow/dags/kaggle_dag.py
[2025-01-06T10:34:52.209+0000] {logging_mixin.py:190} INFO - [2025-01-06T10:34:52.208+0000] {dag.py:3239} INFO - Sync 1 DAGs
[2025-01-06T10:34:52.239+0000] {logging_mixin.py:190} INFO - [2025-01-06T10:34:52.238+0000] {dag.py:4180} INFO - Setting next_dagrun for kaggle_dag to None, run_after=None
[2025-01-06T10:34:52.269+0000] {processor.py:208} INFO - Processing /opt/airflow/dags/kaggle_dag.py took 0.182 seconds
[2025-01-06T10:35:22.512+0000] {processor.py:186} INFO - Started process (PID=427) to work on /opt/airflow/dags/kaggle_dag.py
[2025-01-06T10:35:22.514+0000] {processor.py:914} INFO - Processing file /opt/airflow/dags/kaggle_dag.py for tasks to queue
[2025-01-06T10:35:22.520+0000] {logging_mixin.py:190} INFO - [2025-01-06T10:35:22.519+0000] {dagbag.py:588} INFO - Filling up the DagBag from /opt/airflow/dags/kaggle_dag.py
[2025-01-06T10:35:22.587+0000] {processor.py:925} INFO - DAG(s) 'kaggle_dag' retrieved from /opt/airflow/dags/kaggle_dag.py
[2025-01-06T10:35:22.646+0000] {logging_mixin.py:190} INFO - [2025-01-06T10:35:22.645+0000] {dag.py:3239} INFO - Sync 1 DAGs
[2025-01-06T10:35:22.682+0000] {logging_mixin.py:190} INFO - [2025-01-06T10:35:22.682+0000] {dag.py:4180} INFO - Setting next_dagrun for kaggle_dag to None, run_after=None
[2025-01-06T10:35:22.720+0000] {processor.py:208} INFO - Processing /opt/airflow/dags/kaggle_dag.py took 0.222 seconds
[2025-01-06T10:35:52.858+0000] {processor.py:186} INFO - Started process (PID=434) to work on /opt/airflow/dags/kaggle_dag.py
[2025-01-06T10:35:52.860+0000] {processor.py:914} INFO - Processing file /opt/airflow/dags/kaggle_dag.py for tasks to queue
[2025-01-06T10:35:52.864+0000] {logging_mixin.py:190} INFO - [2025-01-06T10:35:52.863+0000] {dagbag.py:588} INFO - Filling up the DagBag from /opt/airflow/dags/kaggle_dag.py
[2025-01-06T10:35:52.925+0000] {processor.py:925} INFO - DAG(s) 'kaggle_dag' retrieved from /opt/airflow/dags/kaggle_dag.py
[2025-01-06T10:35:52.986+0000] {logging_mixin.py:190} INFO - [2025-01-06T10:35:52.986+0000] {dag.py:3239} INFO - Sync 1 DAGs
[2025-01-06T10:35:53.018+0000] {logging_mixin.py:190} INFO - [2025-01-06T10:35:53.018+0000] {dag.py:4180} INFO - Setting next_dagrun for kaggle_dag to None, run_after=None
[2025-01-06T10:35:53.064+0000] {processor.py:208} INFO - Processing /opt/airflow/dags/kaggle_dag.py took 0.220 seconds
[2025-01-06T10:36:23.253+0000] {processor.py:186} INFO - Started process (PID=441) to work on /opt/airflow/dags/kaggle_dag.py
[2025-01-06T10:36:23.255+0000] {processor.py:914} INFO - Processing file /opt/airflow/dags/kaggle_dag.py for tasks to queue
[2025-01-06T10:36:23.259+0000] {logging_mixin.py:190} INFO - [2025-01-06T10:36:23.258+0000] {dagbag.py:588} INFO - Filling up the DagBag from /opt/airflow/dags/kaggle_dag.py
[2025-01-06T10:36:23.321+0000] {processor.py:925} INFO - DAG(s) 'kaggle_dag' retrieved from /opt/airflow/dags/kaggle_dag.py
[2025-01-06T10:36:23.365+0000] {logging_mixin.py:190} INFO - [2025-01-06T10:36:23.365+0000] {dag.py:3239} INFO - Sync 1 DAGs
[2025-01-06T10:36:23.389+0000] {logging_mixin.py:190} INFO - [2025-01-06T10:36:23.389+0000] {dag.py:4180} INFO - Setting next_dagrun for kaggle_dag to None, run_after=None
[2025-01-06T10:36:23.426+0000] {processor.py:208} INFO - Processing /opt/airflow/dags/kaggle_dag.py took 0.183 seconds
[2025-01-06T10:36:53.626+0000] {processor.py:186} INFO - Started process (PID=448) to work on /opt/airflow/dags/kaggle_dag.py
[2025-01-06T10:36:53.628+0000] {processor.py:914} INFO - Processing file /opt/airflow/dags/kaggle_dag.py for tasks to queue
[2025-01-06T10:36:53.633+0000] {logging_mixin.py:190} INFO - [2025-01-06T10:36:53.633+0000] {dagbag.py:588} INFO - Filling up the DagBag from /opt/airflow/dags/kaggle_dag.py
[2025-01-06T10:36:53.703+0000] {processor.py:925} INFO - DAG(s) 'kaggle_dag' retrieved from /opt/airflow/dags/kaggle_dag.py
[2025-01-06T10:36:53.750+0000] {logging_mixin.py:190} INFO - [2025-01-06T10:36:53.749+0000] {dag.py:3239} INFO - Sync 1 DAGs
[2025-01-06T10:36:53.783+0000] {logging_mixin.py:190} INFO - [2025-01-06T10:36:53.783+0000] {dag.py:4180} INFO - Setting next_dagrun for kaggle_dag to None, run_after=None
[2025-01-06T10:36:53.816+0000] {processor.py:208} INFO - Processing /opt/airflow/dags/kaggle_dag.py took 0.203 seconds
[2025-01-06T10:37:23.987+0000] {processor.py:186} INFO - Started process (PID=455) to work on /opt/airflow/dags/kaggle_dag.py
[2025-01-06T10:37:23.988+0000] {processor.py:914} INFO - Processing file /opt/airflow/dags/kaggle_dag.py for tasks to queue
[2025-01-06T10:37:23.992+0000] {logging_mixin.py:190} INFO - [2025-01-06T10:37:23.992+0000] {dagbag.py:588} INFO - Filling up the DagBag from /opt/airflow/dags/kaggle_dag.py
[2025-01-06T10:37:24.057+0000] {processor.py:925} INFO - DAG(s) 'kaggle_dag' retrieved from /opt/airflow/dags/kaggle_dag.py
[2025-01-06T10:37:24.121+0000] {logging_mixin.py:190} INFO - [2025-01-06T10:37:24.121+0000] {dag.py:3239} INFO - Sync 1 DAGs
[2025-01-06T10:37:24.163+0000] {logging_mixin.py:190} INFO - [2025-01-06T10:37:24.163+0000] {dag.py:4180} INFO - Setting next_dagrun for kaggle_dag to None, run_after=None
[2025-01-06T10:37:24.204+0000] {processor.py:208} INFO - Processing /opt/airflow/dags/kaggle_dag.py took 0.231 seconds
[2025-01-06T10:37:54.377+0000] {processor.py:186} INFO - Started process (PID=462) to work on /opt/airflow/dags/kaggle_dag.py
[2025-01-06T10:37:54.380+0000] {processor.py:914} INFO - Processing file /opt/airflow/dags/kaggle_dag.py for tasks to queue
[2025-01-06T10:37:54.385+0000] {logging_mixin.py:190} INFO - [2025-01-06T10:37:54.384+0000] {dagbag.py:588} INFO - Filling up the DagBag from /opt/airflow/dags/kaggle_dag.py
[2025-01-06T10:37:54.451+0000] {processor.py:925} INFO - DAG(s) 'kaggle_dag' retrieved from /opt/airflow/dags/kaggle_dag.py
[2025-01-06T10:37:54.502+0000] {logging_mixin.py:190} INFO - [2025-01-06T10:37:54.502+0000] {dag.py:3239} INFO - Sync 1 DAGs
[2025-01-06T10:37:54.535+0000] {logging_mixin.py:190} INFO - [2025-01-06T10:37:54.534+0000] {dag.py:4180} INFO - Setting next_dagrun for kaggle_dag to None, run_after=None
[2025-01-06T10:37:54.568+0000] {processor.py:208} INFO - Processing /opt/airflow/dags/kaggle_dag.py took 0.203 seconds
[2025-01-06T10:38:24.793+0000] {processor.py:186} INFO - Started process (PID=469) to work on /opt/airflow/dags/kaggle_dag.py
[2025-01-06T10:38:24.794+0000] {processor.py:914} INFO - Processing file /opt/airflow/dags/kaggle_dag.py for tasks to queue
[2025-01-06T10:38:24.798+0000] {logging_mixin.py:190} INFO - [2025-01-06T10:38:24.798+0000] {dagbag.py:588} INFO - Filling up the DagBag from /opt/airflow/dags/kaggle_dag.py
[2025-01-06T10:38:24.874+0000] {processor.py:925} INFO - DAG(s) 'kaggle_dag' retrieved from /opt/airflow/dags/kaggle_dag.py
[2025-01-06T10:38:24.920+0000] {logging_mixin.py:190} INFO - [2025-01-06T10:38:24.919+0000] {dag.py:3239} INFO - Sync 1 DAGs
[2025-01-06T10:38:24.950+0000] {logging_mixin.py:190} INFO - [2025-01-06T10:38:24.949+0000] {dag.py:4180} INFO - Setting next_dagrun for kaggle_dag to None, run_after=None
[2025-01-06T10:38:24.980+0000] {processor.py:208} INFO - Processing /opt/airflow/dags/kaggle_dag.py took 0.203 seconds
[2025-01-06T10:38:55.133+0000] {processor.py:186} INFO - Started process (PID=476) to work on /opt/airflow/dags/kaggle_dag.py
[2025-01-06T10:38:55.135+0000] {processor.py:914} INFO - Processing file /opt/airflow/dags/kaggle_dag.py for tasks to queue
[2025-01-06T10:38:55.139+0000] {logging_mixin.py:190} INFO - [2025-01-06T10:38:55.139+0000] {dagbag.py:588} INFO - Filling up the DagBag from /opt/airflow/dags/kaggle_dag.py
[2025-01-06T10:38:55.203+0000] {processor.py:925} INFO - DAG(s) 'kaggle_dag' retrieved from /opt/airflow/dags/kaggle_dag.py
[2025-01-06T10:38:55.257+0000] {logging_mixin.py:190} INFO - [2025-01-06T10:38:55.257+0000] {dag.py:3239} INFO - Sync 1 DAGs
[2025-01-06T10:38:55.295+0000] {logging_mixin.py:190} INFO - [2025-01-06T10:38:55.295+0000] {dag.py:4180} INFO - Setting next_dagrun for kaggle_dag to None, run_after=None
[2025-01-06T10:38:55.354+0000] {processor.py:208} INFO - Processing /opt/airflow/dags/kaggle_dag.py took 0.236 seconds
[2025-01-06T10:39:25.568+0000] {processor.py:186} INFO - Started process (PID=483) to work on /opt/airflow/dags/kaggle_dag.py
[2025-01-06T10:39:25.570+0000] {processor.py:914} INFO - Processing file /opt/airflow/dags/kaggle_dag.py for tasks to queue
[2025-01-06T10:39:25.577+0000] {logging_mixin.py:190} INFO - [2025-01-06T10:39:25.576+0000] {dagbag.py:588} INFO - Filling up the DagBag from /opt/airflow/dags/kaggle_dag.py
[2025-01-06T10:39:25.674+0000] {processor.py:925} INFO - DAG(s) 'kaggle_dag' retrieved from /opt/airflow/dags/kaggle_dag.py
[2025-01-06T10:39:25.753+0000] {logging_mixin.py:190} INFO - [2025-01-06T10:39:25.753+0000] {dag.py:3239} INFO - Sync 1 DAGs
[2025-01-06T10:39:25.783+0000] {logging_mixin.py:190} INFO - [2025-01-06T10:39:25.782+0000] {dag.py:4180} INFO - Setting next_dagrun for kaggle_dag to None, run_after=None
[2025-01-06T10:39:25.826+0000] {processor.py:208} INFO - Processing /opt/airflow/dags/kaggle_dag.py took 0.282 seconds
[2025-01-06T10:39:55.934+0000] {processor.py:186} INFO - Started process (PID=490) to work on /opt/airflow/dags/kaggle_dag.py
[2025-01-06T10:39:55.937+0000] {processor.py:914} INFO - Processing file /opt/airflow/dags/kaggle_dag.py for tasks to queue
[2025-01-06T10:39:55.943+0000] {logging_mixin.py:190} INFO - [2025-01-06T10:39:55.942+0000] {dagbag.py:588} INFO - Filling up the DagBag from /opt/airflow/dags/kaggle_dag.py
[2025-01-06T10:39:56.008+0000] {processor.py:925} INFO - DAG(s) 'kaggle_dag' retrieved from /opt/airflow/dags/kaggle_dag.py
[2025-01-06T10:39:56.066+0000] {logging_mixin.py:190} INFO - [2025-01-06T10:39:56.066+0000] {dag.py:3239} INFO - Sync 1 DAGs
[2025-01-06T10:39:56.101+0000] {logging_mixin.py:190} INFO - [2025-01-06T10:39:56.100+0000] {dag.py:4180} INFO - Setting next_dagrun for kaggle_dag to None, run_after=None
[2025-01-06T10:39:56.139+0000] {processor.py:208} INFO - Processing /opt/airflow/dags/kaggle_dag.py took 0.218 seconds
[2025-01-06T10:40:26.402+0000] {processor.py:186} INFO - Started process (PID=497) to work on /opt/airflow/dags/kaggle_dag.py
[2025-01-06T10:40:26.403+0000] {processor.py:914} INFO - Processing file /opt/airflow/dags/kaggle_dag.py for tasks to queue
[2025-01-06T10:40:26.408+0000] {logging_mixin.py:190} INFO - [2025-01-06T10:40:26.408+0000] {dagbag.py:588} INFO - Filling up the DagBag from /opt/airflow/dags/kaggle_dag.py
[2025-01-06T10:40:26.473+0000] {processor.py:925} INFO - DAG(s) 'kaggle_dag' retrieved from /opt/airflow/dags/kaggle_dag.py
[2025-01-06T10:40:26.535+0000] {logging_mixin.py:190} INFO - [2025-01-06T10:40:26.535+0000] {dag.py:3239} INFO - Sync 1 DAGs
[2025-01-06T10:40:26.588+0000] {logging_mixin.py:190} INFO - [2025-01-06T10:40:26.587+0000] {dag.py:4180} INFO - Setting next_dagrun for kaggle_dag to None, run_after=None
[2025-01-06T10:40:26.634+0000] {processor.py:208} INFO - Processing /opt/airflow/dags/kaggle_dag.py took 0.243 seconds
[2025-01-06T10:40:56.709+0000] {processor.py:186} INFO - Started process (PID=504) to work on /opt/airflow/dags/kaggle_dag.py
[2025-01-06T10:40:56.711+0000] {processor.py:914} INFO - Processing file /opt/airflow/dags/kaggle_dag.py for tasks to queue
[2025-01-06T10:40:56.715+0000] {logging_mixin.py:190} INFO - [2025-01-06T10:40:56.714+0000] {dagbag.py:588} INFO - Filling up the DagBag from /opt/airflow/dags/kaggle_dag.py
[2025-01-06T10:40:56.791+0000] {processor.py:925} INFO - DAG(s) 'kaggle_dag' retrieved from /opt/airflow/dags/kaggle_dag.py
[2025-01-06T10:40:56.849+0000] {logging_mixin.py:190} INFO - [2025-01-06T10:40:56.848+0000] {dag.py:3239} INFO - Sync 1 DAGs
[2025-01-06T10:40:56.888+0000] {logging_mixin.py:190} INFO - [2025-01-06T10:40:56.887+0000] {dag.py:4180} INFO - Setting next_dagrun for kaggle_dag to None, run_after=None
[2025-01-06T10:40:56.927+0000] {processor.py:208} INFO - Processing /opt/airflow/dags/kaggle_dag.py took 0.230 seconds
[2025-01-06T10:41:27.002+0000] {processor.py:186} INFO - Started process (PID=511) to work on /opt/airflow/dags/kaggle_dag.py
[2025-01-06T10:41:27.004+0000] {processor.py:914} INFO - Processing file /opt/airflow/dags/kaggle_dag.py for tasks to queue
[2025-01-06T10:41:27.008+0000] {logging_mixin.py:190} INFO - [2025-01-06T10:41:27.007+0000] {dagbag.py:588} INFO - Filling up the DagBag from /opt/airflow/dags/kaggle_dag.py
[2025-01-06T10:41:27.073+0000] {processor.py:925} INFO - DAG(s) 'kaggle_dag' retrieved from /opt/airflow/dags/kaggle_dag.py
[2025-01-06T10:41:27.133+0000] {logging_mixin.py:190} INFO - [2025-01-06T10:41:27.133+0000] {dag.py:3239} INFO - Sync 1 DAGs
[2025-01-06T10:41:27.171+0000] {logging_mixin.py:190} INFO - [2025-01-06T10:41:27.170+0000] {dag.py:4180} INFO - Setting next_dagrun for kaggle_dag to None, run_after=None
[2025-01-06T10:41:27.213+0000] {processor.py:208} INFO - Processing /opt/airflow/dags/kaggle_dag.py took 0.222 seconds
[2025-01-06T10:41:57.715+0000] {processor.py:186} INFO - Started process (PID=518) to work on /opt/airflow/dags/kaggle_dag.py
[2025-01-06T10:41:57.718+0000] {processor.py:914} INFO - Processing file /opt/airflow/dags/kaggle_dag.py for tasks to queue
[2025-01-06T10:41:57.724+0000] {logging_mixin.py:190} INFO - [2025-01-06T10:41:57.723+0000] {dagbag.py:588} INFO - Filling up the DagBag from /opt/airflow/dags/kaggle_dag.py
[2025-01-06T10:41:57.809+0000] {processor.py:925} INFO - DAG(s) 'kaggle_dag' retrieved from /opt/airflow/dags/kaggle_dag.py
[2025-01-06T10:41:57.881+0000] {logging_mixin.py:190} INFO - [2025-01-06T10:41:57.881+0000] {dag.py:3239} INFO - Sync 1 DAGs
[2025-01-06T10:41:57.935+0000] {logging_mixin.py:190} INFO - [2025-01-06T10:41:57.935+0000] {dag.py:4180} INFO - Setting next_dagrun for kaggle_dag to None, run_after=None
[2025-01-06T10:41:57.984+0000] {processor.py:208} INFO - Processing /opt/airflow/dags/kaggle_dag.py took 0.282 seconds
[2025-01-06T10:42:28.321+0000] {processor.py:186} INFO - Started process (PID=525) to work on /opt/airflow/dags/kaggle_dag.py
[2025-01-06T10:42:28.323+0000] {processor.py:914} INFO - Processing file /opt/airflow/dags/kaggle_dag.py for tasks to queue
[2025-01-06T10:42:28.329+0000] {logging_mixin.py:190} INFO - [2025-01-06T10:42:28.328+0000] {dagbag.py:588} INFO - Filling up the DagBag from /opt/airflow/dags/kaggle_dag.py
[2025-01-06T10:42:28.403+0000] {processor.py:925} INFO - DAG(s) 'kaggle_dag' retrieved from /opt/airflow/dags/kaggle_dag.py
[2025-01-06T10:42:28.465+0000] {logging_mixin.py:190} INFO - [2025-01-06T10:42:28.464+0000] {dag.py:3239} INFO - Sync 1 DAGs
[2025-01-06T10:42:28.498+0000] {logging_mixin.py:190} INFO - [2025-01-06T10:42:28.498+0000] {dag.py:4180} INFO - Setting next_dagrun for kaggle_dag to None, run_after=None
[2025-01-06T10:42:28.549+0000] {processor.py:208} INFO - Processing /opt/airflow/dags/kaggle_dag.py took 0.239 seconds
[2025-01-06T10:42:58.804+0000] {processor.py:186} INFO - Started process (PID=532) to work on /opt/airflow/dags/kaggle_dag.py
[2025-01-06T10:42:58.807+0000] {processor.py:914} INFO - Processing file /opt/airflow/dags/kaggle_dag.py for tasks to queue
[2025-01-06T10:42:58.819+0000] {logging_mixin.py:190} INFO - [2025-01-06T10:42:58.817+0000] {dagbag.py:588} INFO - Filling up the DagBag from /opt/airflow/dags/kaggle_dag.py
[2025-01-06T10:42:58.919+0000] {processor.py:925} INFO - DAG(s) 'kaggle_dag' retrieved from /opt/airflow/dags/kaggle_dag.py
[2025-01-06T10:42:59.001+0000] {logging_mixin.py:190} INFO - [2025-01-06T10:42:59.001+0000] {dag.py:3239} INFO - Sync 1 DAGs
[2025-01-06T10:42:59.043+0000] {logging_mixin.py:190} INFO - [2025-01-06T10:42:59.043+0000] {dag.py:4180} INFO - Setting next_dagrun for kaggle_dag to None, run_after=None
[2025-01-06T10:42:59.090+0000] {processor.py:208} INFO - Processing /opt/airflow/dags/kaggle_dag.py took 0.315 seconds
[2025-01-06T10:43:29.244+0000] {processor.py:186} INFO - Started process (PID=539) to work on /opt/airflow/dags/kaggle_dag.py
[2025-01-06T10:43:29.246+0000] {processor.py:914} INFO - Processing file /opt/airflow/dags/kaggle_dag.py for tasks to queue
[2025-01-06T10:43:29.251+0000] {logging_mixin.py:190} INFO - [2025-01-06T10:43:29.250+0000] {dagbag.py:588} INFO - Filling up the DagBag from /opt/airflow/dags/kaggle_dag.py
[2025-01-06T10:43:29.310+0000] {processor.py:925} INFO - DAG(s) 'kaggle_dag' retrieved from /opt/airflow/dags/kaggle_dag.py
[2025-01-06T10:43:29.355+0000] {logging_mixin.py:190} INFO - [2025-01-06T10:43:29.355+0000] {dag.py:3239} INFO - Sync 1 DAGs
[2025-01-06T10:43:29.389+0000] {logging_mixin.py:190} INFO - [2025-01-06T10:43:29.389+0000] {dag.py:4180} INFO - Setting next_dagrun for kaggle_dag to None, run_after=None
[2025-01-06T10:43:29.429+0000] {processor.py:208} INFO - Processing /opt/airflow/dags/kaggle_dag.py took 0.197 seconds
[2025-01-06T10:43:59.701+0000] {processor.py:186} INFO - Started process (PID=546) to work on /opt/airflow/dags/kaggle_dag.py
[2025-01-06T10:43:59.703+0000] {processor.py:914} INFO - Processing file /opt/airflow/dags/kaggle_dag.py for tasks to queue
[2025-01-06T10:43:59.707+0000] {logging_mixin.py:190} INFO - [2025-01-06T10:43:59.706+0000] {dagbag.py:588} INFO - Filling up the DagBag from /opt/airflow/dags/kaggle_dag.py
[2025-01-06T10:43:59.768+0000] {processor.py:925} INFO - DAG(s) 'kaggle_dag' retrieved from /opt/airflow/dags/kaggle_dag.py
[2025-01-06T10:43:59.819+0000] {logging_mixin.py:190} INFO - [2025-01-06T10:43:59.819+0000] {dag.py:3239} INFO - Sync 1 DAGs
[2025-01-06T10:43:59.852+0000] {logging_mixin.py:190} INFO - [2025-01-06T10:43:59.852+0000] {dag.py:4180} INFO - Setting next_dagrun for kaggle_dag to None, run_after=None
[2025-01-06T10:43:59.890+0000] {processor.py:208} INFO - Processing /opt/airflow/dags/kaggle_dag.py took 0.203 seconds
[2025-01-06T10:44:30.019+0000] {processor.py:186} INFO - Started process (PID=553) to work on /opt/airflow/dags/kaggle_dag.py
[2025-01-06T10:44:30.020+0000] {processor.py:914} INFO - Processing file /opt/airflow/dags/kaggle_dag.py for tasks to queue
[2025-01-06T10:44:30.022+0000] {logging_mixin.py:190} INFO - [2025-01-06T10:44:30.022+0000] {dagbag.py:588} INFO - Filling up the DagBag from /opt/airflow/dags/kaggle_dag.py
[2025-01-06T10:44:30.058+0000] {processor.py:925} INFO - DAG(s) 'kaggle_dag' retrieved from /opt/airflow/dags/kaggle_dag.py
[2025-01-06T10:44:30.087+0000] {logging_mixin.py:190} INFO - [2025-01-06T10:44:30.087+0000] {dag.py:3239} INFO - Sync 1 DAGs
[2025-01-06T10:44:30.102+0000] {logging_mixin.py:190} INFO - [2025-01-06T10:44:30.102+0000] {dag.py:4180} INFO - Setting next_dagrun for kaggle_dag to None, run_after=None
[2025-01-06T10:44:30.119+0000] {processor.py:208} INFO - Processing /opt/airflow/dags/kaggle_dag.py took 0.108 seconds
[2025-01-06T10:45:00.449+0000] {processor.py:186} INFO - Started process (PID=560) to work on /opt/airflow/dags/kaggle_dag.py
[2025-01-06T10:45:00.451+0000] {processor.py:914} INFO - Processing file /opt/airflow/dags/kaggle_dag.py for tasks to queue
[2025-01-06T10:45:00.457+0000] {logging_mixin.py:190} INFO - [2025-01-06T10:45:00.455+0000] {dagbag.py:588} INFO - Filling up the DagBag from /opt/airflow/dags/kaggle_dag.py
[2025-01-06T10:45:00.519+0000] {processor.py:925} INFO - DAG(s) 'kaggle_dag' retrieved from /opt/airflow/dags/kaggle_dag.py
[2025-01-06T10:45:00.581+0000] {logging_mixin.py:190} INFO - [2025-01-06T10:45:00.580+0000] {dag.py:3239} INFO - Sync 1 DAGs
[2025-01-06T10:45:00.607+0000] {logging_mixin.py:190} INFO - [2025-01-06T10:45:00.606+0000] {dag.py:4180} INFO - Setting next_dagrun for kaggle_dag to None, run_after=None
[2025-01-06T10:45:00.644+0000] {processor.py:208} INFO - Processing /opt/airflow/dags/kaggle_dag.py took 0.207 seconds
