[2025-01-06T10:21:20.320+0000] {local_task_job_runner.py:123} INFO - ::group::Pre task execution logs
[2025-01-06T10:21:20.358+0000] {taskinstance.py:2613} INFO - Dependencies all met for dep_context=non-requeueable deps ti=<TaskInstance: kaggle_dag.get_data_from_kaggle manual__2025-01-06T10:21:10.397834+00:00 [queued]>
[2025-01-06T10:21:20.380+0000] {taskinstance.py:2613} INFO - Dependencies all met for dep_context=requeueable deps ti=<TaskInstance: kaggle_dag.get_data_from_kaggle manual__2025-01-06T10:21:10.397834+00:00 [queued]>
[2025-01-06T10:21:20.382+0000] {taskinstance.py:2866} INFO - Starting attempt 1 of 1
[2025-01-06T10:21:20.410+0000] {taskinstance.py:2889} INFO - Executing <Task(BashOperator): get_data_from_kaggle> on 2025-01-06 10:21:10.397834+00:00
[2025-01-06T10:21:20.421+0000] {warnings.py:112} WARNING - /home/***/.local/lib/python3.12/site-packages/***/task/task_runner/standard_task_runner.py:70: DeprecationWarning: This process (pid=241) is multi-threaded, use of fork() may lead to deadlocks in the child.
  pid = os.fork()

[2025-01-06T10:21:20.424+0000] {standard_task_runner.py:72} INFO - Started process 242 to run task
[2025-01-06T10:21:20.424+0000] {standard_task_runner.py:104} INFO - Running: ['***', 'tasks', 'run', 'kaggle_dag', 'get_data_from_kaggle', 'manual__2025-01-06T10:21:10.397834+00:00', '--job-id', '789', '--raw', '--subdir', 'DAGS_FOLDER/kaggle_dag.py', '--cfg-path', '/tmp/tmphpi_5vn9']
[2025-01-06T10:21:20.427+0000] {standard_task_runner.py:105} INFO - Job 789: Subtask get_data_from_kaggle
[2025-01-06T10:21:20.503+0000] {task_command.py:467} INFO - Running <TaskInstance: kaggle_dag.get_data_from_kaggle manual__2025-01-06T10:21:10.397834+00:00 [running]> on host 4f9b54363226
[2025-01-06T10:21:20.666+0000] {taskinstance.py:3132} INFO - Exporting env vars: AIRFLOW_CTX_DAG_OWNER='***' AIRFLOW_CTX_DAG_ID='kaggle_dag' AIRFLOW_CTX_TASK_ID='get_data_from_kaggle' AIRFLOW_CTX_EXECUTION_DATE='2025-01-06T10:21:10.397834+00:00' AIRFLOW_CTX_TRY_NUMBER='1' AIRFLOW_CTX_DAG_RUN_ID='manual__2025-01-06T10:21:10.397834+00:00'
[2025-01-06T10:21:20.667+0000] {taskinstance.py:731} INFO - ::endgroup::
[2025-01-06T10:21:20.697+0000] {subprocess.py:78} INFO - Tmp dir root location: /tmp
[2025-01-06T10:21:20.699+0000] {subprocess.py:88} INFO - Running command: ['/usr/bin/bash', '-c', '\ncurl -L -o /opt/***/data/advertisement-click-on-ad.zip  https://www.kaggle.com/api/v1/datasets/download/gabrielsantello/advertisement-click-on-ad']
[2025-01-06T10:21:20.716+0000] {subprocess.py:99} INFO - Output:
[2025-01-06T10:21:20.736+0000] {subprocess.py:106} INFO -   % Total    % Received % Xferd  Average Speed   Time    Time     Time  Current
[2025-01-06T10:21:20.738+0000] {subprocess.py:106} INFO -                                  Dload  Upload   Total   Spent    Left  Speed
[2025-01-06T10:21:21.375+0000] {subprocess.py:106} INFO -   0     0    0     0    0     0      0      0 --:--:-- --:--:-- --:--:--     0  0     0    0     0    0     0      0      0 --:--:-- --:--:-- --:--:--     0  0     0    0     0    0     0      0      0 --:--:-- --:--:-- --:--:--     0
[2025-01-06T10:21:21.980+0000] {subprocess.py:106} INFO -  43 40319   43 17690    0     0  15196      0  0:00:02  0:00:01  0:00:01 15196100 40319  100 40319    0     0  32378      0  0:00:01  0:00:01 --:--:--  272k
[2025-01-06T10:21:21.987+0000] {subprocess.py:110} INFO - Command exited with return code 0
[2025-01-06T10:21:22.028+0000] {taskinstance.py:340} INFO - ::group::Post task execution logs
[2025-01-06T10:21:22.029+0000] {taskinstance.py:352} INFO - Marking task as SUCCESS. dag_id=kaggle_dag, task_id=get_data_from_kaggle, run_id=manual__2025-01-06T10:21:10.397834+00:00, execution_date=20250106T102110, start_date=20250106T102120, end_date=20250106T102122
[2025-01-06T10:21:22.088+0000] {local_task_job_runner.py:266} INFO - Task exited with return code 0
[2025-01-06T10:21:22.135+0000] {taskinstance.py:3895} INFO - 1 downstream tasks scheduled from follow-on schedule check
[2025-01-06T10:21:22.139+0000] {local_task_job_runner.py:245} INFO - ::endgroup::
