[2025-01-06T19:43:01.541+0000] {local_task_job_runner.py:123} INFO - ::group::Pre task execution logs
[2025-01-06T19:43:01.562+0000] {taskinstance.py:2613} INFO - Dependencies all met for dep_context=non-requeueable deps ti=<TaskInstance: kaggle_dag.get_data_from_kaggle manual__2025-01-06T19:42:54.814750+00:00 [queued]>
[2025-01-06T19:43:01.574+0000] {taskinstance.py:2613} INFO - Dependencies all met for dep_context=requeueable deps ti=<TaskInstance: kaggle_dag.get_data_from_kaggle manual__2025-01-06T19:42:54.814750+00:00 [queued]>
[2025-01-06T19:43:01.575+0000] {taskinstance.py:2866} INFO - Starting attempt 1 of 1
[2025-01-06T19:43:01.595+0000] {taskinstance.py:2889} INFO - Executing <Task(BashOperator): get_data_from_kaggle> on 2025-01-06 19:42:54.814750+00:00
[2025-01-06T19:43:01.600+0000] {warnings.py:112} WARNING - /home/***/.local/lib/python3.12/site-packages/***/task/task_runner/standard_task_runner.py:70: DeprecationWarning: This process (pid=122) is multi-threaded, use of fork() may lead to deadlocks in the child.
  pid = os.fork()

[2025-01-06T19:43:01.603+0000] {standard_task_runner.py:72} INFO - Started process 123 to run task
[2025-01-06T19:43:01.603+0000] {standard_task_runner.py:104} INFO - Running: ['***', 'tasks', 'run', 'kaggle_dag', 'get_data_from_kaggle', 'manual__2025-01-06T19:42:54.814750+00:00', '--job-id', '884', '--raw', '--subdir', 'DAGS_FOLDER/kaggle_dag.py', '--cfg-path', '/tmp/tmpph62o__u']
[2025-01-06T19:43:01.605+0000] {standard_task_runner.py:105} INFO - Job 884: Subtask get_data_from_kaggle
[2025-01-06T19:43:01.666+0000] {task_command.py:467} INFO - Running <TaskInstance: kaggle_dag.get_data_from_kaggle manual__2025-01-06T19:42:54.814750+00:00 [running]> on host 4837db6a7d72
[2025-01-06T19:43:01.789+0000] {taskinstance.py:3132} INFO - Exporting env vars: AIRFLOW_CTX_DAG_OWNER='***' AIRFLOW_CTX_DAG_ID='kaggle_dag' AIRFLOW_CTX_TASK_ID='get_data_from_kaggle' AIRFLOW_CTX_EXECUTION_DATE='2025-01-06T19:42:54.814750+00:00' AIRFLOW_CTX_TRY_NUMBER='1' AIRFLOW_CTX_DAG_RUN_ID='manual__2025-01-06T19:42:54.814750+00:00'
[2025-01-06T19:43:01.790+0000] {taskinstance.py:731} INFO - ::endgroup::
[2025-01-06T19:43:01.811+0000] {subprocess.py:78} INFO - Tmp dir root location: /tmp
[2025-01-06T19:43:01.812+0000] {subprocess.py:88} INFO - Running command: ['/usr/bin/bash', '-c', 'curl -L -o /opt/***/data/advertisement-click-on-ad.zip                  https://www.kaggle.com/api/v1/datasets/download/gabrielsantello/advertisement-click-on-ad\n               ']
[2025-01-06T19:43:01.824+0000] {subprocess.py:99} INFO - Output:
[2025-01-06T19:43:01.836+0000] {subprocess.py:106} INFO -   % Total    % Received % Xferd  Average Speed   Time    Time     Time  Current
[2025-01-06T19:43:01.837+0000] {subprocess.py:106} INFO -                                  Dload  Upload   Total   Spent    Left  Speed
[2025-01-06T19:43:02.617+0000] {subprocess.py:106} INFO -   0     0    0     0    0     0      0      0 --:--:-- --:--:-- --:--:--     0  0     0    0     0    0     0      0      0 --:--:-- --:--:-- --:--:--     0
[2025-01-06T19:43:04.315+0000] {subprocess.py:106} INFO -   0     0    0     0    0     0      0      0 --:--:--  0:00:01 --:--:--     0  6 40319    6  2747    0     0   1309      0  0:00:30  0:00:02  0:00:28  2536100 40319  100 40319    0     0  16258      0  0:00:02  0:00:02 --:--:-- 27521
[2025-01-06T19:43:04.325+0000] {subprocess.py:110} INFO - Command exited with return code 0
[2025-01-06T19:43:04.357+0000] {taskinstance.py:340} INFO - ::group::Post task execution logs
[2025-01-06T19:43:04.358+0000] {taskinstance.py:352} INFO - Marking task as SUCCESS. dag_id=kaggle_dag, task_id=get_data_from_kaggle, run_id=manual__2025-01-06T19:42:54.814750+00:00, execution_date=20250106T194254, start_date=20250106T194301, end_date=20250106T194304
[2025-01-06T19:43:04.390+0000] {local_task_job_runner.py:266} INFO - Task exited with return code 0
[2025-01-06T19:43:04.416+0000] {taskinstance.py:3895} INFO - 1 downstream tasks scheduled from follow-on schedule check
[2025-01-06T19:43:04.419+0000] {local_task_job_runner.py:245} INFO - ::endgroup::
