[2025-01-07T12:39:12.658+0000] {local_task_job_runner.py:123} INFO - ::group::Pre task execution logs
[2025-01-07T12:39:12.700+0000] {taskinstance.py:2613} INFO - Dependencies all met for dep_context=non-requeueable deps ti=<TaskInstance: kaggle_dag.get_data_from_kaggle manual__2025-01-07T12:39:02.424769+00:00 [queued]>
[2025-01-07T12:39:12.722+0000] {taskinstance.py:2613} INFO - Dependencies all met for dep_context=requeueable deps ti=<TaskInstance: kaggle_dag.get_data_from_kaggle manual__2025-01-07T12:39:02.424769+00:00 [queued]>
[2025-01-07T12:39:12.724+0000] {taskinstance.py:2866} INFO - Starting attempt 1 of 1
[2025-01-07T12:39:12.759+0000] {taskinstance.py:2889} INFO - Executing <Task(BashOperator): get_data_from_kaggle> on 2025-01-07 12:39:02.424769+00:00
[2025-01-07T12:39:12.770+0000] {warnings.py:112} WARNING - /home/***/.local/lib/python3.12/site-packages/***/task/task_runner/standard_task_runner.py:70: DeprecationWarning: This process (pid=103) is multi-threaded, use of fork() may lead to deadlocks in the child.
  pid = os.fork()

[2025-01-07T12:39:12.775+0000] {standard_task_runner.py:72} INFO - Started process 104 to run task
[2025-01-07T12:39:12.775+0000] {standard_task_runner.py:104} INFO - Running: ['***', 'tasks', 'run', 'kaggle_dag', 'get_data_from_kaggle', 'manual__2025-01-07T12:39:02.424769+00:00', '--job-id', '907', '--raw', '--subdir', 'DAGS_FOLDER/kaggle_dag.py', '--cfg-path', '/tmp/tmpqu_pm8xy']
[2025-01-07T12:39:12.778+0000] {standard_task_runner.py:105} INFO - Job 907: Subtask get_data_from_kaggle
[2025-01-07T12:39:12.891+0000] {task_command.py:467} INFO - Running <TaskInstance: kaggle_dag.get_data_from_kaggle manual__2025-01-07T12:39:02.424769+00:00 [running]> on host ad0bdb2925b5
[2025-01-07T12:39:13.073+0000] {taskinstance.py:3132} INFO - Exporting env vars: AIRFLOW_CTX_DAG_OWNER='***' AIRFLOW_CTX_DAG_ID='kaggle_dag' AIRFLOW_CTX_TASK_ID='get_data_from_kaggle' AIRFLOW_CTX_EXECUTION_DATE='2025-01-07T12:39:02.424769+00:00' AIRFLOW_CTX_TRY_NUMBER='1' AIRFLOW_CTX_DAG_RUN_ID='manual__2025-01-07T12:39:02.424769+00:00'
[2025-01-07T12:39:13.075+0000] {taskinstance.py:731} INFO - ::endgroup::
[2025-01-07T12:39:13.108+0000] {subprocess.py:78} INFO - Tmp dir root location: /tmp
[2025-01-07T12:39:13.111+0000] {subprocess.py:88} INFO - Running command: ['/usr/bin/bash', '-c', 'curl -L -o /opt/***/data/advertisement-click-on-ad.zip                  https://www.kaggle.com/api/v1/datasets/download/gabrielsantello/advertisement-click-on-ad\n               ']
[2025-01-07T12:39:13.132+0000] {subprocess.py:99} INFO - Output:
[2025-01-07T12:39:13.150+0000] {subprocess.py:106} INFO -   % Total    % Received % Xferd  Average Speed   Time    Time     Time  Current
[2025-01-07T12:39:13.152+0000] {subprocess.py:106} INFO -                                  Dload  Upload   Total   Spent    Left  Speed
[2025-01-07T12:39:13.767+0000] {subprocess.py:106} INFO -   0     0    0     0    0     0      0      0 --:--:-- --:--:-- --:--:--     0  0     0    0     0    0     0      0      0 --:--:-- --:--:-- --:--:--     0
[2025-01-07T12:39:16.007+0000] {subprocess.py:106} INFO -   0     0    0     0    0     0      0      0 --:--:-- --:--:-- --:--:--     0  0     0    0     0    0     0      0      0 --:--:--  0:00:01 --:--:--     0 64 40319   64 25958    0     0   9426      0  0:00:04  0:00:02  0:00:02 12255100 40319  100 40319    0     0  14108      0  0:00:02  0:00:02 --:--:-- 18145
[2025-01-07T12:39:16.015+0000] {subprocess.py:110} INFO - Command exited with return code 0
[2025-01-07T12:39:16.072+0000] {taskinstance.py:340} INFO - ::group::Post task execution logs
[2025-01-07T12:39:16.073+0000] {taskinstance.py:352} INFO - Marking task as SUCCESS. dag_id=kaggle_dag, task_id=get_data_from_kaggle, run_id=manual__2025-01-07T12:39:02.424769+00:00, execution_date=20250107T123902, start_date=20250107T123912, end_date=20250107T123916
[2025-01-07T12:39:16.136+0000] {local_task_job_runner.py:266} INFO - Task exited with return code 0
[2025-01-07T12:39:16.193+0000] {taskinstance.py:3895} INFO - 1 downstream tasks scheduled from follow-on schedule check
[2025-01-07T12:39:16.198+0000] {local_task_job_runner.py:245} INFO - ::endgroup::
